<?xml version="1.0" encoding="UTF-8"?>
<testsuite xmlns:xsi="http://www.w3.org/2001/XMLSchema-instance" xsi:noNamespaceSchemaLocation="https://maven.apache.org/surefire/maven-surefire-plugin/xsd/surefire-test-report-3.0.xsd" version="3.0" name="org.jgrapht.alg.matching.blossom.v5.KolmogorovWeightedMatchingTest" time="6.994" tests="912" errors="0" skipped="0" failures="0">
  <properties>
[...]
</properties>
  <testcase name="testGetMatching10[0]" classname="org.jgrapht.alg.matching.blossom.v5.KolmogorovWeightedMatchingTest" time="0"/>
  <testcase name="testGetMatching11[0]" classname="org.jgrapht.alg.matching.blossom.v5.KolmogorovWeightedMatchingTest" time="0"/>
  <testcase name="testGetMatching12[0]" classname="org.jgrapht.alg.matching.blossom.v5.KolmogorovWeightedMatchingTest" time="0"/>
  <testcase name="testGetMatching13[0]" classname="org.jgrapht.alg.matching.blossom.v5.KolmogorovWeightedMatchingTest" time="0"/>
  <testcase name="testGetMatching14[0]" classname="org.jgrapht.alg.matching.blossom.v5.KolmogorovWeightedMatchingTest" time="0"/>
  <testcase name="testGetMatching15[0]" classname="org.jgrapht.alg.matching.blossom.v5.KolmogorovWeightedMatchingTest" time="0.048"/>
  <testcase name="testGetMatching16[0]" classname="org.jgrapht.alg.matching.blossom.v5.KolmogorovWeightedMatchingTest" time="0.072"/>
  <testcase name="testGetMatching17[0]" classname="org.jgrapht.alg.matching.blossom.v5.KolmogorovWeightedMatchingTest" time="0.082"/>
  <testcase name="testGetMatching18[0]" classname="org.jgrapht.alg.matching.blossom.v5.KolmogorovWeightedMatchingTest" time="0.111"/>
  <testcase name="testGetMatching19[0]" classname="org.jgrapht.alg.matching.blossom.v5.KolmogorovWeightedMatchingTest" time="0.092"/>
  <testcase name="testGetMatching1[0]" classname="org.jgrapht.alg.matching.blossom.v5.KolmogorovWeightedMatchingTest" time="0.001"/>
  <testcase name="testGetMatching2[0]" classname="org.jgrapht.alg.matching.blossom.v5.KolmogorovWeightedMatchingTest" time="0.001"/>
  <testcase name="testGetMatching3[0]" classname="org.jgrapht.alg.matching.blossom.v5.KolmogorovWeightedMatchingTest" time="0.001"/>
  <testcase name="testGetMatching4[0]" classname="org.jgrapht.alg.matching.blossom.v5.KolmogorovWeightedMatchingTest" time="0.001"/>
  <testcase name="testGetMatching5[0]" classname="org.jgrapht.alg.matching.blossom.v5.KolmogorovWeightedMatchingTest" time="0.001"/>
  <testcase name="testGetMatching6[0]" classname="org.jgrapht.alg.matching.blossom.v5.KolmogorovWeightedMatchingTest" time="0.007"/>
  <testcase name="testGetMatching7[0]" classname="org.jgrapht.alg.matching.blossom.v5.KolmogorovWeightedMatchingTest" time="0.108"/>
  <testcase name="testGetMatching8[0]" classname="org.jgrapht.alg.matching.blossom.v5.KolmogorovWeightedMatchingTest" time="0"/>
  <testcase name="testGetMatching9[0]" classname="org.jgrapht.alg.matching.blossom.v5.KolmogorovWeightedMatchingTest" time="0.001"/>
  <testcase name="testGetMatching10[1]" classname="org.jgrapht.alg.matching.blossom.v5.KolmogorovWeightedMatchingTest" time="0.004"/>
  <testcase name="testGetMatching11[1]" classname="org.jgrapht.alg.matching.blossom.v5.KolmogorovWeightedMatchingTest" time="0.005"/>
  <testcase name="testGetMatching12[1]" classname="org.jgrapht.alg.matching.blossom.v5.KolmogorovWeightedMatchingTest" time="0.003"/>
  <testcase name="testGetMatching13[1]" classname="org.jgrapht.alg.matching.blossom.v5.KolmogorovWeightedMatchingTest" time="0.004"/>
  <testcase name="testGetMatching14[1]" classname="org.jgrapht.alg.matching.blossom.v5.KolmogorovWeightedMatchingTest" time="0.009"/>
  <testcase name="testGetMatching15[1]" classname="org.jgrapht.alg.matching.blossom.v5.KolmogorovWeightedMatchingTest" time="0.026"/>
  <testcase name="testGetMatching16[1]" classname="org.jgrapht.alg.matching.blossom.v5.KolmogorovWeightedMatchingTest" time="0.042"/>
  <testcase name="testGetMatching17[1]" classname="org.jgrapht.alg.matching.blossom.v5.KolmogorovWeightedMatchingTest" time="0.036"/>
  <testcase name="testGetMatching18[1]" classname="org.jgrapht.alg.matching.blossom.v5.KolmogorovWeightedMatchingTest" time="0.142"/>
  <testcase name="testGetMatching19[1]" classname="org.jgrapht.alg.matching.blossom.v5.KolmogorovWeightedMatchingTest" time="0.062"/>
  <testcase name="testGetMatching1[1]" classname="org.jgrapht.alg.matching.blossom.v5.KolmogorovWeightedMatchingTest" time="0.001"/>
  <testcase name="testGetMatching2[1]" classname="org.jgrapht.alg.matching.blossom.v5.KolmogorovWeightedMatchingTest" time="0"/>
  <testcase name="testGetMatching3[1]" classname="org.jgrapht.alg.matching.blossom.v5.KolmogorovWeightedMatchingTest" time="0"/>
  <testcase name="testGetMatching4[1]" classname="org.jgrapht.alg.matching.blossom.v5.KolmogorovWeightedMatchingTest" time="0.003"/>
  <testcase name="testGetMatching5[1]" classname="org.jgrapht.alg.matching.blossom.v5.KolmogorovWeightedMatchingTest" time="0.001"/>
  <testcase name="testGetMatching6[1]" classname="org.jgrapht.alg.matching.blossom.v5.KolmogorovWeightedMatchingTest" time="0.007"/>
  <testcase name="testGetMatching7[1]" classname="org.jgrapht.alg.matching.blossom.v5.KolmogorovWeightedMatchingTest" time="0.151"/>
  <testcase name="testGetMatching8[1]" classname="org.jgrapht.alg.matching.blossom.v5.KolmogorovWeightedMatchingTest" time="0.001"/>
  <testcase name="testGetMatching9[1]" classname="org.jgrapht.alg.matching.blossom.v5.KolmogorovWeightedMatchingTest" time="0.002"/>
  <testcase name="testGetMatching10[2]" classname="org.jgrapht.alg.matching.blossom.v5.KolmogorovWeightedMatchingTest" time="0.008"/>
  <testcase name="testGetMatching11[2]" classname="org.jgrapht.alg.matching.blossom.v5.KolmogorovWeightedMatchingTest" time="0.004"/>
  <testcase name="testGetMatching12[2]" classname="org.jgrapht.alg.matching.blossom.v5.KolmogorovWeightedMatchingTest" time="0.003"/>
  <testcase name="testGetMatching13[2]" classname="org.jgrapht.alg.matching.blossom.v5.KolmogorovWeightedMatchingTest" time="0.003"/>
  <testcase name="testGetMatching14[2]" classname="org.jgrapht.alg.matching.blossom.v5.KolmogorovWeightedMatchingTest" time="0.007"/>
  <testcase name="testGetMatching15[2]" classname="org.jgrapht.alg.matching.blossom.v5.KolmogorovWeightedMatchingTest" time="0.01"/>
  <testcase name="testGetMatching16[2]" classname="org.jgrapht.alg.matching.blossom.v5.KolmogorovWeightedMatchingTest" time="0.016"/>
  <testcase name="testGetMatching17[2]" classname="org.jgrapht.alg.matching.blossom.v5.KolmogorovWeightedMatchingTest" time="0.027"/>
  <testcase name="testGetMatching18[2]" classname="org.jgrapht.alg.matching.blossom.v5.KolmogorovWeightedMatchingTest" time="0.048"/>
  <testcase name="testGetMatching19[2]" classname="org.jgrapht.alg.matching.blossom.v5.KolmogorovWeightedMatchingTest" time="0.063"/>
  <testcase name="testGetMatching1[2]" classname="org.jgrapht.alg.matching.blossom.v5.KolmogorovWeightedMatchingTest" time="0.001"/>
  <testcase name="testGetMatching2[2]" classname="org.jgrapht.alg.matching.blossom.v5.KolmogorovWeightedMatchingTest" time="0.001"/>
  <testcase name="testGetMatching3[2]" classname="org.jgrapht.alg.matching.blossom.v5.KolmogorovWeightedMatchingTest" time="0"/>
  <testcase name="testGetMatching4[2]" classname="org.jgrapht.alg.matching.blossom.v5.KolmogorovWeightedMatchingTest" time="0.002"/>
  <testcase name="testGetMatching5[2]" classname="org.jgrapht.alg.matching.blossom.v5.KolmogorovWeightedMatchingTest" time="0.001"/>
  <testcase name="testGetMatching6[2]" classname="org.jgrapht.alg.matching.blossom.v5.KolmogorovWeightedMatchingTest" time="0.002"/>
  <testcase name="testGetMatching7[2]" classname="org.jgrapht.alg.matching.blossom.v5.KolmogorovWeightedMatchingTest" time="0.009"/>
  <testcase name="testGetMatching8[2]" classname="org.jgrapht.alg.matching.blossom.v5.KolmogorovWeightedMatchingTest" time="0.001"/>
  <testcase name="testGetMatching9[2]" classname="org.jgrapht.alg.matching.blossom.v5.KolmogorovWeightedMatchingTest" time="0.001"/>
  <testcase name="testGetMatching10[3]" classname="org.jgrapht.alg.matching.blossom.v5.KolmogorovWeightedMatchingTest" time="0.001"/>
  <testcase name="testGetMatching11[3]" classname="org.jgrapht.alg.matching.blossom.v5.KolmogorovWeightedMatchingTest" time="0.002"/>
  <testcase name="testGetMatching12[3]" classname="org.jgrapht.alg.matching.blossom.v5.KolmogorovWeightedMatchingTest" time="0.002"/>
  <testcase name="testGetMatching13[3]" classname="org.jgrapht.alg.matching.blossom.v5.KolmogorovWeightedMatchingTest" time="0.001"/>
  <testcase name="testGetMatching14[3]" classname="org.jgrapht.alg.matching.blossom.v5.KolmogorovWeightedMatchingTest" time="0.003"/>
  <testcase name="testGetMatching15[3]" classname="org.jgrapht.alg.matching.blossom.v5.KolmogorovWeightedMatchingTest" time="0.008"/>
  <testcase name="testGetMatching16[3]" classname="org.jgrapht.alg.matching.blossom.v5.KolmogorovWeightedMatchingTest" time="0.01"/>
  <testcase name="testGetMatching17[3]" classname="org.jgrapht.alg.matching.blossom.v5.KolmogorovWeightedMatchingTest" time="0.021"/>
  <testcase name="testGetMatching18[3]" classname="org.jgrapht.alg.matching.blossom.v5.KolmogorovWeightedMatchingTest" time="0.04"/>
  <testcase name="testGetMatching19[3]" classname="org.jgrapht.alg.matching.blossom.v5.KolmogorovWeightedMatchingTest" time="0.055"/>
  <testcase name="testGetMatching1[3]" classname="org.jgrapht.alg.matching.blossom.v5.KolmogorovWeightedMatchingTest" time="0"/>
  <testcase name="testGetMatching2[3]" classname="org.jgrapht.alg.matching.blossom.v5.KolmogorovWeightedMatchingTest" time="0.001"/>
  <testcase name="testGetMatching3[3]" classname="org.jgrapht.alg.matching.blossom.v5.KolmogorovWeightedMatchingTest" time="0"/>
  <testcase name="testGetMatching4[3]" classname="org.jgrapht.alg.matching.blossom.v5.KolmogorovWeightedMatchingTest" time="0.001"/>
  <testcase name="testGetMatching5[3]" classname="org.jgrapht.alg.matching.blossom.v5.KolmogorovWeightedMatchingTest" time="0"/>
  <testcase name="testGetMatching6[3]" classname="org.jgrapht.alg.matching.blossom.v5.KolmogorovWeightedMatchingTest" time="0.002"/>
  <testcase name="testGetMatching7[3]" classname="org.jgrapht.alg.matching.blossom.v5.KolmogorovWeightedMatchingTest" time="0.009"/>
  <testcase name="testGetMatching8[3]" classname="org.jgrapht.alg.matching.blossom.v5.KolmogorovWeightedMatchingTest" time="0"/>
  <testcase name="testGetMatching9[3]" classname="org.jgrapht.alg.matching.blossom.v5.KolmogorovWeightedMatchingTest" time="0.001"/>
  <testcase name="testGetMatching10[4]" classname="org.jgrapht.alg.matching.blossom.v5.KolmogorovWeightedMatchingTest" time="0.001"/>
  <testcase name="testGetMatching11[4]" classname="org.jgrapht.alg.matching.blossom.v5.KolmogorovWeightedMatchingTest" time="0.002"/>
  <testcase name="testGetMatching12[4]" classname="org.jgrapht.alg.matching.blossom.v5.KolmogorovWeightedMatchingTest" time="0.006"/>
  <testcase name="testGetMatching13[4]" classname="org.jgrapht.alg.matching.blossom.v5.KolmogorovWeightedMatchingTest" time="0.003"/>
  <testcase name="testGetMatching14[4]" classname="org.jgrapht.alg.matching.blossom.v5.KolmogorovWeightedMatchingTest" time="0.006"/>
  <testcase name="testGetMatching15[4]" classname="org.jgrapht.alg.matching.blossom.v5.KolmogorovWeightedMatchingTest" time="0.032"/>
  <testcase name="testGetMatching16[4]" classname="org.jgrapht.alg.matching.blossom.v5.KolmogorovWeightedMatchingTest" time="0.037"/>
  <testcase name="testGetMatching17[4]" classname="org.jgrapht.alg.matching.blossom.v5.KolmogorovWeightedMatchingTest" time="0.053"/>
  <testcase name="testGetMatching18[4]" classname="org.jgrapht.alg.matching.blossom.v5.KolmogorovWeightedMatchingTest" time="0.076"/>
  <testcase name="testGetMatching19[4]" classname="org.jgrapht.alg.matching.blossom.v5.KolmogorovWeightedMatchingTest" time="0.061"/>
  <testcase name="testGetMatching1[4]" classname="org.jgrapht.alg.matching.blossom.v5.KolmogorovWeightedMatchingTest" time="0.001"/>
  <testcase name="testGetMatching2[4]" classname="org.jgrapht.alg.matching.blossom.v5.KolmogorovWeightedMatchingTest" time="0"/>
  <testcase name="testGetMatching3[4]" classname="org.jgrapht.alg.matching.blossom.v5.KolmogorovWeightedMatchingTest" time="0"/>
  <testcase name="testGetMatching4[4]" classname="org.jgrapht.alg.matching.blossom.v5.KolmogorovWeightedMatchingTest" time="0.001"/>
  <testcase name="testGetMatching5[4]" classname="org.jgrapht.alg.matching.blossom.v5.KolmogorovWeightedMatchingTest" time="0"/>
  <testcase name="testGetMatching6[4]" classname="org.jgrapht.alg.matching.blossom.v5.KolmogorovWeightedMatchingTest" time="0.003"/>
  <testcase name="testGetMatching7[4]" classname="org.jgrapht.alg.matching.blossom.v5.KolmogorovWeightedMatchingTest" time="0.078"/>
  <testcase name="testGetMatching8[4]" classname="org.jgrapht.alg.matching.blossom.v5.KolmogorovWeightedMatchingTest" time="0"/>
  <testcase name="testGetMatching9[4]" classname="org.jgrapht.alg.matching.blossom.v5.KolmogorovWeightedMatchingTest" time="0"/>
  <testcase name="testGetMatching10[5]" classname="org.jgrapht.alg.matching.blossom.v5.KolmogorovWeightedMatchingTest" time="0.002"/>
  <testcase name="testGetMatching11[5]" classname="org.jgrapht.alg.matching.blossom.v5.KolmogorovWeightedMatchingTest" time="0.003"/>
  <testcase name="testGetMatching12[5]" classname="org.jgrapht.alg.matching.blossom.v5.KolmogorovWeightedMatchingTest" time="0.003"/>
  <testcase name="testGetMatching13[5]" classname="org.jgrapht.alg.matching.blossom.v5.KolmogorovWeightedMatchingTest" time="0.003"/>
  <testcase name="testGetMatching14[5]" classname="org.jgrapht.alg.matching.blossom.v5.KolmogorovWeightedMatchingTest" time="0.005"/>
  <testcase name="testGetMatching15[5]" classname="org.jgrapht.alg.matching.blossom.v5.KolmogorovWeightedMatchingTest" time="0.02"/>
  <testcase name="testGetMatching16[5]" classname="org.jgrapht.alg.matching.blossom.v5.KolmogorovWeightedMatchingTest" time="0.03"/>
  <testcase name="testGetMatching17[5]" classname="org.jgrapht.alg.matching.blossom.v5.KolmogorovWeightedMatchingTest" time="0.027"/>
  <testcase name="testGetMatching18[5]" classname="org.jgrapht.alg.matching.blossom.v5.KolmogorovWeightedMatchingTest" time="0.131"/>
  <testcase name="testGetMatching19[5]" classname="org.jgrapht.alg.matching.blossom.v5.KolmogorovWeightedMatchingTest" time="0.076"/>
  <testcase name="testGetMatching1[5]" classname="org.jgrapht.alg.matching.blossom.v5.KolmogorovWeightedMatchingTest" time="0.001"/>
  <testcase name="testGetMatching2[5]" classname="org.jgrapht.alg.matching.blossom.v5.KolmogorovWeightedMatchingTest" time="0"/>
  <testcase name="testGetMatching3[5]" classname="org.jgrapht.alg.matching.blossom.v5.KolmogorovWeightedMatchingTest" time="0.001"/>
  <testcase name="testGetMatching4[5]" classname="org.jgrapht.alg.matching.blossom.v5.KolmogorovWeightedMatchingTest" time="0.001"/>
  <testcase name="testGetMatching5[5]" classname="org.jgrapht.alg.matching.blossom.v5.KolmogorovWeightedMatchingTest" time="0"/>
  <testcase name="testGetMatching6[5]" classname="org.jgrapht.alg.matching.blossom.v5.KolmogorovWeightedMatchingTest" time="0.009"/>
  <testcase name="testGetMatching7[5]" classname="org.jgrapht.alg.matching.blossom.v5.KolmogorovWeightedMatchingTest" time="0.111"/>
  <testcase name="testGetMatching8[5]" classname="org.jgrapht.alg.matching.blossom.v5.KolmogorovWeightedMatchingTest" time="0.001"/>
  <testcase name="testGetMatching9[5]" classname="org.jgrapht.alg.matching.blossom.v5.KolmogorovWeightedMatchingTest" time="0.001"/>
  <testcase name="testGetMatching10[6]" classname="org.jgrapht.alg.matching.blossom.v5.KolmogorovWeightedMatchingTest" time="0.002"/>
  <testcase name="testGetMatching11[6]" classname="org.jgrapht.alg.matching.blossom.v5.KolmogorovWeightedMatchingTest" time="0.003"/>
  <testcase name="testGetMatching12[6]" classname="org.jgrapht.alg.matching.blossom.v5.KolmogorovWeightedMatchingTest" time="0.004"/>
  <testcase name="testGetMatching13[6]" classname="org.jgrapht.alg.matching.blossom.v5.KolmogorovWeightedMatchingTest" time="0.004"/>
  <testcase name="testGetMatching14[6]" classname="org.jgrapht.alg.matching.blossom.v5.KolmogorovWeightedMatchingTest" time="0.008"/>
  <testcase name="testGetMatching15[6]" classname="org.jgrapht.alg.matching.blossom.v5.KolmogorovWeightedMatchingTest" time="0.011"/>
  <testcase name="testGetMatching16[6]" classname="org.jgrapht.alg.matching.blossom.v5.KolmogorovWeightedMatchingTest" time="0.019"/>
  <testcase name="testGetMatching17[6]" classname="org.jgrapht.alg.matching.blossom.v5.KolmogorovWeightedMatchingTest" time="0.029"/>
  <testcase name="testGetMatching18[6]" classname="org.jgrapht.alg.matching.blossom.v5.KolmogorovWeightedMatchingTest" time="0.044"/>
  <testcase name="testGetMatching19[6]" classname="org.jgrapht.alg.matching.blossom.v5.KolmogorovWeightedMatchingTest" time="0.06"/>
  <testcase name="testGetMatching1[6]" classname="org.jgrapht.alg.matching.blossom.v5.KolmogorovWeightedMatchingTest" time="0.002"/>
  <testcase name="testGetMatching2[6]" classname="org.jgrapht.alg.matching.blossom.v5.KolmogorovWeightedMatchingTest" time="0"/>
  <testcase name="testGetMatching3[6]" classname="org.jgrapht.alg.matching.blossom.v5.KolmogorovWeightedMatchingTest" time="0.001"/>
  <testcase name="testGetMatching4[6]" classname="org.jgrapht.alg.matching.blossom.v5.KolmogorovWeightedMatchingTest" time="0"/>
  <testcase name="testGetMatching5[6]" classname="org.jgrapht.alg.matching.blossom.v5.KolmogorovWeightedMatchingTest" time="0.001"/>
  <testcase name="testGetMatching6[6]" classname="org.jgrapht.alg.matching.blossom.v5.KolmogorovWeightedMatchingTest" time="0.003"/>
  <testcase name="testGetMatching7[6]" classname="org.jgrapht.alg.matching.blossom.v5.KolmogorovWeightedMatchingTest" time="0.005"/>
  <testcase name="testGetMatching8[6]" classname="org.jgrapht.alg.matching.blossom.v5.KolmogorovWeightedMatchingTest" time="0.001"/>
  <testcase name="testGetMatching9[6]" classname="org.jgrapht.alg.matching.blossom.v5.KolmogorovWeightedMatchingTest" time="0"/>
  <testcase name="testGetMatching10[7]" classname="org.jgrapht.alg.matching.blossom.v5.KolmogorovWeightedMatchingTest" time="0.001"/>
  <testcase name="testGetMatching11[7]" classname="org.jgrapht.alg.matching.blossom.v5.KolmogorovWeightedMatchingTest" time="0.002"/>
  <testcase name="testGetMatching12[7]" classname="org.jgrapht.alg.matching.blossom.v5.KolmogorovWeightedMatchingTest" time="0.002"/>
  <testcase name="testGetMatching13[7]" classname="org.jgrapht.alg.matching.blossom.v5.KolmogorovWeightedMatchingTest" time="0.002"/>
  <testcase name="testGetMatching14[7]" classname="org.jgrapht.alg.matching.blossom.v5.KolmogorovWeightedMatchingTest" time="0.006"/>
  <testcase name="testGetMatching15[7]" classname="org.jgrapht.alg.matching.blossom.v5.KolmogorovWeightedMatchingTest" time="0.013"/>
  <testcase name="testGetMatching16[7]" classname="org.jgrapht.alg.matching.blossom.v5.KolmogorovWeightedMatchingTest" time="0.012"/>
  <testcase name="testGetMatching17[7]" classname="org.jgrapht.alg.matching.blossom.v5.KolmogorovWeightedMatchingTest" time="0.025"/>
  <testcase name="testGetMatching18[7]" classname="org.jgrapht.alg.matching.blossom.v5.KolmogorovWeightedMatchingTest" time="0.037"/>
  <testcase name="testGetMatching19[7]" classname="org.jgrapht.alg.matching.blossom.v5.KolmogorovWeightedMatchingTest" time="0.062"/>
  <testcase name="testGetMatching1[7]" classname="org.jgrapht.alg.matching.blossom.v5.KolmogorovWeightedMatchingTest" time="0.001"/>
  <testcase name="testGetMatching2[7]" classname="org.jgrapht.alg.matching.blossom.v5.KolmogorovWeightedMatchingTest" time="0"/>
  <testcase name="testGetMatching3[7]" classname="org.jgrapht.alg.matching.blossom.v5.KolmogorovWeightedMatchingTest" time="0"/>
  <testcase name="testGetMatching4[7]" classname="org.jgrapht.alg.matching.blossom.v5.KolmogorovWeightedMatchingTest" time="0.001"/>
  <testcase name="testGetMatching5[7]" classname="org.jgrapht.alg.matching.blossom.v5.KolmogorovWeightedMatchingTest" time="0"/>
  <testcase name="testGetMatching6[7]" classname="org.jgrapht.alg.matching.blossom.v5.KolmogorovWeightedMatchingTest" time="0.006"/>
  <testcase name="testGetMatching7[7]" classname="org.jgrapht.alg.matching.blossom.v5.KolmogorovWeightedMatchingTest" time="0.012"/>
  <testcase name="testGetMatching8[7]" classname="org.jgrapht.alg.matching.blossom.v5.KolmogorovWeightedMatchingTest" time="0.001"/>
  <testcase name="testGetMatching9[7]" classname="org.jgrapht.alg.matching.blossom.v5.KolmogorovWeightedMatchingTest" time="0"/>
  <testcase name="testGetMatching10[8]" classname="org.jgrapht.alg.matching.blossom.v5.KolmogorovWeightedMatchingTest" time="0.001"/>
  <testcase name="testGetMatching11[8]" classname="org.jgrapht.alg.matching.blossom.v5.KolmogorovWeightedMatchingTest" time="0.005"/>
  <testcase name="testGetMatching12[8]" classname="org.jgrapht.alg.matching.blossom.v5.KolmogorovWeightedMatchingTest" time="0.002"/>
  <testcase name="testGetMatching13[8]" classname="org.jgrapht.alg.matching.blossom.v5.KolmogorovWeightedMatchingTest" time="0.001"/>
  <testcase name="testGetMatching14[8]" classname="org.jgrapht.alg.matching.blossom.v5.KolmogorovWeightedMatchingTest" time="0.003"/>
  <testcase name="testGetMatching15[8]" classname="org.jgrapht.alg.matching.blossom.v5.KolmogorovWeightedMatchingTest" time="0.036"/>
  <testcase name="testGetMatching16[8]" classname="org.jgrapht.alg.matching.blossom.v5.KolmogorovWeightedMatchingTest" time="0.039"/>
  <testcase name="testGetMatching17[8]" classname="org.jgrapht.alg.matching.blossom.v5.KolmogorovWeightedMatchingTest" time="0.045"/>
  <testcase name="testGetMatching18[8]" classname="org.jgrapht.alg.matching.blossom.v5.KolmogorovWeightedMatchingTest" time="0.08"/>
  <testcase name="testGetMatching19[8]" classname="org.jgrapht.alg.matching.blossom.v5.KolmogorovWeightedMatchingTest" time="0.065"/>
  <testcase name="testGetMatching1[8]" classname="org.jgrapht.alg.matching.blossom.v5.KolmogorovWeightedMatchingTest" time="0"/>
  <testcase name="testGetMatching2[8]" classname="org.jgrapht.alg.matching.blossom.v5.KolmogorovWeightedMatchingTest" time="0.001"/>
  <testcase name="testGetMatching3[8]" classname="org.jgrapht.alg.matching.blossom.v5.KolmogorovWeightedMatchingTest" time="0"/>
  <testcase name="testGetMatching4[8]" classname="org.jgrapht.alg.matching.blossom.v5.KolmogorovWeightedMatchingTest" time="0.001"/>
  <testcase name="testGetMatching5[8]" classname="org.jgrapht.alg.matching.blossom.v5.KolmogorovWeightedMatchingTest" time="0.001"/>
  <testcase name="testGetMatching6[8]" classname="org.jgrapht.alg.matching.blossom.v5.KolmogorovWeightedMatchingTest" time="0.004"/>
  <testcase name="testGetMatching7[8]" classname="org.jgrapht.alg.matching.blossom.v5.KolmogorovWeightedMatchingTest" time="0.076"/>
  <testcase name="testGetMatching8[8]" classname="org.jgrapht.alg.matching.blossom.v5.KolmogorovWeightedMatchingTest" time="0"/>
  <testcase name="testGetMatching9[8]" classname="org.jgrapht.alg.matching.blossom.v5.KolmogorovWeightedMatchingTest" time="0"/>
  <testcase name="testGetMatching10[9]" classname="org.jgrapht.alg.matching.blossom.v5.KolmogorovWeightedMatchingTest" time="0.001"/>
  <testcase name="testGetMatching11[9]" classname="org.jgrapht.alg.matching.blossom.v5.KolmogorovWeightedMatchingTest" time="0.003"/>
  <testcase name="testGetMatching12[9]" classname="org.jgrapht.alg.matching.blossom.v5.KolmogorovWeightedMatchingTest" time="0.005"/>
  <testcase name="testGetMatching13[9]" classname="org.jgrapht.alg.matching.blossom.v5.KolmogorovWeightedMatchingTest" time="0.006"/>
  <testcase name="testGetMatching14[9]" classname="org.jgrapht.alg.matching.blossom.v5.KolmogorovWeightedMatchingTest" time="0.006"/>
  <testcase name="testGetMatching15[9]" classname="org.jgrapht.alg.matching.blossom.v5.KolmogorovWeightedMatchingTest" time="0.025"/>
  <testcase name="testGetMatching16[9]" classname="org.jgrapht.alg.matching.blossom.v5.KolmogorovWeightedMatchingTest" time="0.032"/>
  <testcase name="testGetMatching17[9]" classname="org.jgrapht.alg.matching.blossom.v5.KolmogorovWeightedMatchingTest" time="0.036"/>
  <testcase name="testGetMatching18[9]" classname="org.jgrapht.alg.matching.blossom.v5.KolmogorovWeightedMatchingTest" time="0.13"/>
  <testcase name="testGetMatching19[9]" classname="org.jgrapht.alg.matching.blossom.v5.KolmogorovWeightedMatchingTest" time="0.058"/>
  <testcase name="testGetMatching1[9]" classname="org.jgrapht.alg.matching.blossom.v5.KolmogorovWeightedMatchingTest" time="0.001"/>
  <testcase name="testGetMatching2[9]" classname="org.jgrapht.alg.matching.blossom.v5.KolmogorovWeightedMatchingTest" time="0.001"/>
  <testcase name="testGetMatching3[9]" classname="org.jgrapht.alg.matching.blossom.v5.KolmogorovWeightedMatchingTest" time="0"/>
  <testcase name="testGetMatching4[9]" classname="org.jgrapht.alg.matching.blossom.v5.KolmogorovWeightedMatchingTest" time="0.001"/>
  <testcase name="testGetMatching5[9]" classname="org.jgrapht.alg.matching.blossom.v5.KolmogorovWeightedMatchingTest" time="0"/>
  <testcase name="testGetMatching6[9]" classname="org.jgrapht.alg.matching.blossom.v5.KolmogorovWeightedMatchingTest" time="0.007"/>
  <testcase name="testGetMatching7[9]" classname="org.jgrapht.alg.matching.blossom.v5.KolmogorovWeightedMatchingTest" time="0.113"/>
  <testcase name="testGetMatching8[9]" classname="org.jgrapht.alg.matching.blossom.v5.KolmogorovWeightedMatchingTest" time="0"/>
  <testcase name="testGetMatching9[9]" classname="org.jgrapht.alg.matching.blossom.v5.KolmogorovWeightedMatchingTest" time="0.001"/>
  <testcase name="testGetMatching10[10]" classname="org.jgrapht.alg.matching.blossom.v5.KolmogorovWeightedMatchingTest" time="0.001"/>
  <testcase name="testGetMatching11[10]" classname="org.jgrapht.alg.matching.blossom.v5.KolmogorovWeightedMatchingTest" time="0.002"/>
  <testcase name="testGetMatching12[10]" classname="org.jgrapht.alg.matching.blossom.v5.KolmogorovWeightedMatchingTest" time="0.002"/>
  <testcase name="testGetMatching13[10]" classname="org.jgrapht.alg.matching.blossom.v5.KolmogorovWeightedMatchingTest" time="0.001"/>
  <testcase name="testGetMatching14[10]" classname="org.jgrapht.alg.matching.blossom.v5.KolmogorovWeightedMatchingTest" time="0.003"/>
  <testcase name="testGetMatching15[10]" classname="org.jgrapht.alg.matching.blossom.v5.KolmogorovWeightedMatchingTest" time="0.008"/>
  <testcase name="testGetMatching16[10]" classname="org.jgrapht.alg.matching.blossom.v5.KolmogorovWeightedMatchingTest" time="0.015"/>
  <testcase name="testGetMatching17[10]" classname="org.jgrapht.alg.matching.blossom.v5.KolmogorovWeightedMatchingTest" time="0.021"/>
  <testcase name="testGetMatching18[10]" classname="org.jgrapht.alg.matching.blossom.v5.KolmogorovWeightedMatchingTest" time="0.041"/>
  <testcase name="testGetMatching19[10]" classname="org.jgrapht.alg.matching.blossom.v5.KolmogorovWeightedMatchingTest" time="0.055"/>
  <testcase name="testGetMatching1[10]" classname="org.jgrapht.alg.matching.blossom.v5.KolmogorovWeightedMatchingTest" time="0.001"/>
  <testcase name="testGetMatching2[10]" classname="org.jgrapht.alg.matching.blossom.v5.KolmogorovWeightedMatchingTest" time="0"/>
  <testcase name="testGetMatching3[10]" classname="org.jgrapht.alg.matching.blossom.v5.KolmogorovWeightedMatchingTest" time="0"/>
  <testcase name="testGetMatching4[10]" classname="org.jgrapht.alg.matching.blossom.v5.KolmogorovWeightedMatchingTest" time="0.001"/>
  <testcase name="testGetMatching5[10]" classname="org.jgrapht.alg.matching.blossom.v5.KolmogorovWeightedMatchingTest" time="0.001"/>
  <testcase name="testGetMatching6[10]" classname="org.jgrapht.alg.matching.blossom.v5.KolmogorovWeightedMatchingTest" time="0.003"/>
  <testcase name="testGetMatching7[10]" classname="org.jgrapht.alg.matching.blossom.v5.KolmogorovWeightedMatchingTest" time="0.011"/>
  <testcase name="testGetMatching8[10]" classname="org.jgrapht.alg.matching.blossom.v5.KolmogorovWeightedMatchingTest" time="0"/>
  <testcase name="testGetMatching9[10]" classname="org.jgrapht.alg.matching.blossom.v5.KolmogorovWeightedMatchingTest" time="0.001"/>
  <testcase name="testGetMatching10[11]" classname="org.jgrapht.alg.matching.blossom.v5.KolmogorovWeightedMatchingTest" time="0.001"/>
  <testcase name="testGetMatching11[11]" classname="org.jgrapht.alg.matching.blossom.v5.KolmogorovWeightedMatchingTest" time="0.001"/>
  <testcase name="testGetMatching12[11]" classname="org.jgrapht.alg.matching.blossom.v5.KolmogorovWeightedMatchingTest" time="0.002"/>
  <testcase name="testGetMatching13[11]" classname="org.jgrapht.alg.matching.blossom.v5.KolmogorovWeightedMatchingTest" time="0.002"/>
  <testcase name="testGetMatching14[11]" classname="org.jgrapht.alg.matching.blossom.v5.KolmogorovWeightedMatchingTest" time="0.004"/>
  <testcase name="testGetMatching15[11]" classname="org.jgrapht.alg.matching.blossom.v5.KolmogorovWeightedMatchingTest" time="0.007"/>
  <testcase name="testGetMatching16[11]" classname="org.jgrapht.alg.matching.blossom.v5.KolmogorovWeightedMatchingTest" time="0.016"/>
  <testcase name="testGetMatching17[11]" classname="org.jgrapht.alg.matching.blossom.v5.KolmogorovWeightedMatchingTest" time="0.023"/>
  <testcase name="testGetMatching18[11]" classname="org.jgrapht.alg.matching.blossom.v5.KolmogorovWeightedMatchingTest" time="0.036"/>
  <testcase name="testGetMatching19[11]" classname="org.jgrapht.alg.matching.blossom.v5.KolmogorovWeightedMatchingTest" time="0.077"/>
  <testcase name="testGetMatching1[11]" classname="org.jgrapht.alg.matching.blossom.v5.KolmogorovWeightedMatchingTest" time="0.001"/>
  <testcase name="testGetMatching2[11]" classname="org.jgrapht.alg.matching.blossom.v5.KolmogorovWeightedMatchingTest" time="0"/>
  <testcase name="testGetMatching3[11]" classname="org.jgrapht.alg.matching.blossom.v5.KolmogorovWeightedMatchingTest" time="0"/>
  <testcase name="testGetMatching4[11]" classname="org.jgrapht.alg.matching.blossom.v5.KolmogorovWeightedMatchingTest" time="0"/>
  <testcase name="testGetMatching5[11]" classname="org.jgrapht.alg.matching.blossom.v5.KolmogorovWeightedMatchingTest" time="0.001"/>
  <testcase name="testGetMatching6[11]" classname="org.jgrapht.alg.matching.blossom.v5.KolmogorovWeightedMatchingTest" time="0.002"/>
  <testcase name="testGetMatching7[11]" classname="org.jgrapht.alg.matching.blossom.v5.KolmogorovWeightedMatchingTest" time="0.006"/>
  <testcase name="testGetMatching8[11]" classname="org.jgrapht.alg.matching.blossom.v5.KolmogorovWeightedMatchingTest" time="0"/>
  <testcase name="testGetMatching9[11]" classname="org.jgrapht.alg.matching.blossom.v5.KolmogorovWeightedMatchingTest" time="0"/>
  <testcase name="testGetMatching10[12]" classname="org.jgrapht.alg.matching.blossom.v5.KolmogorovWeightedMatchingTest" time="0.001"/>
  <testcase name="testGetMatching11[12]" classname="org.jgrapht.alg.matching.blossom.v5.KolmogorovWeightedMatchingTest" time="0.003"/>
  <testcase name="testGetMatching12[12]" classname="org.jgrapht.alg.matching.blossom.v5.KolmogorovWeightedMatchingTest" time="0.004"/>
  <testcase name="testGetMatching13[12]" classname="org.jgrapht.alg.matching.blossom.v5.KolmogorovWeightedMatchingTest" time="0.002"/>
  <testcase name="testGetMatching14[12]" classname="org.jgrapht.alg.matching.blossom.v5.KolmogorovWeightedMatchingTest" time="0.004"/>
  <testcase name="testGetMatching15[12]" classname="org.jgrapht.alg.matching.blossom.v5.KolmogorovWeightedMatchingTest" time="0.024"/>
  <testcase name="testGetMatching16[12]" classname="org.jgrapht.alg.matching.blossom.v5.KolmogorovWeightedMatchingTest" time="0.033"/>
  <testcase name="testGetMatching17[12]" classname="org.jgrapht.alg.matching.blossom.v5.KolmogorovWeightedMatchingTest" time="0.043"/>
  <testcase name="testGetMatching18[12]" classname="org.jgrapht.alg.matching.blossom.v5.KolmogorovWeightedMatchingTest" time="0.069"/>
  <testcase name="testGetMatching19[12]" classname="org.jgrapht.alg.matching.blossom.v5.KolmogorovWeightedMatchingTest" time="0.066"/>
  <testcase name="testGetMatching1[12]" classname="org.jgrapht.alg.matching.blossom.v5.KolmogorovWeightedMatchingTest" time="0"/>
  <testcase name="testGetMatching2[12]" classname="org.jgrapht.alg.matching.blossom.v5.KolmogorovWeightedMatchingTest" time="0"/>
  <testcase name="testGetMatching3[12]" classname="org.jgrapht.alg.matching.blossom.v5.KolmogorovWeightedMatchingTest" time="0"/>
  <testcase name="testGetMatching4[12]" classname="org.jgrapht.alg.matching.blossom.v5.KolmogorovWeightedMatchingTest" time="0"/>
  <testcase name="testGetMatching5[12]" classname="org.jgrapht.alg.matching.blossom.v5.KolmogorovWeightedMatchingTest" time="0"/>
  <testcase name="testGetMatching6[12]" classname="org.jgrapht.alg.matching.blossom.v5.KolmogorovWeightedMatchingTest" time="0.003"/>
  <testcase name="testGetMatching7[12]" classname="org.jgrapht.alg.matching.blossom.v5.KolmogorovWeightedMatchingTest" time="0.091"/>
  <testcase name="testGetMatching8[12]" classname="org.jgrapht.alg.matching.blossom.v5.KolmogorovWeightedMatchingTest" time="0.001"/>
  <testcase name="testGetMatching9[12]" classname="org.jgrapht.alg.matching.blossom.v5.KolmogorovWeightedMatchingTest" time="0.001"/>
  <testcase name="testGetMatching10[13]" classname="org.jgrapht.alg.matching.blossom.v5.KolmogorovWeightedMatchingTest" time="0.001"/>
  <testcase name="testGetMatching11[13]" classname="org.jgrapht.alg.matching.blossom.v5.KolmogorovWeightedMatchingTest" time="0.001"/>
  <testcase name="testGetMatching12[13]" classname="org.jgrapht.alg.matching.blossom.v5.KolmogorovWeightedMatchingTest" time="0.002"/>
  <testcase name="testGetMatching13[13]" classname="org.jgrapht.alg.matching.blossom.v5.KolmogorovWeightedMatchingTest" time="0.001"/>
  <testcase name="testGetMatching14[13]" classname="org.jgrapht.alg.matching.blossom.v5.KolmogorovWeightedMatchingTest" time="0.005"/>
  <testcase name="testGetMatching15[13]" classname="org.jgrapht.alg.matching.blossom.v5.KolmogorovWeightedMatchingTest" time="0.013"/>
  <testcase name="testGetMatching16[13]" classname="org.jgrapht.alg.matching.blossom.v5.KolmogorovWeightedMatchingTest" time="0.016"/>
  <testcase name="testGetMatching17[13]" classname="org.jgrapht.alg.matching.blossom.v5.KolmogorovWeightedMatchingTest" time="0.015"/>
  <testcase name="testGetMatching18[13]" classname="org.jgrapht.alg.matching.blossom.v5.KolmogorovWeightedMatchingTest" time="0.063"/>
  <testcase name="testGetMatching19[13]" classname="org.jgrapht.alg.matching.blossom.v5.KolmogorovWeightedMatchingTest" time="0.031"/>
  <testcase name="testGetMatching1[13]" classname="org.jgrapht.alg.matching.blossom.v5.KolmogorovWeightedMatchingTest" time="0"/>
  <testcase name="testGetMatching2[13]" classname="org.jgrapht.alg.matching.blossom.v5.KolmogorovWeightedMatchingTest" time="0"/>
  <testcase name="testGetMatching3[13]" classname="org.jgrapht.alg.matching.blossom.v5.KolmogorovWeightedMatchingTest" time="0"/>
  <testcase name="testGetMatching4[13]" classname="org.jgrapht.alg.matching.blossom.v5.KolmogorovWeightedMatchingTest" time="0"/>
  <testcase name="testGetMatching5[13]" classname="org.jgrapht.alg.matching.blossom.v5.KolmogorovWeightedMatchingTest" time="0.001"/>
  <testcase name="testGetMatching6[13]" classname="org.jgrapht.alg.matching.blossom.v5.KolmogorovWeightedMatchingTest" time="0.004"/>
  <testcase name="testGetMatching7[13]" classname="org.jgrapht.alg.matching.blossom.v5.KolmogorovWeightedMatchingTest" time="0.061"/>
  <testcase name="testGetMatching8[13]" classname="org.jgrapht.alg.matching.blossom.v5.KolmogorovWeightedMatchingTest" time="0"/>
  <testcase name="testGetMatching9[13]" classname="org.jgrapht.alg.matching.blossom.v5.KolmogorovWeightedMatchingTest" time="0.001"/>
  <testcase name="testGetMatching10[14]" classname="org.jgrapht.alg.matching.blossom.v5.KolmogorovWeightedMatchingTest" time="0"/>
  <testcase name="testGetMatching11[14]" classname="org.jgrapht.alg.matching.blossom.v5.KolmogorovWeightedMatchingTest" time="0.002"/>
  <testcase name="testGetMatching12[14]" classname="org.jgrapht.alg.matching.blossom.v5.KolmogorovWeightedMatchingTest" time="0.001"/>
  <testcase name="testGetMatching13[14]" classname="org.jgrapht.alg.matching.blossom.v5.KolmogorovWeightedMatchingTest" time="0.002"/>
  <testcase name="testGetMatching14[14]" classname="org.jgrapht.alg.matching.blossom.v5.KolmogorovWeightedMatchingTest" time="0.005"/>
  <testcase name="testGetMatching15[14]" classname="org.jgrapht.alg.matching.blossom.v5.KolmogorovWeightedMatchingTest" time="0.014"/>
  <testcase name="testGetMatching16[14]" classname="org.jgrapht.alg.matching.blossom.v5.KolmogorovWeightedMatchingTest" time="0.018"/>
  <testcase name="testGetMatching17[14]" classname="org.jgrapht.alg.matching.blossom.v5.KolmogorovWeightedMatchingTest" time="0.042"/>
  <testcase name="testGetMatching18[14]" classname="org.jgrapht.alg.matching.blossom.v5.KolmogorovWeightedMatchingTest" time="0.056"/>
  <testcase name="testGetMatching19[14]" classname="org.jgrapht.alg.matching.blossom.v5.KolmogorovWeightedMatchingTest" time="0.157"/>
  <testcase name="testGetMatching1[14]" classname="org.jgrapht.alg.matching.blossom.v5.KolmogorovWeightedMatchingTest" time="0"/>
  <testcase name="testGetMatching2[14]" classname="org.jgrapht.alg.matching.blossom.v5.KolmogorovWeightedMatchingTest" time="0"/>
  <testcase name="testGetMatching3[14]" classname="org.jgrapht.alg.matching.blossom.v5.KolmogorovWeightedMatchingTest" time="0.001"/>
  <testcase name="testGetMatching4[14]" classname="org.jgrapht.alg.matching.blossom.v5.KolmogorovWeightedMatchingTest" time="0"/>
  <testcase name="testGetMatching5[14]" classname="org.jgrapht.alg.matching.blossom.v5.KolmogorovWeightedMatchingTest" time="0"/>
  <testcase name="testGetMatching6[14]" classname="org.jgrapht.alg.matching.blossom.v5.KolmogorovWeightedMatchingTest" time="0.002"/>
  <testcase name="testGetMatching7[14]" classname="org.jgrapht.alg.matching.blossom.v5.KolmogorovWeightedMatchingTest" time="0.004"/>
  <testcase name="testGetMatching8[14]" classname="org.jgrapht.alg.matching.blossom.v5.KolmogorovWeightedMatchingTest" time="0"/>
  <testcase name="testGetMatching9[14]" classname="org.jgrapht.alg.matching.blossom.v5.KolmogorovWeightedMatchingTest" time="0"/>
  <testcase name="testGetMatching10[15]" classname="org.jgrapht.alg.matching.blossom.v5.KolmogorovWeightedMatchingTest" time="0.001"/>
  <testcase name="testGetMatching11[15]" classname="org.jgrapht.alg.matching.blossom.v5.KolmogorovWeightedMatchingTest" time="0.001"/>
  <testcase name="testGetMatching12[15]" classname="org.jgrapht.alg.matching.blossom.v5.KolmogorovWeightedMatchingTest" time="0.002"/>
  <testcase name="testGetMatching13[15]" classname="org.jgrapht.alg.matching.blossom.v5.KolmogorovWeightedMatchingTest" time="0.001"/>
  <testcase name="testGetMatching14[15]" classname="org.jgrapht.alg.matching.blossom.v5.KolmogorovWeightedMatchingTest" time="0.004"/>
  <testcase name="testGetMatching15[15]" classname="org.jgrapht.alg.matching.blossom.v5.KolmogorovWeightedMatchingTest" time="0.007"/>
  <testcase name="testGetMatching16[15]" classname="org.jgrapht.alg.matching.blossom.v5.KolmogorovWeightedMatchingTest" time="0.022"/>
  <testcase name="testGetMatching17[15]" classname="org.jgrapht.alg.matching.blossom.v5.KolmogorovWeightedMatchingTest" time="0.037"/>
  <testcase name="testGetMatching18[15]" classname="org.jgrapht.alg.matching.blossom.v5.KolmogorovWeightedMatchingTest" time="0.057"/>
  <testcase name="testGetMatching19[15]" classname="org.jgrapht.alg.matching.blossom.v5.KolmogorovWeightedMatchingTest" time="0.135"/>
  <testcase name="testGetMatching1[15]" classname="org.jgrapht.alg.matching.blossom.v5.KolmogorovWeightedMatchingTest" time="0.001"/>
  <testcase name="testGetMatching2[15]" classname="org.jgrapht.alg.matching.blossom.v5.KolmogorovWeightedMatchingTest" time="0"/>
  <testcase name="testGetMatching3[15]" classname="org.jgrapht.alg.matching.blossom.v5.KolmogorovWeightedMatchingTest" time="0"/>
  <testcase name="testGetMatching4[15]" classname="org.jgrapht.alg.matching.blossom.v5.KolmogorovWeightedMatchingTest" time="0.001"/>
  <testcase name="testGetMatching5[15]" classname="org.jgrapht.alg.matching.blossom.v5.KolmogorovWeightedMatchingTest" time="0"/>
  <testcase name="testGetMatching6[15]" classname="org.jgrapht.alg.matching.blossom.v5.KolmogorovWeightedMatchingTest" time="0.002"/>
  <testcase name="testGetMatching7[15]" classname="org.jgrapht.alg.matching.blossom.v5.KolmogorovWeightedMatchingTest" time="0.006"/>
  <testcase name="testGetMatching8[15]" classname="org.jgrapht.alg.matching.blossom.v5.KolmogorovWeightedMatchingTest" time="0.001"/>
  <testcase name="testGetMatching9[15]" classname="org.jgrapht.alg.matching.blossom.v5.KolmogorovWeightedMatchingTest" time="0.001"/>
  <testcase name="testGetMatching10[16]" classname="org.jgrapht.alg.matching.blossom.v5.KolmogorovWeightedMatchingTest" time="0.001"/>
  <testcase name="testGetMatching11[16]" classname="org.jgrapht.alg.matching.blossom.v5.KolmogorovWeightedMatchingTest" time="0.001"/>
  <testcase name="testGetMatching12[16]" classname="org.jgrapht.alg.matching.blossom.v5.KolmogorovWeightedMatchingTest" time="0.001"/>
  <testcase name="testGetMatching13[16]" classname="org.jgrapht.alg.matching.blossom.v5.KolmogorovWeightedMatchingTest" time="0.001"/>
  <testcase name="testGetMatching14[16]" classname="org.jgrapht.alg.matching.blossom.v5.KolmogorovWeightedMatchingTest" time="0.002"/>
  <testcase name="testGetMatching15[16]" classname="org.jgrapht.alg.matching.blossom.v5.KolmogorovWeightedMatchingTest" time="0.004"/>
  <testcase name="testGetMatching16[16]" classname="org.jgrapht.alg.matching.blossom.v5.KolmogorovWeightedMatchingTest" time="0.005"/>
  <testcase name="testGetMatching17[16]" classname="org.jgrapht.alg.matching.blossom.v5.KolmogorovWeightedMatchingTest" time="0.009"/>
  <testcase name="testGetMatching18[16]" classname="org.jgrapht.alg.matching.blossom.v5.KolmogorovWeightedMatchingTest" time="0.021"/>
  <testcase name="testGetMatching19[16]" classname="org.jgrapht.alg.matching.blossom.v5.KolmogorovWeightedMatchingTest" time="0.014"/>
  <testcase name="testGetMatching1[16]" classname="org.jgrapht.alg.matching.blossom.v5.KolmogorovWeightedMatchingTest" time="0.002"/>
  <testcase name="testGetMatching2[16]" classname="org.jgrapht.alg.matching.blossom.v5.KolmogorovWeightedMatchingTest" time="0"/>
  <testcase name="testGetMatching3[16]" classname="org.jgrapht.alg.matching.blossom.v5.KolmogorovWeightedMatchingTest" time="0"/>
  <testcase name="testGetMatching4[16]" classname="org.jgrapht.alg.matching.blossom.v5.KolmogorovWeightedMatchingTest" time="0.001"/>
  <testcase name="testGetMatching5[16]" classname="org.jgrapht.alg.matching.blossom.v5.KolmogorovWeightedMatchingTest" time="0"/>
  <testcase name="testGetMatching6[16]" classname="org.jgrapht.alg.matching.blossom.v5.KolmogorovWeightedMatchingTest" time="0.002"/>
  <testcase name="testGetMatching7[16]" classname="org.jgrapht.alg.matching.blossom.v5.KolmogorovWeightedMatchingTest" time="0.002"/>
  <testcase name="testGetMatching8[16]" classname="org.jgrapht.alg.matching.blossom.v5.KolmogorovWeightedMatchingTest" time="0"/>
  <testcase name="testGetMatching9[16]" classname="org.jgrapht.alg.matching.blossom.v5.KolmogorovWeightedMatchingTest" time="0"/>
  <testcase name="testGetMatching10[17]" classname="org.jgrapht.alg.matching.blossom.v5.KolmogorovWeightedMatchingTest" time="0.001"/>
  <testcase name="testGetMatching11[17]" classname="org.jgrapht.alg.matching.blossom.v5.KolmogorovWeightedMatchingTest" time="0.001"/>
  <testcase name="testGetMatching12[17]" classname="org.jgrapht.alg.matching.blossom.v5.KolmogorovWeightedMatchingTest" time="0.001"/>
  <testcase name="testGetMatching13[17]" classname="org.jgrapht.alg.matching.blossom.v5.KolmogorovWeightedMatchingTest" time="0.002"/>
  <testcase name="testGetMatching14[17]" classname="org.jgrapht.alg.matching.blossom.v5.KolmogorovWeightedMatchingTest" time="0.001"/>
  <testcase name="testGetMatching15[17]" classname="org.jgrapht.alg.matching.blossom.v5.KolmogorovWeightedMatchingTest" time="0.005"/>
  <testcase name="testGetMatching16[17]" classname="org.jgrapht.alg.matching.blossom.v5.KolmogorovWeightedMatchingTest" time="0.006"/>
  <testcase name="testGetMatching17[17]" classname="org.jgrapht.alg.matching.blossom.v5.KolmogorovWeightedMatchingTest" time="0.011"/>
  <testcase name="testGetMatching18[17]" classname="org.jgrapht.alg.matching.blossom.v5.KolmogorovWeightedMatchingTest" time="0.02"/>
  <testcase name="testGetMatching19[17]" classname="org.jgrapht.alg.matching.blossom.v5.KolmogorovWeightedMatchingTest" time="0.023"/>
  <testcase name="testGetMatching1[17]" classname="org.jgrapht.alg.matching.blossom.v5.KolmogorovWeightedMatchingTest" time="0"/>
  <testcase name="testGetMatching2[17]" classname="org.jgrapht.alg.matching.blossom.v5.KolmogorovWeightedMatchingTest" time="0"/>
  <testcase name="testGetMatching3[17]" classname="org.jgrapht.alg.matching.blossom.v5.KolmogorovWeightedMatchingTest" time="0"/>
  <testcase name="testGetMatching4[17]" classname="org.jgrapht.alg.matching.blossom.v5.KolmogorovWeightedMatchingTest" time="0"/>
  <testcase name="testGetMatching5[17]" classname="org.jgrapht.alg.matching.blossom.v5.KolmogorovWeightedMatchingTest" time="0.001"/>
  <testcase name="testGetMatching6[17]" classname="org.jgrapht.alg.matching.blossom.v5.KolmogorovWeightedMatchingTest" time="0.001"/>
  <testcase name="testGetMatching7[17]" classname="org.jgrapht.alg.matching.blossom.v5.KolmogorovWeightedMatchingTest" time="0.002"/>
  <testcase name="testGetMatching8[17]" classname="org.jgrapht.alg.matching.blossom.v5.KolmogorovWeightedMatchingTest" time="0"/>
  <testcase name="testGetMatching9[17]" classname="org.jgrapht.alg.matching.blossom.v5.KolmogorovWeightedMatchingTest" time="0"/>
  <testcase name="testGetMatching10[18]" classname="org.jgrapht.alg.matching.blossom.v5.KolmogorovWeightedMatchingTest" time="0.001"/>
  <testcase name="testGetMatching11[18]" classname="org.jgrapht.alg.matching.blossom.v5.KolmogorovWeightedMatchingTest" time="0"/>
  <testcase name="testGetMatching12[18]" classname="org.jgrapht.alg.matching.blossom.v5.KolmogorovWeightedMatchingTest" time="0.001"/>
  <testcase name="testGetMatching13[18]" classname="org.jgrapht.alg.matching.blossom.v5.KolmogorovWeightedMatchingTest" time="0.001"/>
  <testcase name="testGetMatching14[18]" classname="org.jgrapht.alg.matching.blossom.v5.KolmogorovWeightedMatchingTest" time="0.002"/>
  <testcase name="testGetMatching15[18]" classname="org.jgrapht.alg.matching.blossom.v5.KolmogorovWeightedMatchingTest" time="0.004"/>
  <testcase name="testGetMatching16[18]" classname="org.jgrapht.alg.matching.blossom.v5.KolmogorovWeightedMatchingTest" time="0.004"/>
  <testcase name="testGetMatching17[18]" classname="org.jgrapht.alg.matching.blossom.v5.KolmogorovWeightedMatchingTest" time="0.011"/>
  <testcase name="testGetMatching18[18]" classname="org.jgrapht.alg.matching.blossom.v5.KolmogorovWeightedMatchingTest" time="0.012"/>
  <testcase name="testGetMatching19[18]" classname="org.jgrapht.alg.matching.blossom.v5.KolmogorovWeightedMatchingTest" time="0.031"/>
  <testcase name="testGetMatching1[18]" classname="org.jgrapht.alg.matching.blossom.v5.KolmogorovWeightedMatchingTest" time="0"/>
  <testcase name="testGetMatching2[18]" classname="org.jgrapht.alg.matching.blossom.v5.KolmogorovWeightedMatchingTest" time="0"/>
  <testcase name="testGetMatching3[18]" classname="org.jgrapht.alg.matching.blossom.v5.KolmogorovWeightedMatchingTest" time="0.001"/>
  <testcase name="testGetMatching4[18]" classname="org.jgrapht.alg.matching.blossom.v5.KolmogorovWeightedMatchingTest" time="0.002"/>
  <testcase name="testGetMatching5[18]" classname="org.jgrapht.alg.matching.blossom.v5.KolmogorovWeightedMatchingTest" time="0"/>
  <testcase name="testGetMatching6[18]" classname="org.jgrapht.alg.matching.blossom.v5.KolmogorovWeightedMatchingTest" time="0.003"/>
  <testcase name="testGetMatching7[18]" classname="org.jgrapht.alg.matching.blossom.v5.KolmogorovWeightedMatchingTest" time="0.002"/>
  <testcase name="testGetMatching8[18]" classname="org.jgrapht.alg.matching.blossom.v5.KolmogorovWeightedMatchingTest" time="0"/>
  <testcase name="testGetMatching9[18]" classname="org.jgrapht.alg.matching.blossom.v5.KolmogorovWeightedMatchingTest" time="0.001"/>
  <testcase name="testGetMatching10[19]" classname="org.jgrapht.alg.matching.blossom.v5.KolmogorovWeightedMatchingTest" time="0.002"/>
  <testcase name="testGetMatching11[19]" classname="org.jgrapht.alg.matching.blossom.v5.KolmogorovWeightedMatchingTest" time="0"/>
  <testcase name="testGetMatching12[19]" classname="org.jgrapht.alg.matching.blossom.v5.KolmogorovWeightedMatchingTest" time="0.002"/>
  <testcase name="testGetMatching13[19]" classname="org.jgrapht.alg.matching.blossom.v5.KolmogorovWeightedMatchingTest" time="0.001"/>
  <testcase name="testGetMatching14[19]" classname="org.jgrapht.alg.matching.blossom.v5.KolmogorovWeightedMatchingTest" time="0.001"/>
  <testcase name="testGetMatching15[19]" classname="org.jgrapht.alg.matching.blossom.v5.KolmogorovWeightedMatchingTest" time="0.005"/>
  <testcase name="testGetMatching16[19]" classname="org.jgrapht.alg.matching.blossom.v5.KolmogorovWeightedMatchingTest" time="0.005"/>
  <testcase name="testGetMatching17[19]" classname="org.jgrapht.alg.matching.blossom.v5.KolmogorovWeightedMatchingTest" time="0.009"/>
  <testcase name="testGetMatching18[19]" classname="org.jgrapht.alg.matching.blossom.v5.KolmogorovWeightedMatchingTest" time="0.018"/>
  <testcase name="testGetMatching19[19]" classname="org.jgrapht.alg.matching.blossom.v5.KolmogorovWeightedMatchingTest" time="0.028"/>
  <testcase name="testGetMatching1[19]" classname="org.jgrapht.alg.matching.blossom.v5.KolmogorovWeightedMatchingTest" time="0"/>
  <testcase name="testGetMatching2[19]" classname="org.jgrapht.alg.matching.blossom.v5.KolmogorovWeightedMatchingTest" time="0.001"/>
  <testcase name="testGetMatching3[19]" classname="org.jgrapht.alg.matching.blossom.v5.KolmogorovWeightedMatchingTest" time="0"/>
  <testcase name="testGetMatching4[19]" classname="org.jgrapht.alg.matching.blossom.v5.KolmogorovWeightedMatchingTest" time="0"/>
  <testcase name="testGetMatching5[19]" classname="org.jgrapht.alg.matching.blossom.v5.KolmogorovWeightedMatchingTest" time="0"/>
  <testcase name="testGetMatching6[19]" classname="org.jgrapht.alg.matching.blossom.v5.KolmogorovWeightedMatchingTest" time="0.002"/>
  <testcase name="testGetMatching7[19]" classname="org.jgrapht.alg.matching.blossom.v5.KolmogorovWeightedMatchingTest" time="0.003"/>
  <testcase name="testGetMatching8[19]" classname="org.jgrapht.alg.matching.blossom.v5.KolmogorovWeightedMatchingTest" time="0.001"/>
  <testcase name="testGetMatching9[19]" classname="org.jgrapht.alg.matching.blossom.v5.KolmogorovWeightedMatchingTest" time="0.001"/>
  <testcase name="testGetMatching10[20]" classname="org.jgrapht.alg.matching.blossom.v5.KolmogorovWeightedMatchingTest" time="0.001"/>
  <testcase name="testGetMatching11[20]" classname="org.jgrapht.alg.matching.blossom.v5.KolmogorovWeightedMatchingTest" time="0.002"/>
  <testcase name="testGetMatching12[20]" classname="org.jgrapht.alg.matching.blossom.v5.KolmogorovWeightedMatchingTest" time="0.001"/>
  <testcase name="testGetMatching13[20]" classname="org.jgrapht.alg.matching.blossom.v5.KolmogorovWeightedMatchingTest" time="0.001"/>
  <testcase name="testGetMatching14[20]" classname="org.jgrapht.alg.matching.blossom.v5.KolmogorovWeightedMatchingTest" time="0.002"/>
  <testcase name="testGetMatching15[20]" classname="org.jgrapht.alg.matching.blossom.v5.KolmogorovWeightedMatchingTest" time="0.009"/>
  <testcase name="testGetMatching16[20]" classname="org.jgrapht.alg.matching.blossom.v5.KolmogorovWeightedMatchingTest" time="0.013"/>
  <testcase name="testGetMatching17[20]" classname="org.jgrapht.alg.matching.blossom.v5.KolmogorovWeightedMatchingTest" time="0.011"/>
  <testcase name="testGetMatching18[20]" classname="org.jgrapht.alg.matching.blossom.v5.KolmogorovWeightedMatchingTest" time="0.015"/>
  <testcase name="testGetMatching19[20]" classname="org.jgrapht.alg.matching.blossom.v5.KolmogorovWeightedMatchingTest" time="0.024"/>
  <testcase name="testGetMatching1[20]" classname="org.jgrapht.alg.matching.blossom.v5.KolmogorovWeightedMatchingTest" time="0.001"/>
  <testcase name="testGetMatching2[20]" classname="org.jgrapht.alg.matching.blossom.v5.KolmogorovWeightedMatchingTest" time="0"/>
  <testcase name="testGetMatching3[20]" classname="org.jgrapht.alg.matching.blossom.v5.KolmogorovWeightedMatchingTest" time="0"/>
  <testcase name="testGetMatching4[20]" classname="org.jgrapht.alg.matching.blossom.v5.KolmogorovWeightedMatchingTest" time="0"/>
  <testcase name="testGetMatching5[20]" classname="org.jgrapht.alg.matching.blossom.v5.KolmogorovWeightedMatchingTest" time="0.001"/>
  <testcase name="testGetMatching6[20]" classname="org.jgrapht.alg.matching.blossom.v5.KolmogorovWeightedMatchingTest" time="0.001"/>
  <testcase name="testGetMatching7[20]" classname="org.jgrapht.alg.matching.blossom.v5.KolmogorovWeightedMatchingTest" time="0.005"/>
  <testcase name="testGetMatching8[20]" classname="org.jgrapht.alg.matching.blossom.v5.KolmogorovWeightedMatchingTest" time="0"/>
  <testcase name="testGetMatching9[20]" classname="org.jgrapht.alg.matching.blossom.v5.KolmogorovWeightedMatchingTest" time="0.001"/>
  <testcase name="testGetMatching10[21]" classname="org.jgrapht.alg.matching.blossom.v5.KolmogorovWeightedMatchingTest" time="0"/>
  <testcase name="testGetMatching11[21]" classname="org.jgrapht.alg.matching.blossom.v5.KolmogorovWeightedMatchingTest" time="0.001"/>
  <testcase name="testGetMatching12[21]" classname="org.jgrapht.alg.matching.blossom.v5.KolmogorovWeightedMatchingTest" time="0.001"/>
  <testcase name="testGetMatching13[21]" classname="org.jgrapht.alg.matching.blossom.v5.KolmogorovWeightedMatchingTest" time="0.001"/>
  <testcase name="testGetMatching14[21]" classname="org.jgrapht.alg.matching.blossom.v5.KolmogorovWeightedMatchingTest" time="0.002"/>
  <testcase name="testGetMatching15[21]" classname="org.jgrapht.alg.matching.blossom.v5.KolmogorovWeightedMatchingTest" time="0.007"/>
  <testcase name="testGetMatching16[21]" classname="org.jgrapht.alg.matching.blossom.v5.KolmogorovWeightedMatchingTest" time="0.008"/>
  <testcase name="testGetMatching17[21]" classname="org.jgrapht.alg.matching.blossom.v5.KolmogorovWeightedMatchingTest" time="0.01"/>
  <testcase name="testGetMatching18[21]" classname="org.jgrapht.alg.matching.blossom.v5.KolmogorovWeightedMatchingTest" time="0.018"/>
  <testcase name="testGetMatching19[21]" classname="org.jgrapht.alg.matching.blossom.v5.KolmogorovWeightedMatchingTest" time="0.016"/>
  <testcase name="testGetMatching1[21]" classname="org.jgrapht.alg.matching.blossom.v5.KolmogorovWeightedMatchingTest" time="0"/>
  <testcase name="testGetMatching2[21]" classname="org.jgrapht.alg.matching.blossom.v5.KolmogorovWeightedMatchingTest" time="0"/>
  <testcase name="testGetMatching3[21]" classname="org.jgrapht.alg.matching.blossom.v5.KolmogorovWeightedMatchingTest" time="0"/>
  <testcase name="testGetMatching4[21]" classname="org.jgrapht.alg.matching.blossom.v5.KolmogorovWeightedMatchingTest" time="0.001"/>
  <testcase name="testGetMatching5[21]" classname="org.jgrapht.alg.matching.blossom.v5.KolmogorovWeightedMatchingTest" time="0"/>
  <testcase name="testGetMatching6[21]" classname="org.jgrapht.alg.matching.blossom.v5.KolmogorovWeightedMatchingTest" time="0.001"/>
  <testcase name="testGetMatching7[21]" classname="org.jgrapht.alg.matching.blossom.v5.KolmogorovWeightedMatchingTest" time="0.002"/>
  <testcase name="testGetMatching8[21]" classname="org.jgrapht.alg.matching.blossom.v5.KolmogorovWeightedMatchingTest" time="0"/>
  <testcase name="testGetMatching9[21]" classname="org.jgrapht.alg.matching.blossom.v5.KolmogorovWeightedMatchingTest" time="0"/>
  <testcase name="testGetMatching10[22]" classname="org.jgrapht.alg.matching.blossom.v5.KolmogorovWeightedMatchingTest" time="0.001"/>
  <testcase name="testGetMatching11[22]" classname="org.jgrapht.alg.matching.blossom.v5.KolmogorovWeightedMatchingTest" time="0"/>
  <testcase name="testGetMatching12[22]" classname="org.jgrapht.alg.matching.blossom.v5.KolmogorovWeightedMatchingTest" time="0.001"/>
  <testcase name="testGetMatching13[22]" classname="org.jgrapht.alg.matching.blossom.v5.KolmogorovWeightedMatchingTest" time="0.001"/>
  <testcase name="testGetMatching14[22]" classname="org.jgrapht.alg.matching.blossom.v5.KolmogorovWeightedMatchingTest" time="0.001"/>
  <testcase name="testGetMatching15[22]" classname="org.jgrapht.alg.matching.blossom.v5.KolmogorovWeightedMatchingTest" time="0.004"/>
  <testcase name="testGetMatching16[22]" classname="org.jgrapht.alg.matching.blossom.v5.KolmogorovWeightedMatchingTest" time="0.005"/>
  <testcase name="testGetMatching17[22]" classname="org.jgrapht.alg.matching.blossom.v5.KolmogorovWeightedMatchingTest" time="0.008"/>
  <testcase name="testGetMatching18[22]" classname="org.jgrapht.alg.matching.blossom.v5.KolmogorovWeightedMatchingTest" time="0.016"/>
  <testcase name="testGetMatching19[22]" classname="org.jgrapht.alg.matching.blossom.v5.KolmogorovWeightedMatchingTest" time="0.023"/>
  <testcase name="testGetMatching1[22]" classname="org.jgrapht.alg.matching.blossom.v5.KolmogorovWeightedMatchingTest" time="0"/>
  <testcase name="testGetMatching2[22]" classname="org.jgrapht.alg.matching.blossom.v5.KolmogorovWeightedMatchingTest" time="0"/>
  <testcase name="testGetMatching3[22]" classname="org.jgrapht.alg.matching.blossom.v5.KolmogorovWeightedMatchingTest" time="0"/>
  <testcase name="testGetMatching4[22]" classname="org.jgrapht.alg.matching.blossom.v5.KolmogorovWeightedMatchingTest" time="0.001"/>
  <testcase name="testGetMatching5[22]" classname="org.jgrapht.alg.matching.blossom.v5.KolmogorovWeightedMatchingTest" time="0"/>
  <testcase name="testGetMatching6[22]" classname="org.jgrapht.alg.matching.blossom.v5.KolmogorovWeightedMatchingTest" time="0.001"/>
  <testcase name="testGetMatching7[22]" classname="org.jgrapht.alg.matching.blossom.v5.KolmogorovWeightedMatchingTest" time="0.002"/>
  <testcase name="testGetMatching8[22]" classname="org.jgrapht.alg.matching.blossom.v5.KolmogorovWeightedMatchingTest" time="0"/>
  <testcase name="testGetMatching9[22]" classname="org.jgrapht.alg.matching.blossom.v5.KolmogorovWeightedMatchingTest" time="0.001"/>
  <testcase name="testGetMatching10[23]" classname="org.jgrapht.alg.matching.blossom.v5.KolmogorovWeightedMatchingTest" time="0"/>
  <testcase name="testGetMatching11[23]" classname="org.jgrapht.alg.matching.blossom.v5.KolmogorovWeightedMatchingTest" time="0.001"/>
  <testcase name="testGetMatching12[23]" classname="org.jgrapht.alg.matching.blossom.v5.KolmogorovWeightedMatchingTest" time="0.001"/>
  <testcase name="testGetMatching13[23]" classname="org.jgrapht.alg.matching.blossom.v5.KolmogorovWeightedMatchingTest" time="0.001"/>
  <testcase name="testGetMatching14[23]" classname="org.jgrapht.alg.matching.blossom.v5.KolmogorovWeightedMatchingTest" time="0.001"/>
  <testcase name="testGetMatching15[23]" classname="org.jgrapht.alg.matching.blossom.v5.KolmogorovWeightedMatchingTest" time="0.006"/>
  <testcase name="testGetMatching16[23]" classname="org.jgrapht.alg.matching.blossom.v5.KolmogorovWeightedMatchingTest" time="0.004"/>
  <testcase name="testGetMatching17[23]" classname="org.jgrapht.alg.matching.blossom.v5.KolmogorovWeightedMatchingTest" time="0.008"/>
  <testcase name="testGetMatching18[23]" classname="org.jgrapht.alg.matching.blossom.v5.KolmogorovWeightedMatchingTest" time="0.013"/>
  <testcase name="testGetMatching19[23]" classname="org.jgrapht.alg.matching.blossom.v5.KolmogorovWeightedMatchingTest" time="0.021"/>
  <testcase name="testGetMatching1[23]" classname="org.jgrapht.alg.matching.blossom.v5.KolmogorovWeightedMatchingTest" time="0"/>
  <testcase name="testGetMatching2[23]" classname="org.jgrapht.alg.matching.blossom.v5.KolmogorovWeightedMatchingTest" time="0"/>
  <testcase name="testGetMatching3[23]" classname="org.jgrapht.alg.matching.blossom.v5.KolmogorovWeightedMatchingTest" time="0"/>
  <testcase name="testGetMatching4[23]" classname="org.jgrapht.alg.matching.blossom.v5.KolmogorovWeightedMatchingTest" time="0.001"/>
  <testcase name="testGetMatching5[23]" classname="org.jgrapht.alg.matching.blossom.v5.KolmogorovWeightedMatchingTest" time="0"/>
  <testcase name="testGetMatching6[23]" classname="org.jgrapht.alg.matching.blossom.v5.KolmogorovWeightedMatchingTest" time="0.001"/>
  <testcase name="testGetMatching7[23]" classname="org.jgrapht.alg.matching.blossom.v5.KolmogorovWeightedMatchingTest" time="0.003"/>
  <testcase name="testGetMatching8[23]" classname="org.jgrapht.alg.matching.blossom.v5.KolmogorovWeightedMatchingTest" time="0"/>
  <testcase name="testGetMatching9[23]" classname="org.jgrapht.alg.matching.blossom.v5.KolmogorovWeightedMatchingTest" time="0"/>
  <testcase name="testGetMatching10[24]" classname="org.jgrapht.alg.matching.blossom.v5.KolmogorovWeightedMatchingTest" time="0.001"/>
  <testcase name="testGetMatching11[24]" classname="org.jgrapht.alg.matching.blossom.v5.KolmogorovWeightedMatchingTest" time="0.001"/>
  <testcase name="testGetMatching12[24]" classname="org.jgrapht.alg.matching.blossom.v5.KolmogorovWeightedMatchingTest" time="0.001"/>
  <testcase name="testGetMatching13[24]" classname="org.jgrapht.alg.matching.blossom.v5.KolmogorovWeightedMatchingTest" time="0.002"/>
  <testcase name="testGetMatching14[24]" classname="org.jgrapht.alg.matching.blossom.v5.KolmogorovWeightedMatchingTest" time="0.001"/>
  <testcase name="testGetMatching15[24]" classname="org.jgrapht.alg.matching.blossom.v5.KolmogorovWeightedMatchingTest" time="0.003"/>
  <testcase name="testGetMatching16[24]" classname="org.jgrapht.alg.matching.blossom.v5.KolmogorovWeightedMatchingTest" time="0.008"/>
  <testcase name="testGetMatching17[24]" classname="org.jgrapht.alg.matching.blossom.v5.KolmogorovWeightedMatchingTest" time="0.013"/>
  <testcase name="testGetMatching18[24]" classname="org.jgrapht.alg.matching.blossom.v5.KolmogorovWeightedMatchingTest" time="0.016"/>
  <testcase name="testGetMatching19[24]" classname="org.jgrapht.alg.matching.blossom.v5.KolmogorovWeightedMatchingTest" time="0.017"/>
  <testcase name="testGetMatching1[24]" classname="org.jgrapht.alg.matching.blossom.v5.KolmogorovWeightedMatchingTest" time="0"/>
  <testcase name="testGetMatching2[24]" classname="org.jgrapht.alg.matching.blossom.v5.KolmogorovWeightedMatchingTest" time="0"/>
  <testcase name="testGetMatching3[24]" classname="org.jgrapht.alg.matching.blossom.v5.KolmogorovWeightedMatchingTest" time="0"/>
  <testcase name="testGetMatching4[24]" classname="org.jgrapht.alg.matching.blossom.v5.KolmogorovWeightedMatchingTest" time="0.001"/>
  <testcase name="testGetMatching5[24]" classname="org.jgrapht.alg.matching.blossom.v5.KolmogorovWeightedMatchingTest" time="0"/>
  <testcase name="testGetMatching6[24]" classname="org.jgrapht.alg.matching.blossom.v5.KolmogorovWeightedMatchingTest" time="0"/>
  <testcase name="testGetMatching7[24]" classname="org.jgrapht.alg.matching.blossom.v5.KolmogorovWeightedMatchingTest" time="0.003"/>
  <testcase name="testGetMatching8[24]" classname="org.jgrapht.alg.matching.blossom.v5.KolmogorovWeightedMatchingTest" time="0"/>
  <testcase name="testGetMatching9[24]" classname="org.jgrapht.alg.matching.blossom.v5.KolmogorovWeightedMatchingTest" time="0"/>
  <testcase name="testGetMatching10[25]" classname="org.jgrapht.alg.matching.blossom.v5.KolmogorovWeightedMatchingTest" time="0"/>
  <testcase name="testGetMatching11[25]" classname="org.jgrapht.alg.matching.blossom.v5.KolmogorovWeightedMatchingTest" time="0.001"/>
  <testcase name="testGetMatching12[25]" classname="org.jgrapht.alg.matching.blossom.v5.KolmogorovWeightedMatchingTest" time="0.001"/>
  <testcase name="testGetMatching13[25]" classname="org.jgrapht.alg.matching.blossom.v5.KolmogorovWeightedMatchingTest" time="0.001"/>
  <testcase name="testGetMatching14[25]" classname="org.jgrapht.alg.matching.blossom.v5.KolmogorovWeightedMatchingTest" time="0.001"/>
  <testcase name="testGetMatching15[25]" classname="org.jgrapht.alg.matching.blossom.v5.KolmogorovWeightedMatchingTest" time="0.004"/>
  <testcase name="testGetMatching16[25]" classname="org.jgrapht.alg.matching.blossom.v5.KolmogorovWeightedMatchingTest" time="0.004"/>
  <testcase name="testGetMatching17[25]" classname="org.jgrapht.alg.matching.blossom.v5.KolmogorovWeightedMatchingTest" time="0.008"/>
  <testcase name="testGetMatching18[25]" classname="org.jgrapht.alg.matching.blossom.v5.KolmogorovWeightedMatchingTest" time="0.017"/>
  <testcase name="testGetMatching19[25]" classname="org.jgrapht.alg.matching.blossom.v5.KolmogorovWeightedMatchingTest" time="0.016"/>
  <testcase name="testGetMatching1[25]" classname="org.jgrapht.alg.matching.blossom.v5.KolmogorovWeightedMatchingTest" time="0"/>
  <testcase name="testGetMatching2[25]" classname="org.jgrapht.alg.matching.blossom.v5.KolmogorovWeightedMatchingTest" time="0"/>
  <testcase name="testGetMatching3[25]" classname="org.jgrapht.alg.matching.blossom.v5.KolmogorovWeightedMatchingTest" time="0"/>
  <testcase name="testGetMatching4[25]" classname="org.jgrapht.alg.matching.blossom.v5.KolmogorovWeightedMatchingTest" time="0"/>
  <testcase name="testGetMatching5[25]" classname="org.jgrapht.alg.matching.blossom.v5.KolmogorovWeightedMatchingTest" time="0.001"/>
  <testcase name="testGetMatching6[25]" classname="org.jgrapht.alg.matching.blossom.v5.KolmogorovWeightedMatchingTest" time="0.001"/>
  <testcase name="testGetMatching7[25]" classname="org.jgrapht.alg.matching.blossom.v5.KolmogorovWeightedMatchingTest" time="0.002"/>
  <testcase name="testGetMatching8[25]" classname="org.jgrapht.alg.matching.blossom.v5.KolmogorovWeightedMatchingTest" time="0"/>
  <testcase name="testGetMatching9[25]" classname="org.jgrapht.alg.matching.blossom.v5.KolmogorovWeightedMatchingTest" time="0"/>
  <testcase name="testGetMatching10[26]" classname="org.jgrapht.alg.matching.blossom.v5.KolmogorovWeightedMatchingTest" time="0"/>
  <testcase name="testGetMatching11[26]" classname="org.jgrapht.alg.matching.blossom.v5.KolmogorovWeightedMatchingTest" time="0.001"/>
  <testcase name="testGetMatching12[26]" classname="org.jgrapht.alg.matching.blossom.v5.KolmogorovWeightedMatchingTest" time="0.001"/>
  <testcase name="testGetMatching13[26]" classname="org.jgrapht.alg.matching.blossom.v5.KolmogorovWeightedMatchingTest" time="0"/>
  <testcase name="testGetMatching14[26]" classname="org.jgrapht.alg.matching.blossom.v5.KolmogorovWeightedMatchingTest" time="0.003"/>
  <testcase name="testGetMatching15[26]" classname="org.jgrapht.alg.matching.blossom.v5.KolmogorovWeightedMatchingTest" time="0.004"/>
  <testcase name="testGetMatching16[26]" classname="org.jgrapht.alg.matching.blossom.v5.KolmogorovWeightedMatchingTest" time="0.004"/>
  <testcase name="testGetMatching17[26]" classname="org.jgrapht.alg.matching.blossom.v5.KolmogorovWeightedMatchingTest" time="0.008"/>
  <testcase name="testGetMatching18[26]" classname="org.jgrapht.alg.matching.blossom.v5.KolmogorovWeightedMatchingTest" time="0.014"/>
  <testcase name="testGetMatching19[26]" classname="org.jgrapht.alg.matching.blossom.v5.KolmogorovWeightedMatchingTest" time="0.016"/>
  <testcase name="testGetMatching1[26]" classname="org.jgrapht.alg.matching.blossom.v5.KolmogorovWeightedMatchingTest" time="0.001"/>
  <testcase name="testGetMatching2[26]" classname="org.jgrapht.alg.matching.blossom.v5.KolmogorovWeightedMatchingTest" time="0"/>
  <testcase name="testGetMatching3[26]" classname="org.jgrapht.alg.matching.blossom.v5.KolmogorovWeightedMatchingTest" time="0"/>
  <testcase name="testGetMatching4[26]" classname="org.jgrapht.alg.matching.blossom.v5.KolmogorovWeightedMatchingTest" time="0"/>
  <testcase name="testGetMatching5[26]" classname="org.jgrapht.alg.matching.blossom.v5.KolmogorovWeightedMatchingTest" time="0"/>
  <testcase name="testGetMatching6[26]" classname="org.jgrapht.alg.matching.blossom.v5.KolmogorovWeightedMatchingTest" time="0.001"/>
  <testcase name="testGetMatching7[26]" classname="org.jgrapht.alg.matching.blossom.v5.KolmogorovWeightedMatchingTest" time="0.004"/>
  <testcase name="testGetMatching8[26]" classname="org.jgrapht.alg.matching.blossom.v5.KolmogorovWeightedMatchingTest" time="0"/>
  <testcase name="testGetMatching9[26]" classname="org.jgrapht.alg.matching.blossom.v5.KolmogorovWeightedMatchingTest" time="0"/>
  <testcase name="testGetMatching10[27]" classname="org.jgrapht.alg.matching.blossom.v5.KolmogorovWeightedMatchingTest" time="0.001"/>
  <testcase name="testGetMatching11[27]" classname="org.jgrapht.alg.matching.blossom.v5.KolmogorovWeightedMatchingTest" time="0.001"/>
  <testcase name="testGetMatching12[27]" classname="org.jgrapht.alg.matching.blossom.v5.KolmogorovWeightedMatchingTest" time="0"/>
  <testcase name="testGetMatching13[27]" classname="org.jgrapht.alg.matching.blossom.v5.KolmogorovWeightedMatchingTest" time="0.001"/>
  <testcase name="testGetMatching14[27]" classname="org.jgrapht.alg.matching.blossom.v5.KolmogorovWeightedMatchingTest" time="0.001"/>
  <testcase name="testGetMatching15[27]" classname="org.jgrapht.alg.matching.blossom.v5.KolmogorovWeightedMatchingTest" time="0.003"/>
  <testcase name="testGetMatching16[27]" classname="org.jgrapht.alg.matching.blossom.v5.KolmogorovWeightedMatchingTest" time="0.003"/>
  <testcase name="testGetMatching17[27]" classname="org.jgrapht.alg.matching.blossom.v5.KolmogorovWeightedMatchingTest" time="0.006"/>
  <testcase name="testGetMatching18[27]" classname="org.jgrapht.alg.matching.blossom.v5.KolmogorovWeightedMatchingTest" time="0.012"/>
  <testcase name="testGetMatching19[27]" classname="org.jgrapht.alg.matching.blossom.v5.KolmogorovWeightedMatchingTest" time="0.015"/>
  <testcase name="testGetMatching1[27]" classname="org.jgrapht.alg.matching.blossom.v5.KolmogorovWeightedMatchingTest" time="0"/>
  <testcase name="testGetMatching2[27]" classname="org.jgrapht.alg.matching.blossom.v5.KolmogorovWeightedMatchingTest" time="0"/>
  <testcase name="testGetMatching3[27]" classname="org.jgrapht.alg.matching.blossom.v5.KolmogorovWeightedMatchingTest" time="0"/>
  <testcase name="testGetMatching4[27]" classname="org.jgrapht.alg.matching.blossom.v5.KolmogorovWeightedMatchingTest" time="0"/>
  <testcase name="testGetMatching5[27]" classname="org.jgrapht.alg.matching.blossom.v5.KolmogorovWeightedMatchingTest" time="0"/>
  <testcase name="testGetMatching6[27]" classname="org.jgrapht.alg.matching.blossom.v5.KolmogorovWeightedMatchingTest" time="0.001"/>
  <testcase name="testGetMatching7[27]" classname="org.jgrapht.alg.matching.blossom.v5.KolmogorovWeightedMatchingTest" time="0.002"/>
  <testcase name="testGetMatching8[27]" classname="org.jgrapht.alg.matching.blossom.v5.KolmogorovWeightedMatchingTest" time="0"/>
  <testcase name="testGetMatching9[27]" classname="org.jgrapht.alg.matching.blossom.v5.KolmogorovWeightedMatchingTest" time="0"/>
  <testcase name="testGetMatching10[28]" classname="org.jgrapht.alg.matching.blossom.v5.KolmogorovWeightedMatchingTest" time="0"/>
  <testcase name="testGetMatching11[28]" classname="org.jgrapht.alg.matching.blossom.v5.KolmogorovWeightedMatchingTest" time="0.001"/>
  <testcase name="testGetMatching12[28]" classname="org.jgrapht.alg.matching.blossom.v5.KolmogorovWeightedMatchingTest" time="0.002"/>
  <testcase name="testGetMatching13[28]" classname="org.jgrapht.alg.matching.blossom.v5.KolmogorovWeightedMatchingTest" time="0.001"/>
  <testcase name="testGetMatching14[28]" classname="org.jgrapht.alg.matching.blossom.v5.KolmogorovWeightedMatchingTest" time="0.001"/>
  <testcase name="testGetMatching15[28]" classname="org.jgrapht.alg.matching.blossom.v5.KolmogorovWeightedMatchingTest" time="0.002"/>
  <testcase name="testGetMatching16[28]" classname="org.jgrapht.alg.matching.blossom.v5.KolmogorovWeightedMatchingTest" time="0.004"/>
  <testcase name="testGetMatching17[28]" classname="org.jgrapht.alg.matching.blossom.v5.KolmogorovWeightedMatchingTest" time="0.009"/>
  <testcase name="testGetMatching18[28]" classname="org.jgrapht.alg.matching.blossom.v5.KolmogorovWeightedMatchingTest" time="0.012"/>
  <testcase name="testGetMatching19[28]" classname="org.jgrapht.alg.matching.blossom.v5.KolmogorovWeightedMatchingTest" time="0.013"/>
  <testcase name="testGetMatching1[28]" classname="org.jgrapht.alg.matching.blossom.v5.KolmogorovWeightedMatchingTest" time="0"/>
  <testcase name="testGetMatching2[28]" classname="org.jgrapht.alg.matching.blossom.v5.KolmogorovWeightedMatchingTest" time="0"/>
  <testcase name="testGetMatching3[28]" classname="org.jgrapht.alg.matching.blossom.v5.KolmogorovWeightedMatchingTest" time="0"/>
  <testcase name="testGetMatching4[28]" classname="org.jgrapht.alg.matching.blossom.v5.KolmogorovWeightedMatchingTest" time="0.001"/>
  <testcase name="testGetMatching5[28]" classname="org.jgrapht.alg.matching.blossom.v5.KolmogorovWeightedMatchingTest" time="0"/>
  <testcase name="testGetMatching6[28]" classname="org.jgrapht.alg.matching.blossom.v5.KolmogorovWeightedMatchingTest" time="0.001"/>
  <testcase name="testGetMatching7[28]" classname="org.jgrapht.alg.matching.blossom.v5.KolmogorovWeightedMatchingTest" time="0.001"/>
  <testcase name="testGetMatching8[28]" classname="org.jgrapht.alg.matching.blossom.v5.KolmogorovWeightedMatchingTest" time="0"/>
  <testcase name="testGetMatching9[28]" classname="org.jgrapht.alg.matching.blossom.v5.KolmogorovWeightedMatchingTest" time="0.001"/>
  <testcase name="testGetMatching10[29]" classname="org.jgrapht.alg.matching.blossom.v5.KolmogorovWeightedMatchingTest" time="0.001"/>
  <testcase name="testGetMatching11[29]" classname="org.jgrapht.alg.matching.blossom.v5.KolmogorovWeightedMatchingTest" time="0.001"/>
  <testcase name="testGetMatching12[29]" classname="org.jgrapht.alg.matching.blossom.v5.KolmogorovWeightedMatchingTest" time="0.002"/>
  <testcase name="testGetMatching13[29]" classname="org.jgrapht.alg.matching.blossom.v5.KolmogorovWeightedMatchingTest" time="0"/>
  <testcase name="testGetMatching14[29]" classname="org.jgrapht.alg.matching.blossom.v5.KolmogorovWeightedMatchingTest" time="0.002"/>
  <testcase name="testGetMatching15[29]" classname="org.jgrapht.alg.matching.blossom.v5.KolmogorovWeightedMatchingTest" time="0.003"/>
  <testcase name="testGetMatching16[29]" classname="org.jgrapht.alg.matching.blossom.v5.KolmogorovWeightedMatchingTest" time="0.004"/>
  <testcase name="testGetMatching17[29]" classname="org.jgrapht.alg.matching.blossom.v5.KolmogorovWeightedMatchingTest" time="0.007"/>
  <testcase name="testGetMatching18[29]" classname="org.jgrapht.alg.matching.blossom.v5.KolmogorovWeightedMatchingTest" time="0.017"/>
  <testcase name="testGetMatching19[29]" classname="org.jgrapht.alg.matching.blossom.v5.KolmogorovWeightedMatchingTest" time="0.012"/>
  <testcase name="testGetMatching1[29]" classname="org.jgrapht.alg.matching.blossom.v5.KolmogorovWeightedMatchingTest" time="0"/>
  <testcase name="testGetMatching2[29]" classname="org.jgrapht.alg.matching.blossom.v5.KolmogorovWeightedMatchingTest" time="0"/>
  <testcase name="testGetMatching3[29]" classname="org.jgrapht.alg.matching.blossom.v5.KolmogorovWeightedMatchingTest" time="0.001"/>
  <testcase name="testGetMatching4[29]" classname="org.jgrapht.alg.matching.blossom.v5.KolmogorovWeightedMatchingTest" time="0"/>
  <testcase name="testGetMatching5[29]" classname="org.jgrapht.alg.matching.blossom.v5.KolmogorovWeightedMatchingTest" time="0"/>
  <testcase name="testGetMatching6[29]" classname="org.jgrapht.alg.matching.blossom.v5.KolmogorovWeightedMatchingTest" time="0.001"/>
  <testcase name="testGetMatching7[29]" classname="org.jgrapht.alg.matching.blossom.v5.KolmogorovWeightedMatchingTest" time="0.002"/>
  <testcase name="testGetMatching8[29]" classname="org.jgrapht.alg.matching.blossom.v5.KolmogorovWeightedMatchingTest" time="0"/>
  <testcase name="testGetMatching9[29]" classname="org.jgrapht.alg.matching.blossom.v5.KolmogorovWeightedMatchingTest" time="0"/>
  <testcase name="testGetMatching10[30]" classname="org.jgrapht.alg.matching.blossom.v5.KolmogorovWeightedMatchingTest" time="0.001"/>
  <testcase name="testGetMatching11[30]" classname="org.jgrapht.alg.matching.blossom.v5.KolmogorovWeightedMatchingTest" time="0.001"/>
  <testcase name="testGetMatching12[30]" classname="org.jgrapht.alg.matching.blossom.v5.KolmogorovWeightedMatchingTest" time="0"/>
  <testcase name="testGetMatching13[30]" classname="org.jgrapht.alg.matching.blossom.v5.KolmogorovWeightedMatchingTest" time="0.001"/>
  <testcase name="testGetMatching14[30]" classname="org.jgrapht.alg.matching.blossom.v5.KolmogorovWeightedMatchingTest" time="0.001"/>
  <testcase name="testGetMatching15[30]" classname="org.jgrapht.alg.matching.blossom.v5.KolmogorovWeightedMatchingTest" time="0.003"/>
  <testcase name="testGetMatching16[30]" classname="org.jgrapht.alg.matching.blossom.v5.KolmogorovWeightedMatchingTest" time="0.003"/>
  <testcase name="testGetMatching17[30]" classname="org.jgrapht.alg.matching.blossom.v5.KolmogorovWeightedMatchingTest" time="0.01"/>
  <testcase name="testGetMatching18[30]" classname="org.jgrapht.alg.matching.blossom.v5.KolmogorovWeightedMatchingTest" time="0.012"/>
  <testcase name="testGetMatching19[30]" classname="org.jgrapht.alg.matching.blossom.v5.KolmogorovWeightedMatchingTest" time="0.013"/>
  <testcase name="testGetMatching1[30]" classname="org.jgrapht.alg.matching.blossom.v5.KolmogorovWeightedMatchingTest" time="0"/>
  <testcase name="testGetMatching2[30]" classname="org.jgrapht.alg.matching.blossom.v5.KolmogorovWeightedMatchingTest" time="0"/>
  <testcase name="testGetMatching3[30]" classname="org.jgrapht.alg.matching.blossom.v5.KolmogorovWeightedMatchingTest" time="0"/>
  <testcase name="testGetMatching4[30]" classname="org.jgrapht.alg.matching.blossom.v5.KolmogorovWeightedMatchingTest" time="0"/>
  <testcase name="testGetMatching5[30]" classname="org.jgrapht.alg.matching.blossom.v5.KolmogorovWeightedMatchingTest" time="0"/>
  <testcase name="testGetMatching6[30]" classname="org.jgrapht.alg.matching.blossom.v5.KolmogorovWeightedMatchingTest" time="0.001"/>
  <testcase name="testGetMatching7[30]" classname="org.jgrapht.alg.matching.blossom.v5.KolmogorovWeightedMatchingTest" time="0.003"/>
  <testcase name="testGetMatching8[30]" classname="org.jgrapht.alg.matching.blossom.v5.KolmogorovWeightedMatchingTest" time="0.001"/>
  <testcase name="testGetMatching9[30]" classname="org.jgrapht.alg.matching.blossom.v5.KolmogorovWeightedMatchingTest" time="0.001"/>
  <testcase name="testGetMatching10[31]" classname="org.jgrapht.alg.matching.blossom.v5.KolmogorovWeightedMatchingTest" time="0"/>
  <testcase name="testGetMatching11[31]" classname="org.jgrapht.alg.matching.blossom.v5.KolmogorovWeightedMatchingTest" time="0.001"/>
  <testcase name="testGetMatching12[31]" classname="org.jgrapht.alg.matching.blossom.v5.KolmogorovWeightedMatchingTest" time="0"/>
  <testcase name="testGetMatching13[31]" classname="org.jgrapht.alg.matching.blossom.v5.KolmogorovWeightedMatchingTest" time="0.001"/>
  <testcase name="testGetMatching14[31]" classname="org.jgrapht.alg.matching.blossom.v5.KolmogorovWeightedMatchingTest" time="0.001"/>
  <testcase name="testGetMatching15[31]" classname="org.jgrapht.alg.matching.blossom.v5.KolmogorovWeightedMatchingTest" time="0.004"/>
  <testcase name="testGetMatching16[31]" classname="org.jgrapht.alg.matching.blossom.v5.KolmogorovWeightedMatchingTest" time="0.004"/>
  <testcase name="testGetMatching17[31]" classname="org.jgrapht.alg.matching.blossom.v5.KolmogorovWeightedMatchingTest" time="0.007"/>
[...]
  <testcase name="testGetMatching12[40]" classname="org.jgrapht.alg.matching.blossom.v5.KolmogorovWeightedMatchingTest" time="0.001"/>
  <testcase name="testGetMatching13[40]" classname="org.jgrapht.alg.matching.blossom.v5.KolmogorovWeightedMatchingTest" time="0.001"/>
  <testcase name="testGetMatching14[40]" classname="org.jgrapht.alg.matching.blossom.v5.KolmogorovWeightedMatchingTest" time="0.001"/>
  <testcase name="testGetMatching15[40]" classname="org.jgrapht.alg.matching.blossom.v5.KolmogorovWeightedMatchingTest" time="0.006"/>
  <testcase name="testGetMatching16[40]" classname="org.jgrapht.alg.matching.blossom.v5.KolmogorovWeightedMatchingTest" time="0.005"/>
  <testcase name="testGetMatching17[40]" classname="org.jgrapht.alg.matching.blossom.v5.KolmogorovWeightedMatchingTest" time="0.012"/>
  <testcase name="testGetMatching18[40]" classname="org.jgrapht.alg.matching.blossom.v5.KolmogorovWeightedMatchingTest" time="0.016"/>
  <testcase name="testGetMatching19[40]" classname="org.jgrapht.alg.matching.blossom.v5.KolmogorovWeightedMatchingTest" time="0.016"/>
  <testcase name="testGetMatching1[40]" classname="org.jgrapht.alg.matching.blossom.v5.KolmogorovWeightedMatchingTest" time="0"/>
  <testcase name="testGetMatching2[40]" classname="org.jgrapht.alg.matching.blossom.v5.KolmogorovWeightedMatchingTest" time="0"/>
  <testcase name="testGetMatching3[40]" classname="org.jgrapht.alg.matching.blossom.v5.KolmogorovWeightedMatchingTest" time="0"/>
  <testcase name="testGetMatching4[40]" classname="org.jgrapht.alg.matching.blossom.v5.KolmogorovWeightedMatchingTest" time="0"/>
  <testcase name="testGetMatching5[40]" classname="org.jgrapht.alg.matching.blossom.v5.KolmogorovWeightedMatchingTest" time="0.001"/>
  <testcase name="testGetMatching6[40]" classname="org.jgrapht.alg.matching.blossom.v5.KolmogorovWeightedMatchingTest" time="0.001"/>
  <testcase name="testGetMatching7[40]" classname="org.jgrapht.alg.matching.blossom.v5.KolmogorovWeightedMatchingTest" time="0.001"/>
  <testcase name="testGetMatching8[40]" classname="org.jgrapht.alg.matching.blossom.v5.KolmogorovWeightedMatchingTest" time="0"/>
  <testcase name="testGetMatching9[40]" classname="org.jgrapht.alg.matching.blossom.v5.KolmogorovWeightedMatchingTest" time="0.001"/>
  <testcase name="testGetMatching10[41]" classname="org.jgrapht.alg.matching.blossom.v5.KolmogorovWeightedMatchingTest" time="0"/>
  <testcase name="testGetMatching11[41]" classname="org.jgrapht.alg.matching.blossom.v5.KolmogorovWeightedMatchingTest" time="0"/>
  <testcase name="testGetMatching12[41]" classname="org.jgrapht.alg.matching.blossom.v5.KolmogorovWeightedMatchingTest" time="0.001"/>
  <testcase name="testGetMatching13[41]" classname="org.jgrapht.alg.matching.blossom.v5.KolmogorovWeightedMatchingTest" time="0.001"/>
  <testcase name="testGetMatching14[41]" classname="org.jgrapht.alg.matching.blossom.v5.KolmogorovWeightedMatchingTest" time="0.002"/>
  <testcase name="testGetMatching15[41]" classname="org.jgrapht.alg.matching.blossom.v5.KolmogorovWeightedMatchingTest" time="0.002"/>
  <testcase name="testGetMatching16[41]" classname="org.jgrapht.alg.matching.blossom.v5.KolmogorovWeightedMatchingTest" time="0.007"/>
  <testcase name="testGetMatching17[41]" classname="org.jgrapht.alg.matching.blossom.v5.KolmogorovWeightedMatchingTest" time="0.009"/>
  <testcase name="testGetMatching18[41]" classname="org.jgrapht.alg.matching.blossom.v5.KolmogorovWeightedMatchingTest" time="0.015"/>
  <testcase name="testGetMatching19[41]" classname="org.jgrapht.alg.matching.blossom.v5.KolmogorovWeightedMatchingTest" time="0.018"/>
  <testcase name="testGetMatching1[41]" classname="org.jgrapht.alg.matching.blossom.v5.KolmogorovWeightedMatchingTest" time="0"/>
  <testcase name="testGetMatching2[41]" classname="org.jgrapht.alg.matching.blossom.v5.KolmogorovWeightedMatchingTest" time="0"/>
  <testcase name="testGetMatching3[41]" classname="org.jgrapht.alg.matching.blossom.v5.KolmogorovWeightedMatchingTest" time="0"/>
  <testcase name="testGetMatching4[41]" classname="org.jgrapht.alg.matching.blossom.v5.KolmogorovWeightedMatchingTest" time="0"/>
  <testcase name="testGetMatching5[41]" classname="org.jgrapht.alg.matching.blossom.v5.KolmogorovWeightedMatchingTest" time="0"/>
  <testcase name="testGetMatching6[41]" classname="org.jgrapht.alg.matching.blossom.v5.KolmogorovWeightedMatchingTest" time="0.002"/>
  <testcase name="testGetMatching7[41]" classname="org.jgrapht.alg.matching.blossom.v5.KolmogorovWeightedMatchingTest" time="0.003"/>
  <testcase name="testGetMatching8[41]" classname="org.jgrapht.alg.matching.blossom.v5.KolmogorovWeightedMatchingTest" time="0"/>
  <testcase name="testGetMatching9[41]" classname="org.jgrapht.alg.matching.blossom.v5.KolmogorovWeightedMatchingTest" time="0.001"/>
  <testcase name="testGetMatching10[42]" classname="org.jgrapht.alg.matching.blossom.v5.KolmogorovWeightedMatchingTest" time="0"/>
  <testcase name="testGetMatching11[42]" classname="org.jgrapht.alg.matching.blossom.v5.KolmogorovWeightedMatchingTest" time="0.002"/>
  <testcase name="testGetMatching12[42]" classname="org.jgrapht.alg.matching.blossom.v5.KolmogorovWeightedMatchingTest" time="0.001"/>
  <testcase name="testGetMatching13[42]" classname="org.jgrapht.alg.matching.blossom.v5.KolmogorovWeightedMatchingTest" time="0.001"/>
  <testcase name="testGetMatching14[42]" classname="org.jgrapht.alg.matching.blossom.v5.KolmogorovWeightedMatchingTest" time="0.002"/>
  <testcase name="testGetMatching15[42]" classname="org.jgrapht.alg.matching.blossom.v5.KolmogorovWeightedMatchingTest" time="0.008"/>
  <testcase name="testGetMatching16[42]" classname="org.jgrapht.alg.matching.blossom.v5.KolmogorovWeightedMatchingTest" time="0.007"/>
  <testcase name="testGetMatching17[42]" classname="org.jgrapht.alg.matching.blossom.v5.KolmogorovWeightedMatchingTest" time="0.013"/>
  <testcase name="testGetMatching18[42]" classname="org.jgrapht.alg.matching.blossom.v5.KolmogorovWeightedMatchingTest" time="0.026"/>
  <testcase name="testGetMatching19[42]" classname="org.jgrapht.alg.matching.blossom.v5.KolmogorovWeightedMatchingTest" time="0.025"/>
  <testcase name="testGetMatching1[42]" classname="org.jgrapht.alg.matching.blossom.v5.KolmogorovWeightedMatchingTest" time="0"/>
  <testcase name="testGetMatching2[42]" classname="org.jgrapht.alg.matching.blossom.v5.KolmogorovWeightedMatchingTest" time="0.001"/>
  <testcase name="testGetMatching3[42]" classname="org.jgrapht.alg.matching.blossom.v5.KolmogorovWeightedMatchingTest" time="0"/>
  <testcase name="testGetMatching4[42]" classname="org.jgrapht.alg.matching.blossom.v5.KolmogorovWeightedMatchingTest" time="0"/>
  <testcase name="testGetMatching5[42]" classname="org.jgrapht.alg.matching.blossom.v5.KolmogorovWeightedMatchingTest" time="0.002"/>
  <testcase name="testGetMatching6[42]" classname="org.jgrapht.alg.matching.blossom.v5.KolmogorovWeightedMatchingTest" time="0.001"/>
  <testcase name="testGetMatching7[42]" classname="org.jgrapht.alg.matching.blossom.v5.KolmogorovWeightedMatchingTest" time="0.004"/>
  <testcase name="testGetMatching8[42]" classname="org.jgrapht.alg.matching.blossom.v5.KolmogorovWeightedMatchingTest" time="0"/>
  <testcase name="testGetMatching9[42]" classname="org.jgrapht.alg.matching.blossom.v5.KolmogorovWeightedMatchingTest" time="0"/>
  <testcase name="testGetMatching10[43]" classname="org.jgrapht.alg.matching.blossom.v5.KolmogorovWeightedMatchingTest" time="0.001"/>
  <testcase name="testGetMatching11[43]" classname="org.jgrapht.alg.matching.blossom.v5.KolmogorovWeightedMatchingTest" time="0.001"/>
  <testcase name="testGetMatching12[43]" classname="org.jgrapht.alg.matching.blossom.v5.KolmogorovWeightedMatchingTest" time="0.001"/>
  <testcase name="testGetMatching13[43]" classname="org.jgrapht.alg.matching.blossom.v5.KolmogorovWeightedMatchingTest" time="0.001"/>
  <testcase name="testGetMatching14[43]" classname="org.jgrapht.alg.matching.blossom.v5.KolmogorovWeightedMatchingTest" time="0.002"/>
  <testcase name="testGetMatching15[43]" classname="org.jgrapht.alg.matching.blossom.v5.KolmogorovWeightedMatchingTest" time="0.004"/>
  <testcase name="testGetMatching16[43]" classname="org.jgrapht.alg.matching.blossom.v5.KolmogorovWeightedMatchingTest" time="0.006"/>
  <testcase name="testGetMatching17[43]" classname="org.jgrapht.alg.matching.blossom.v5.KolmogorovWeightedMatchingTest" time="0.012"/>
  <testcase name="testGetMatching18[43]" classname="org.jgrapht.alg.matching.blossom.v5.KolmogorovWeightedMatchingTest" time="0.014"/>
  <testcase name="testGetMatching19[43]" classname="org.jgrapht.alg.matching.blossom.v5.KolmogorovWeightedMatchingTest" time="0.02"/>
  <testcase name="testGetMatching1[43]" classname="org.jgrapht.alg.matching.blossom.v5.KolmogorovWeightedMatchingTest" time="0"/>
  <testcase name="testGetMatching2[43]" classname="org.jgrapht.alg.matching.blossom.v5.KolmogorovWeightedMatchingTest" time="0"/>
  <testcase name="testGetMatching3[43]" classname="org.jgrapht.alg.matching.blossom.v5.KolmogorovWeightedMatchingTest" time="0"/>
  <testcase name="testGetMatching4[43]" classname="org.jgrapht.alg.matching.blossom.v5.KolmogorovWeightedMatchingTest" time="0.001"/>
  <testcase name="testGetMatching5[43]" classname="org.jgrapht.alg.matching.blossom.v5.KolmogorovWeightedMatchingTest" time="0.001"/>
  <testcase name="testGetMatching6[43]" classname="org.jgrapht.alg.matching.blossom.v5.KolmogorovWeightedMatchingTest" time="0.003"/>
  <testcase name="testGetMatching7[43]" classname="org.jgrapht.alg.matching.blossom.v5.KolmogorovWeightedMatchingTest" time="0.003"/>
  <testcase name="testGetMatching8[43]" classname="org.jgrapht.alg.matching.blossom.v5.KolmogorovWeightedMatchingTest" time="0.001"/>
  <testcase name="testGetMatching9[43]" classname="org.jgrapht.alg.matching.blossom.v5.KolmogorovWeightedMatchingTest" time="0"/>
  <testcase name="testGetMatching10[44]" classname="org.jgrapht.alg.matching.blossom.v5.KolmogorovWeightedMatchingTest" time="0"/>
  <testcase name="testGetMatching11[44]" classname="org.jgrapht.alg.matching.blossom.v5.KolmogorovWeightedMatchingTest" time="0.001"/>
  <testcase name="testGetMatching12[44]" classname="org.jgrapht.alg.matching.blossom.v5.KolmogorovWeightedMatchingTest" time="0.001"/>
  <testcase name="testGetMatching13[44]" classname="org.jgrapht.alg.matching.blossom.v5.KolmogorovWeightedMatchingTest" time="0.001"/>
  <testcase name="testGetMatching14[44]" classname="org.jgrapht.alg.matching.blossom.v5.KolmogorovWeightedMatchingTest" time="0.002"/>
  <testcase name="testGetMatching15[44]" classname="org.jgrapht.alg.matching.blossom.v5.KolmogorovWeightedMatchingTest" time="0.003"/>
  <testcase name="testGetMatching16[44]" classname="org.jgrapht.alg.matching.blossom.v5.KolmogorovWeightedMatchingTest" time="0.003"/>
  <testcase name="testGetMatching17[44]" classname="org.jgrapht.alg.matching.blossom.v5.KolmogorovWeightedMatchingTest" time="0.013"/>
  <testcase name="testGetMatching18[44]" classname="org.jgrapht.alg.matching.blossom.v5.KolmogorovWeightedMatchingTest" time="0.012"/>
  <testcase name="testGetMatching19[44]" classname="org.jgrapht.alg.matching.blossom.v5.KolmogorovWeightedMatchingTest" time="0.02"/>
  <testcase name="testGetMatching1[44]" classname="org.jgrapht.alg.matching.blossom.v5.KolmogorovWeightedMatchingTest" time="0"/>
  <testcase name="testGetMatching2[44]" classname="org.jgrapht.alg.matching.blossom.v5.KolmogorovWeightedMatchingTest" time="0"/>
  <testcase name="testGetMatching3[44]" classname="org.jgrapht.alg.matching.blossom.v5.KolmogorovWeightedMatchingTest" time="0"/>
  <testcase name="testGetMatching4[44]" classname="org.jgrapht.alg.matching.blossom.v5.KolmogorovWeightedMatchingTest" time="0.001"/>
  <testcase name="testGetMatching5[44]" classname="org.jgrapht.alg.matching.blossom.v5.KolmogorovWeightedMatchingTest" time="0"/>
  <testcase name="testGetMatching6[44]" classname="org.jgrapht.alg.matching.blossom.v5.KolmogorovWeightedMatchingTest" time="0.001"/>
  <testcase name="testGetMatching7[44]" classname="org.jgrapht.alg.matching.blossom.v5.KolmogorovWeightedMatchingTest" time="0.002"/>
  <testcase name="testGetMatching8[44]" classname="org.jgrapht.alg.matching.blossom.v5.KolmogorovWeightedMatchingTest" time="0"/>
  <testcase name="testGetMatching9[44]" classname="org.jgrapht.alg.matching.blossom.v5.KolmogorovWeightedMatchingTest" time="0.001"/>
  <testcase name="testGetMatching10[45]" classname="org.jgrapht.alg.matching.blossom.v5.KolmogorovWeightedMatchingTest" time="0.001"/>
  <testcase name="testGetMatching11[45]" classname="org.jgrapht.alg.matching.blossom.v5.KolmogorovWeightedMatchingTest" time="0.001"/>
  <testcase name="testGetMatching12[45]" classname="org.jgrapht.alg.matching.blossom.v5.KolmogorovWeightedMatchingTest" time="0.001"/>
  <testcase name="testGetMatching13[45]" classname="org.jgrapht.alg.matching.blossom.v5.KolmogorovWeightedMatchingTest" time="0.001"/>
  <testcase name="testGetMatching14[45]" classname="org.jgrapht.alg.matching.blossom.v5.KolmogorovWeightedMatchingTest" time="0.002"/>
  <testcase name="testGetMatching15[45]" classname="org.jgrapht.alg.matching.blossom.v5.KolmogorovWeightedMatchingTest" time="0.003"/>
  <testcase name="testGetMatching16[45]" classname="org.jgrapht.alg.matching.blossom.v5.KolmogorovWeightedMatchingTest" time="0.004"/>
  <testcase name="testGetMatching17[45]" classname="org.jgrapht.alg.matching.blossom.v5.KolmogorovWeightedMatchingTest" time="0.012"/>
  <testcase name="testGetMatching18[45]" classname="org.jgrapht.alg.matching.blossom.v5.KolmogorovWeightedMatchingTest" time="0.013"/>
  <testcase name="testGetMatching19[45]" classname="org.jgrapht.alg.matching.blossom.v5.KolmogorovWeightedMatchingTest" time="0.02"/>
  <testcase name="testGetMatching1[45]" classname="org.jgrapht.alg.matching.blossom.v5.KolmogorovWeightedMatchingTest" time="0"/>
  <testcase name="testGetMatching2[45]" classname="org.jgrapht.alg.matching.blossom.v5.KolmogorovWeightedMatchingTest" time="0"/>
  <testcase name="testGetMatching3[45]" classname="org.jgrapht.alg.matching.blossom.v5.KolmogorovWeightedMatchingTest" time="0"/>
  <testcase name="testGetMatching4[45]" classname="org.jgrapht.alg.matching.blossom.v5.KolmogorovWeightedMatchingTest" time="0.001"/>
  <testcase name="testGetMatching5[45]" classname="org.jgrapht.alg.matching.blossom.v5.KolmogorovWeightedMatchingTest" time="0"/>
  <testcase name="testGetMatching6[45]" classname="org.jgrapht.alg.matching.blossom.v5.KolmogorovWeightedMatchingTest" time="0.001"/>
  <testcase name="testGetMatching7[45]" classname="org.jgrapht.alg.matching.blossom.v5.KolmogorovWeightedMatchingTest" time="0.002"/>
  <testcase name="testGetMatching8[45]" classname="org.jgrapht.alg.matching.blossom.v5.KolmogorovWeightedMatchingTest" time="0"/>
  <testcase name="testGetMatching9[45]" classname="org.jgrapht.alg.matching.blossom.v5.KolmogorovWeightedMatchingTest" time="0"/>
  <testcase name="testGetMatching10[46]" classname="org.jgrapht.alg.matching.blossom.v5.KolmogorovWeightedMatchingTest" time="0"/>
  <testcase name="testGetMatching11[46]" classname="org.jgrapht.alg.matching.blossom.v5.KolmogorovWeightedMatchingTest" time="0.001"/>
  <testcase name="testGetMatching12[46]" classname="org.jgrapht.alg.matching.blossom.v5.KolmogorovWeightedMatchingTest" time="0"/>
  <testcase name="testGetMatching13[46]" classname="org.jgrapht.alg.matching.blossom.v5.KolmogorovWeightedMatchingTest" time="0.002"/>
  <testcase name="testGetMatching14[46]" classname="org.jgrapht.alg.matching.blossom.v5.KolmogorovWeightedMatchingTest" time="0.002"/>
  <testcase name="testGetMatching15[46]" classname="org.jgrapht.alg.matching.blossom.v5.KolmogorovWeightedMatchingTest" time="0.003"/>
  <testcase name="testGetMatching16[46]" classname="org.jgrapht.alg.matching.blossom.v5.KolmogorovWeightedMatchingTest" time="0.005"/>
  <testcase name="testGetMatching17[46]" classname="org.jgrapht.alg.matching.blossom.v5.KolmogorovWeightedMatchingTest" time="0.007"/>
  <testcase name="testGetMatching18[46]" classname="org.jgrapht.alg.matching.blossom.v5.KolmogorovWeightedMatchingTest" time="0.013"/>
  <testcase name="testGetMatching19[46]" classname="org.jgrapht.alg.matching.blossom.v5.KolmogorovWeightedMatchingTest" time="0.013"/>
  <testcase name="testGetMatching1[46]" classname="org.jgrapht.alg.matching.blossom.v5.KolmogorovWeightedMatchingTest" time="0"/>
  <testcase name="testGetMatching2[46]" classname="org.jgrapht.alg.matching.blossom.v5.KolmogorovWeightedMatchingTest" time="0"/>
  <testcase name="testGetMatching3[46]" classname="org.jgrapht.alg.matching.blossom.v5.KolmogorovWeightedMatchingTest" time="0"/>
  <testcase name="testGetMatching4[46]" classname="org.jgrapht.alg.matching.blossom.v5.KolmogorovWeightedMatchingTest" time="0"/>
  <testcase name="testGetMatching5[46]" classname="org.jgrapht.alg.matching.blossom.v5.KolmogorovWeightedMatchingTest" time="0"/>
  <testcase name="testGetMatching6[46]" classname="org.jgrapht.alg.matching.blossom.v5.KolmogorovWeightedMatchingTest" time="0.001"/>
  <testcase name="testGetMatching7[46]" classname="org.jgrapht.alg.matching.blossom.v5.KolmogorovWeightedMatchingTest" time="0.001"/>
  <testcase name="testGetMatching8[46]" classname="org.jgrapht.alg.matching.blossom.v5.KolmogorovWeightedMatchingTest" time="0"/>
  <testcase name="testGetMatching9[46]" classname="org.jgrapht.alg.matching.blossom.v5.KolmogorovWeightedMatchingTest" time="0.001"/>
  <testcase name="testGetMatching10[47]" classname="org.jgrapht.alg.matching.blossom.v5.KolmogorovWeightedMatchingTest" time="0"/>
  <testcase name="testGetMatching11[47]" classname="org.jgrapht.alg.matching.blossom.v5.KolmogorovWeightedMatchingTest" time="0.001"/>
  <testcase name="testGetMatching12[47]" classname="org.jgrapht.alg.matching.blossom.v5.KolmogorovWeightedMatchingTest" time="0"/>
  <testcase name="testGetMatching13[47]" classname="org.jgrapht.alg.matching.blossom.v5.KolmogorovWeightedMatchingTest" time="0.001"/>
  <testcase name="testGetMatching14[47]" classname="org.jgrapht.alg.matching.blossom.v5.KolmogorovWeightedMatchingTest" time="0.001"/>
  <testcase name="testGetMatching15[47]" classname="org.jgrapht.alg.matching.blossom.v5.KolmogorovWeightedMatchingTest" time="0.003"/>
  <testcase name="testGetMatching16[47]" classname="org.jgrapht.alg.matching.blossom.v5.KolmogorovWeightedMatchingTest" time="0.004"/>
  <testcase name="testGetMatching17[47]" classname="org.jgrapht.alg.matching.blossom.v5.KolmogorovWeightedMatchingTest" time="0.008"/>
  <testcase name="testGetMatching18[47]" classname="org.jgrapht.alg.matching.blossom.v5.KolmogorovWeightedMatchingTest" time="0.013"/>
  <testcase name="testGetMatching19[47]" classname="org.jgrapht.alg.matching.blossom.v5.KolmogorovWeightedMatchingTest" time="0.015"/>
  <testcase name="testGetMatching1[47]" classname="org.jgrapht.alg.matching.blossom.v5.KolmogorovWeightedMatchingTest" time="0"/>
  <testcase name="testGetMatching2[47]" classname="org.jgrapht.alg.matching.blossom.v5.KolmogorovWeightedMatchingTest" time="0"/>
  <testcase name="testGetMatching3[47]" classname="org.jgrapht.alg.matching.blossom.v5.KolmogorovWeightedMatchingTest" time="0"/>
  <testcase name="testGetMatching4[47]" classname="org.jgrapht.alg.matching.blossom.v5.KolmogorovWeightedMatchingTest" time="0"/>
  <testcase name="testGetMatching5[47]" classname="org.jgrapht.alg.matching.blossom.v5.KolmogorovWeightedMatchingTest" time="0.001"/>
  <testcase name="testGetMatching6[47]" classname="org.jgrapht.alg.matching.blossom.v5.KolmogorovWeightedMatchingTest" time="0.001"/>
  <testcase name="testGetMatching7[47]" classname="org.jgrapht.alg.matching.blossom.v5.KolmogorovWeightedMatchingTest" time="0.001"/>
  <testcase name="testGetMatching8[47]" classname="org.jgrapht.alg.matching.blossom.v5.KolmogorovWeightedMatchingTest" time="0"/>
  <testcase name="testGetMatching9[47]" classname="org.jgrapht.alg.matching.blossom.v5.KolmogorovWeightedMatchingTest" time="0"/>
</testsuite>