<?xml version="1.0" encoding="UTF-8"?>
<testsuite xmlns:xsi="http://www.w3.org/2001/XMLSchema-instance" xsi:noNamespaceSchemaLocation="https://maven.apache.org/surefire/maven-surefire-plugin/xsd/surefire-test-report-3.0.xsd" version="3.0" name="org.jgrapht.alg.matching.blossom.v5.KolmogorovWeightedPerfectMatchingTest" time="10.052" tests="2496" errors="0" skipped="0" failures="0">
  <properties>
[...]
</properties>
  <testcase name="testGetMatching10[0]" classname="org.jgrapht.alg.matching.blossom.v5.KolmogorovWeightedPerfectMatchingTest" time="0"/>
  <testcase name="testGetMatching11[0]" classname="org.jgrapht.alg.matching.blossom.v5.KolmogorovWeightedPerfectMatchingTest" time="0"/>
  <testcase name="testGetMatching12[0]" classname="org.jgrapht.alg.matching.blossom.v5.KolmogorovWeightedPerfectMatchingTest" time="0"/>
  <testcase name="testGetMatching13[0]" classname="org.jgrapht.alg.matching.blossom.v5.KolmogorovWeightedPerfectMatchingTest" time="0"/>
  <testcase name="testGetMatching14[0]" classname="org.jgrapht.alg.matching.blossom.v5.KolmogorovWeightedPerfectMatchingTest" time="0"/>
  <testcase name="testGetMatching15[0]" classname="org.jgrapht.alg.matching.blossom.v5.KolmogorovWeightedPerfectMatchingTest" time="0"/>
  <testcase name="testGetMatching16[0]" classname="org.jgrapht.alg.matching.blossom.v5.KolmogorovWeightedPerfectMatchingTest" time="0"/>
  <testcase name="testGetMatching17[0]" classname="org.jgrapht.alg.matching.blossom.v5.KolmogorovWeightedPerfectMatchingTest" time="0"/>
  <testcase name="testGetMatching18[0]" classname="org.jgrapht.alg.matching.blossom.v5.KolmogorovWeightedPerfectMatchingTest" time="0"/>
  <testcase name="testGetMatching19[0]" classname="org.jgrapht.alg.matching.blossom.v5.KolmogorovWeightedPerfectMatchingTest" time="0"/>
  <testcase name="testGetMatching20[0]" classname="org.jgrapht.alg.matching.blossom.v5.KolmogorovWeightedPerfectMatchingTest" time="0"/>
  <testcase name="testGetMatching21[0]" classname="org.jgrapht.alg.matching.blossom.v5.KolmogorovWeightedPerfectMatchingTest" time="0"/>
  <testcase name="testGetMatching22[0]" classname="org.jgrapht.alg.matching.blossom.v5.KolmogorovWeightedPerfectMatchingTest" time="0"/>
  <testcase name="testGetMatching23[0]" classname="org.jgrapht.alg.matching.blossom.v5.KolmogorovWeightedPerfectMatchingTest" time="0"/>
  <testcase name="testGetMatching24[0]" classname="org.jgrapht.alg.matching.blossom.v5.KolmogorovWeightedPerfectMatchingTest" time="0"/>
  <testcase name="testGetMatching25[0]" classname="org.jgrapht.alg.matching.blossom.v5.KolmogorovWeightedPerfectMatchingTest" time="0"/>
  <testcase name="testGetMatching26[0]" classname="org.jgrapht.alg.matching.blossom.v5.KolmogorovWeightedPerfectMatchingTest" time="0"/>
  <testcase name="testGetMatching27[0]" classname="org.jgrapht.alg.matching.blossom.v5.KolmogorovWeightedPerfectMatchingTest" time="0"/>
  <testcase name="testGetMatching28[0]" classname="org.jgrapht.alg.matching.blossom.v5.KolmogorovWeightedPerfectMatchingTest" time="0"/>
  <testcase name="testGetMatching29[0]" classname="org.jgrapht.alg.matching.blossom.v5.KolmogorovWeightedPerfectMatchingTest" time="0.004"/>
  <testcase name="testGetMatching30[0]" classname="org.jgrapht.alg.matching.blossom.v5.KolmogorovWeightedPerfectMatchingTest" time="0.002"/>
  <testcase name="testGetMatching31[0]" classname="org.jgrapht.alg.matching.blossom.v5.KolmogorovWeightedPerfectMatchingTest" time="0.01"/>
  <testcase name="testGetMatching32[0]" classname="org.jgrapht.alg.matching.blossom.v5.KolmogorovWeightedPerfectMatchingTest" time="0.015"/>
  <testcase name="testGetMatching33[0]" classname="org.jgrapht.alg.matching.blossom.v5.KolmogorovWeightedPerfectMatchingTest" time="0.035"/>
  <testcase name="testGetMatching34[0]" classname="org.jgrapht.alg.matching.blossom.v5.KolmogorovWeightedPerfectMatchingTest" time="0.068"/>
  <testcase name="testGetMatching35[0]" classname="org.jgrapht.alg.matching.blossom.v5.KolmogorovWeightedPerfectMatchingTest" time="0.123"/>
  <testcase name="testGetMatching36[0]" classname="org.jgrapht.alg.matching.blossom.v5.KolmogorovWeightedPerfectMatchingTest" time="0.16"/>
  <testcase name="testGetMatching37[0]" classname="org.jgrapht.alg.matching.blossom.v5.KolmogorovWeightedPerfectMatchingTest" time="0"/>
  <testcase name="testGetMatching38[0]" classname="org.jgrapht.alg.matching.blossom.v5.KolmogorovWeightedPerfectMatchingTest" time="0.009"/>
  <testcase name="testGetMatching39[0]" classname="org.jgrapht.alg.matching.blossom.v5.KolmogorovWeightedPerfectMatchingTest" time="0.001"/>
  <testcase name="testGetMatching40[0]" classname="org.jgrapht.alg.matching.blossom.v5.KolmogorovWeightedPerfectMatchingTest" time="0.001"/>
  <testcase name="testGetMatching41[0]" classname="org.jgrapht.alg.matching.blossom.v5.KolmogorovWeightedPerfectMatchingTest" time="0.001"/>
  <testcase name="testGetMatching42[0]" classname="org.jgrapht.alg.matching.blossom.v5.KolmogorovWeightedPerfectMatchingTest" time="0.001"/>
  <testcase name="testGetMatching43[0]" classname="org.jgrapht.alg.matching.blossom.v5.KolmogorovWeightedPerfectMatchingTest" time="0"/>
  <testcase name="testGetMatching44[0]" classname="org.jgrapht.alg.matching.blossom.v5.KolmogorovWeightedPerfectMatchingTest" time="0"/>
  <testcase name="testGetMatching45[0]" classname="org.jgrapht.alg.matching.blossom.v5.KolmogorovWeightedPerfectMatchingTest" time="0.001"/>
  <testcase name="testGetMatching46[0]" classname="org.jgrapht.alg.matching.blossom.v5.KolmogorovWeightedPerfectMatchingTest" time="0.002"/>
  <testcase name="testGetMatching47[0]" classname="org.jgrapht.alg.matching.blossom.v5.KolmogorovWeightedPerfectMatchingTest" time="0"/>
  <testcase name="testGetMatching48[0]" classname="org.jgrapht.alg.matching.blossom.v5.KolmogorovWeightedPerfectMatchingTest" time="0.001"/>
  <testcase name="testGetMatching49[0]" classname="org.jgrapht.alg.matching.blossom.v5.KolmogorovWeightedPerfectMatchingTest" time="0.001"/>
  <testcase name="testGetMatching50[0]" classname="org.jgrapht.alg.matching.blossom.v5.KolmogorovWeightedPerfectMatchingTest" time="0.001"/>
  <testcase name="testInvalidDualSolution[0]" classname="org.jgrapht.alg.matching.blossom.v5.KolmogorovWeightedPerfectMatchingTest" time="0.001"/>
  <testcase name="testGetMatching0[0]" classname="org.jgrapht.alg.matching.blossom.v5.KolmogorovWeightedPerfectMatchingTest" time="0.001"/>
  <testcase name="testGetMatching1[0]" classname="org.jgrapht.alg.matching.blossom.v5.KolmogorovWeightedPerfectMatchingTest" time="0"/>
  <testcase name="testGetMatching2[0]" classname="org.jgrapht.alg.matching.blossom.v5.KolmogorovWeightedPerfectMatchingTest" time="0"/>
  <testcase name="testGetMatching3[0]" classname="org.jgrapht.alg.matching.blossom.v5.KolmogorovWeightedPerfectMatchingTest" time="0"/>
  <testcase name="testGetMatching4[0]" classname="org.jgrapht.alg.matching.blossom.v5.KolmogorovWeightedPerfectMatchingTest" time="0"/>
  <testcase name="testGetMatching5[0]" classname="org.jgrapht.alg.matching.blossom.v5.KolmogorovWeightedPerfectMatchingTest" time="0.001"/>
  <testcase name="testGetMatching6[0]" classname="org.jgrapht.alg.matching.blossom.v5.KolmogorovWeightedPerfectMatchingTest" time="0"/>
  <testcase name="testGetMatching7[0]" classname="org.jgrapht.alg.matching.blossom.v5.KolmogorovWeightedPerfectMatchingTest" time="0"/>
  <testcase name="testGetMatching8[0]" classname="org.jgrapht.alg.matching.blossom.v5.KolmogorovWeightedPerfectMatchingTest" time="0.001"/>
  <testcase name="testGetMatching9[0]" classname="org.jgrapht.alg.matching.blossom.v5.KolmogorovWeightedPerfectMatchingTest" time="0"/>
  <testcase name="testGetMatching10[1]" classname="org.jgrapht.alg.matching.blossom.v5.KolmogorovWeightedPerfectMatchingTest" time="0"/>
  <testcase name="testGetMatching11[1]" classname="org.jgrapht.alg.matching.blossom.v5.KolmogorovWeightedPerfectMatchingTest" time="0"/>
  <testcase name="testGetMatching12[1]" classname="org.jgrapht.alg.matching.blossom.v5.KolmogorovWeightedPerfectMatchingTest" time="0.001"/>
  <testcase name="testGetMatching13[1]" classname="org.jgrapht.alg.matching.blossom.v5.KolmogorovWeightedPerfectMatchingTest" time="0"/>
  <testcase name="testGetMatching14[1]" classname="org.jgrapht.alg.matching.blossom.v5.KolmogorovWeightedPerfectMatchingTest" time="0"/>
  <testcase name="testGetMatching15[1]" classname="org.jgrapht.alg.matching.blossom.v5.KolmogorovWeightedPerfectMatchingTest" time="0"/>
  <testcase name="testGetMatching16[1]" classname="org.jgrapht.alg.matching.blossom.v5.KolmogorovWeightedPerfectMatchingTest" time="0.001"/>
  <testcase name="testGetMatching17[1]" classname="org.jgrapht.alg.matching.blossom.v5.KolmogorovWeightedPerfectMatchingTest" time="0"/>
  <testcase name="testGetMatching18[1]" classname="org.jgrapht.alg.matching.blossom.v5.KolmogorovWeightedPerfectMatchingTest" time="0"/>
  <testcase name="testGetMatching19[1]" classname="org.jgrapht.alg.matching.blossom.v5.KolmogorovWeightedPerfectMatchingTest" time="0"/>
  <testcase name="testGetMatching20[1]" classname="org.jgrapht.alg.matching.blossom.v5.KolmogorovWeightedPerfectMatchingTest" time="0.001"/>
  <testcase name="testGetMatching21[1]" classname="org.jgrapht.alg.matching.blossom.v5.KolmogorovWeightedPerfectMatchingTest" time="0"/>
  <testcase name="testGetMatching22[1]" classname="org.jgrapht.alg.matching.blossom.v5.KolmogorovWeightedPerfectMatchingTest" time="0"/>
  <testcase name="testGetMatching23[1]" classname="org.jgrapht.alg.matching.blossom.v5.KolmogorovWeightedPerfectMatchingTest" time="0"/>
  <testcase name="testGetMatching24[1]" classname="org.jgrapht.alg.matching.blossom.v5.KolmogorovWeightedPerfectMatchingTest" time="0.001"/>
  <testcase name="testGetMatching25[1]" classname="org.jgrapht.alg.matching.blossom.v5.KolmogorovWeightedPerfectMatchingTest" time="0"/>
  <testcase name="testGetMatching26[1]" classname="org.jgrapht.alg.matching.blossom.v5.KolmogorovWeightedPerfectMatchingTest" time="0"/>
  <testcase name="testGetMatching27[1]" classname="org.jgrapht.alg.matching.blossom.v5.KolmogorovWeightedPerfectMatchingTest" time="0"/>
  <testcase name="testGetMatching28[1]" classname="org.jgrapht.alg.matching.blossom.v5.KolmogorovWeightedPerfectMatchingTest" time="0"/>
  <testcase name="testGetMatching29[1]" classname="org.jgrapht.alg.matching.blossom.v5.KolmogorovWeightedPerfectMatchingTest" time="0.002"/>
  <testcase name="testGetMatching30[1]" classname="org.jgrapht.alg.matching.blossom.v5.KolmogorovWeightedPerfectMatchingTest" time="0.001"/>
  <testcase name="testGetMatching31[1]" classname="org.jgrapht.alg.matching.blossom.v5.KolmogorovWeightedPerfectMatchingTest" time="0.003"/>
  <testcase name="testGetMatching32[1]" classname="org.jgrapht.alg.matching.blossom.v5.KolmogorovWeightedPerfectMatchingTest" time="0.003"/>
  <testcase name="testGetMatching33[1]" classname="org.jgrapht.alg.matching.blossom.v5.KolmogorovWeightedPerfectMatchingTest" time="0.008"/>
  <testcase name="testGetMatching34[1]" classname="org.jgrapht.alg.matching.blossom.v5.KolmogorovWeightedPerfectMatchingTest" time="0.008"/>
  <testcase name="testGetMatching35[1]" classname="org.jgrapht.alg.matching.blossom.v5.KolmogorovWeightedPerfectMatchingTest" time="0.012"/>
  <testcase name="testGetMatching36[1]" classname="org.jgrapht.alg.matching.blossom.v5.KolmogorovWeightedPerfectMatchingTest" time="0.014"/>
  <testcase name="testGetMatching37[1]" classname="org.jgrapht.alg.matching.blossom.v5.KolmogorovWeightedPerfectMatchingTest" time="0.002"/>
  <testcase name="testGetMatching38[1]" classname="org.jgrapht.alg.matching.blossom.v5.KolmogorovWeightedPerfectMatchingTest" time="0.011"/>
  <testcase name="testGetMatching39[1]" classname="org.jgrapht.alg.matching.blossom.v5.KolmogorovWeightedPerfectMatchingTest" time="0"/>
  <testcase name="testGetMatching40[1]" classname="org.jgrapht.alg.matching.blossom.v5.KolmogorovWeightedPerfectMatchingTest" time="0"/>
  <testcase name="testGetMatching41[1]" classname="org.jgrapht.alg.matching.blossom.v5.KolmogorovWeightedPerfectMatchingTest" time="0"/>
  <testcase name="testGetMatching42[1]" classname="org.jgrapht.alg.matching.blossom.v5.KolmogorovWeightedPerfectMatchingTest" time="0"/>
  <testcase name="testGetMatching43[1]" classname="org.jgrapht.alg.matching.blossom.v5.KolmogorovWeightedPerfectMatchingTest" time="0.001"/>
  <testcase name="testGetMatching44[1]" classname="org.jgrapht.alg.matching.blossom.v5.KolmogorovWeightedPerfectMatchingTest" time="0"/>
  <testcase name="testGetMatching45[1]" classname="org.jgrapht.alg.matching.blossom.v5.KolmogorovWeightedPerfectMatchingTest" time="0"/>
  <testcase name="testGetMatching46[1]" classname="org.jgrapht.alg.matching.blossom.v5.KolmogorovWeightedPerfectMatchingTest" time="0.002"/>
  <testcase name="testGetMatching47[1]" classname="org.jgrapht.alg.matching.blossom.v5.KolmogorovWeightedPerfectMatchingTest" time="0"/>
  <testcase name="testGetMatching48[1]" classname="org.jgrapht.alg.matching.blossom.v5.KolmogorovWeightedPerfectMatchingTest" time="0.001"/>
  <testcase name="testGetMatching49[1]" classname="org.jgrapht.alg.matching.blossom.v5.KolmogorovWeightedPerfectMatchingTest" time="0.001"/>
  <testcase name="testGetMatching50[1]" classname="org.jgrapht.alg.matching.blossom.v5.KolmogorovWeightedPerfectMatchingTest" time="0.002"/>
  <testcase name="testInvalidDualSolution[1]" classname="org.jgrapht.alg.matching.blossom.v5.KolmogorovWeightedPerfectMatchingTest" time="0"/>
  <testcase name="testGetMatching0[1]" classname="org.jgrapht.alg.matching.blossom.v5.KolmogorovWeightedPerfectMatchingTest" time="0.001"/>
  <testcase name="testGetMatching1[1]" classname="org.jgrapht.alg.matching.blossom.v5.KolmogorovWeightedPerfectMatchingTest" time="0"/>
  <testcase name="testGetMatching2[1]" classname="org.jgrapht.alg.matching.blossom.v5.KolmogorovWeightedPerfectMatchingTest" time="0"/>
  <testcase name="testGetMatching3[1]" classname="org.jgrapht.alg.matching.blossom.v5.KolmogorovWeightedPerfectMatchingTest" time="0"/>
  <testcase name="testGetMatching4[1]" classname="org.jgrapht.alg.matching.blossom.v5.KolmogorovWeightedPerfectMatchingTest" time="0"/>
  <testcase name="testGetMatching5[1]" classname="org.jgrapht.alg.matching.blossom.v5.KolmogorovWeightedPerfectMatchingTest" time="0"/>
  <testcase name="testGetMatching6[1]" classname="org.jgrapht.alg.matching.blossom.v5.KolmogorovWeightedPerfectMatchingTest" time="0.001"/>
  <testcase name="testGetMatching7[1]" classname="org.jgrapht.alg.matching.blossom.v5.KolmogorovWeightedPerfectMatchingTest" time="0"/>
  <testcase name="testGetMatching8[1]" classname="org.jgrapht.alg.matching.blossom.v5.KolmogorovWeightedPerfectMatchingTest" time="0"/>
  <testcase name="testGetMatching9[1]" classname="org.jgrapht.alg.matching.blossom.v5.KolmogorovWeightedPerfectMatchingTest" time="0.001"/>
  <testcase name="testGetMatching10[2]" classname="org.jgrapht.alg.matching.blossom.v5.KolmogorovWeightedPerfectMatchingTest" time="0"/>
  <testcase name="testGetMatching11[2]" classname="org.jgrapht.alg.matching.blossom.v5.KolmogorovWeightedPerfectMatchingTest" time="0"/>
  <testcase name="testGetMatching12[2]" classname="org.jgrapht.alg.matching.blossom.v5.KolmogorovWeightedPerfectMatchingTest" time="0.001"/>
  <testcase name="testGetMatching13[2]" classname="org.jgrapht.alg.matching.blossom.v5.KolmogorovWeightedPerfectMatchingTest" time="0"/>
  <testcase name="testGetMatching14[2]" classname="org.jgrapht.alg.matching.blossom.v5.KolmogorovWeightedPerfectMatchingTest" time="0"/>
  <testcase name="testGetMatching15[2]" classname="org.jgrapht.alg.matching.blossom.v5.KolmogorovWeightedPerfectMatchingTest" time="0"/>
  <testcase name="testGetMatching16[2]" classname="org.jgrapht.alg.matching.blossom.v5.KolmogorovWeightedPerfectMatchingTest" time="0"/>
  <testcase name="testGetMatching17[2]" classname="org.jgrapht.alg.matching.blossom.v5.KolmogorovWeightedPerfectMatchingTest" time="0.001"/>
  <testcase name="testGetMatching18[2]" classname="org.jgrapht.alg.matching.blossom.v5.KolmogorovWeightedPerfectMatchingTest" time="0"/>
  <testcase name="testGetMatching19[2]" classname="org.jgrapht.alg.matching.blossom.v5.KolmogorovWeightedPerfectMatchingTest" time="0"/>
  <testcase name="testGetMatching20[2]" classname="org.jgrapht.alg.matching.blossom.v5.KolmogorovWeightedPerfectMatchingTest" time="0"/>
  <testcase name="testGetMatching21[2]" classname="org.jgrapht.alg.matching.blossom.v5.KolmogorovWeightedPerfectMatchingTest" time="0.001"/>
  <testcase name="testGetMatching22[2]" classname="org.jgrapht.alg.matching.blossom.v5.KolmogorovWeightedPerfectMatchingTest" time="0"/>
  <testcase name="testGetMatching23[2]" classname="org.jgrapht.alg.matching.blossom.v5.KolmogorovWeightedPerfectMatchingTest" time="0.001"/>
  <testcase name="testGetMatching24[2]" classname="org.jgrapht.alg.matching.blossom.v5.KolmogorovWeightedPerfectMatchingTest" time="0"/>
  <testcase name="testGetMatching25[2]" classname="org.jgrapht.alg.matching.blossom.v5.KolmogorovWeightedPerfectMatchingTest" time="0"/>
  <testcase name="testGetMatching26[2]" classname="org.jgrapht.alg.matching.blossom.v5.KolmogorovWeightedPerfectMatchingTest" time="0"/>
  <testcase name="testGetMatching27[2]" classname="org.jgrapht.alg.matching.blossom.v5.KolmogorovWeightedPerfectMatchingTest" time="0"/>
  <testcase name="testGetMatching28[2]" classname="org.jgrapht.alg.matching.blossom.v5.KolmogorovWeightedPerfectMatchingTest" time="0.005"/>
  <testcase name="testGetMatching29[2]" classname="org.jgrapht.alg.matching.blossom.v5.KolmogorovWeightedPerfectMatchingTest" time="0.001"/>
  <testcase name="testGetMatching30[2]" classname="org.jgrapht.alg.matching.blossom.v5.KolmogorovWeightedPerfectMatchingTest" time="0.001"/>
  <testcase name="testGetMatching31[2]" classname="org.jgrapht.alg.matching.blossom.v5.KolmogorovWeightedPerfectMatchingTest" time="0.005"/>
  <testcase name="testGetMatching32[2]" classname="org.jgrapht.alg.matching.blossom.v5.KolmogorovWeightedPerfectMatchingTest" time="0.004"/>
  <testcase name="testGetMatching33[2]" classname="org.jgrapht.alg.matching.blossom.v5.KolmogorovWeightedPerfectMatchingTest" time="0.008"/>
  <testcase name="testGetMatching34[2]" classname="org.jgrapht.alg.matching.blossom.v5.KolmogorovWeightedPerfectMatchingTest" time="0.018"/>
  <testcase name="testGetMatching35[2]" classname="org.jgrapht.alg.matching.blossom.v5.KolmogorovWeightedPerfectMatchingTest" time="0.012"/>
  <testcase name="testGetMatching36[2]" classname="org.jgrapht.alg.matching.blossom.v5.KolmogorovWeightedPerfectMatchingTest" time="0.017"/>
  <testcase name="testGetMatching37[2]" classname="org.jgrapht.alg.matching.blossom.v5.KolmogorovWeightedPerfectMatchingTest" time="0.001"/>
  <testcase name="testGetMatching38[2]" classname="org.jgrapht.alg.matching.blossom.v5.KolmogorovWeightedPerfectMatchingTest" time="0.005"/>
  <testcase name="testGetMatching39[2]" classname="org.jgrapht.alg.matching.blossom.v5.KolmogorovWeightedPerfectMatchingTest" time="0"/>
  <testcase name="testGetMatching40[2]" classname="org.jgrapht.alg.matching.blossom.v5.KolmogorovWeightedPerfectMatchingTest" time="0.001"/>
  <testcase name="testGetMatching41[2]" classname="org.jgrapht.alg.matching.blossom.v5.KolmogorovWeightedPerfectMatchingTest" time="0"/>
  <testcase name="testGetMatching42[2]" classname="org.jgrapht.alg.matching.blossom.v5.KolmogorovWeightedPerfectMatchingTest" time="0"/>
  <testcase name="testGetMatching43[2]" classname="org.jgrapht.alg.matching.blossom.v5.KolmogorovWeightedPerfectMatchingTest" time="0"/>
  <testcase name="testGetMatching44[2]" classname="org.jgrapht.alg.matching.blossom.v5.KolmogorovWeightedPerfectMatchingTest" time="0"/>
  <testcase name="testGetMatching45[2]" classname="org.jgrapht.alg.matching.blossom.v5.KolmogorovWeightedPerfectMatchingTest" time="0.001"/>
  <testcase name="testGetMatching46[2]" classname="org.jgrapht.alg.matching.blossom.v5.KolmogorovWeightedPerfectMatchingTest" time="0"/>
  <testcase name="testGetMatching47[2]" classname="org.jgrapht.alg.matching.blossom.v5.KolmogorovWeightedPerfectMatchingTest" time="0.001"/>
  <testcase name="testGetMatching48[2]" classname="org.jgrapht.alg.matching.blossom.v5.KolmogorovWeightedPerfectMatchingTest" time="0.002"/>
  <testcase name="testGetMatching49[2]" classname="org.jgrapht.alg.matching.blossom.v5.KolmogorovWeightedPerfectMatchingTest" time="0.002"/>
  <testcase name="testGetMatching50[2]" classname="org.jgrapht.alg.matching.blossom.v5.KolmogorovWeightedPerfectMatchingTest" time="0.003"/>
  <testcase name="testInvalidDualSolution[2]" classname="org.jgrapht.alg.matching.blossom.v5.KolmogorovWeightedPerfectMatchingTest" time="0"/>
  <testcase name="testGetMatching0[2]" classname="org.jgrapht.alg.matching.blossom.v5.KolmogorovWeightedPerfectMatchingTest" time="0.001"/>
  <testcase name="testGetMatching1[2]" classname="org.jgrapht.alg.matching.blossom.v5.KolmogorovWeightedPerfectMatchingTest" time="0"/>
  <testcase name="testGetMatching2[2]" classname="org.jgrapht.alg.matching.blossom.v5.KolmogorovWeightedPerfectMatchingTest" time="0"/>
  <testcase name="testGetMatching3[2]" classname="org.jgrapht.alg.matching.blossom.v5.KolmogorovWeightedPerfectMatchingTest" time="0"/>
  <testcase name="testGetMatching4[2]" classname="org.jgrapht.alg.matching.blossom.v5.KolmogorovWeightedPerfectMatchingTest" time="0"/>
  <testcase name="testGetMatching5[2]" classname="org.jgrapht.alg.matching.blossom.v5.KolmogorovWeightedPerfectMatchingTest" time="0"/>
  <testcase name="testGetMatching6[2]" classname="org.jgrapht.alg.matching.blossom.v5.KolmogorovWeightedPerfectMatchingTest" time="0.001"/>
  <testcase name="testGetMatching7[2]" classname="org.jgrapht.alg.matching.blossom.v5.KolmogorovWeightedPerfectMatchingTest" time="0"/>
  <testcase name="testGetMatching8[2]" classname="org.jgrapht.alg.matching.blossom.v5.KolmogorovWeightedPerfectMatchingTest" time="0"/>
  <testcase name="testGetMatching9[2]" classname="org.jgrapht.alg.matching.blossom.v5.KolmogorovWeightedPerfectMatchingTest" time="0"/>
  <testcase name="testGetMatching10[3]" classname="org.jgrapht.alg.matching.blossom.v5.KolmogorovWeightedPerfectMatchingTest" time="0"/>
  <testcase name="testGetMatching11[3]" classname="org.jgrapht.alg.matching.blossom.v5.KolmogorovWeightedPerfectMatchingTest" time="0"/>
  <testcase name="testGetMatching12[3]" classname="org.jgrapht.alg.matching.blossom.v5.KolmogorovWeightedPerfectMatchingTest" time="0.001"/>
  <testcase name="testGetMatching13[3]" classname="org.jgrapht.alg.matching.blossom.v5.KolmogorovWeightedPerfectMatchingTest" time="0"/>
  <testcase name="testGetMatching14[3]" classname="org.jgrapht.alg.matching.blossom.v5.KolmogorovWeightedPerfectMatchingTest" time="0"/>
  <testcase name="testGetMatching15[3]" classname="org.jgrapht.alg.matching.blossom.v5.KolmogorovWeightedPerfectMatchingTest" time="0"/>
  <testcase name="testGetMatching16[3]" classname="org.jgrapht.alg.matching.blossom.v5.KolmogorovWeightedPerfectMatchingTest" time="0"/>
  <testcase name="testGetMatching17[3]" classname="org.jgrapht.alg.matching.blossom.v5.KolmogorovWeightedPerfectMatchingTest" time="0"/>
  <testcase name="testGetMatching18[3]" classname="org.jgrapht.alg.matching.blossom.v5.KolmogorovWeightedPerfectMatchingTest" time="0.001"/>
  <testcase name="testGetMatching19[3]" classname="org.jgrapht.alg.matching.blossom.v5.KolmogorovWeightedPerfectMatchingTest" time="0"/>
  <testcase name="testGetMatching20[3]" classname="org.jgrapht.alg.matching.blossom.v5.KolmogorovWeightedPerfectMatchingTest" time="0"/>
  <testcase name="testGetMatching21[3]" classname="org.jgrapht.alg.matching.blossom.v5.KolmogorovWeightedPerfectMatchingTest" time="0"/>
  <testcase name="testGetMatching22[3]" classname="org.jgrapht.alg.matching.blossom.v5.KolmogorovWeightedPerfectMatchingTest" time="0.001"/>
  <testcase name="testGetMatching23[3]" classname="org.jgrapht.alg.matching.blossom.v5.KolmogorovWeightedPerfectMatchingTest" time="0"/>
  <testcase name="testGetMatching24[3]" classname="org.jgrapht.alg.matching.blossom.v5.KolmogorovWeightedPerfectMatchingTest" time="0"/>
  <testcase name="testGetMatching25[3]" classname="org.jgrapht.alg.matching.blossom.v5.KolmogorovWeightedPerfectMatchingTest" time="0.001"/>
  <testcase name="testGetMatching26[3]" classname="org.jgrapht.alg.matching.blossom.v5.KolmogorovWeightedPerfectMatchingTest" time="0"/>
  <testcase name="testGetMatching27[3]" classname="org.jgrapht.alg.matching.blossom.v5.KolmogorovWeightedPerfectMatchingTest" time="0"/>
  <testcase name="testGetMatching28[3]" classname="org.jgrapht.alg.matching.blossom.v5.KolmogorovWeightedPerfectMatchingTest" time="0.001"/>
  <testcase name="testGetMatching29[3]" classname="org.jgrapht.alg.matching.blossom.v5.KolmogorovWeightedPerfectMatchingTest" time="0.001"/>
  <testcase name="testGetMatching30[3]" classname="org.jgrapht.alg.matching.blossom.v5.KolmogorovWeightedPerfectMatchingTest" time="0.001"/>
  <testcase name="testGetMatching31[3]" classname="org.jgrapht.alg.matching.blossom.v5.KolmogorovWeightedPerfectMatchingTest" time="0.002"/>
  <testcase name="testGetMatching32[3]" classname="org.jgrapht.alg.matching.blossom.v5.KolmogorovWeightedPerfectMatchingTest" time="0.002"/>
  <testcase name="testGetMatching33[3]" classname="org.jgrapht.alg.matching.blossom.v5.KolmogorovWeightedPerfectMatchingTest" time="0.008"/>
  <testcase name="testGetMatching34[3]" classname="org.jgrapht.alg.matching.blossom.v5.KolmogorovWeightedPerfectMatchingTest" time="0.003"/>
  <testcase name="testGetMatching35[3]" classname="org.jgrapht.alg.matching.blossom.v5.KolmogorovWeightedPerfectMatchingTest" time="0.01"/>
  <testcase name="testGetMatching36[3]" classname="org.jgrapht.alg.matching.blossom.v5.KolmogorovWeightedPerfectMatchingTest" time="0.009"/>
  <testcase name="testGetMatching37[3]" classname="org.jgrapht.alg.matching.blossom.v5.KolmogorovWeightedPerfectMatchingTest" time="0"/>
  <testcase name="testGetMatching38[3]" classname="org.jgrapht.alg.matching.blossom.v5.KolmogorovWeightedPerfectMatchingTest" time="0.009"/>
  <testcase name="testGetMatching39[3]" classname="org.jgrapht.alg.matching.blossom.v5.KolmogorovWeightedPerfectMatchingTest" time="0.001"/>
  <testcase name="testGetMatching40[3]" classname="org.jgrapht.alg.matching.blossom.v5.KolmogorovWeightedPerfectMatchingTest" time="0"/>
  <testcase name="testGetMatching41[3]" classname="org.jgrapht.alg.matching.blossom.v5.KolmogorovWeightedPerfectMatchingTest" time="0"/>
  <testcase name="testGetMatching42[3]" classname="org.jgrapht.alg.matching.blossom.v5.KolmogorovWeightedPerfectMatchingTest" time="0"/>
  <testcase name="testGetMatching43[3]" classname="org.jgrapht.alg.matching.blossom.v5.KolmogorovWeightedPerfectMatchingTest" time="0"/>
  <testcase name="testGetMatching44[3]" classname="org.jgrapht.alg.matching.blossom.v5.KolmogorovWeightedPerfectMatchingTest" time="0"/>
  <testcase name="testGetMatching45[3]" classname="org.jgrapht.alg.matching.blossom.v5.KolmogorovWeightedPerfectMatchingTest" time="0.001"/>
  <testcase name="testGetMatching46[3]" classname="org.jgrapht.alg.matching.blossom.v5.KolmogorovWeightedPerfectMatchingTest" time="0"/>
  <testcase name="testGetMatching47[3]" classname="org.jgrapht.alg.matching.blossom.v5.KolmogorovWeightedPerfectMatchingTest" time="0.001"/>
  <testcase name="testGetMatching48[3]" classname="org.jgrapht.alg.matching.blossom.v5.KolmogorovWeightedPerfectMatchingTest" time="0.001"/>
  <testcase name="testGetMatching49[3]" classname="org.jgrapht.alg.matching.blossom.v5.KolmogorovWeightedPerfectMatchingTest" time="0.003"/>
  <testcase name="testGetMatching50[3]" classname="org.jgrapht.alg.matching.blossom.v5.KolmogorovWeightedPerfectMatchingTest" time="0.002"/>
  <testcase name="testInvalidDualSolution[3]" classname="org.jgrapht.alg.matching.blossom.v5.KolmogorovWeightedPerfectMatchingTest" time="0"/>
  <testcase name="testGetMatching0[3]" classname="org.jgrapht.alg.matching.blossom.v5.KolmogorovWeightedPerfectMatchingTest" time="0"/>
  <testcase name="testGetMatching1[3]" classname="org.jgrapht.alg.matching.blossom.v5.KolmogorovWeightedPerfectMatchingTest" time="0"/>
  <testcase name="testGetMatching2[3]" classname="org.jgrapht.alg.matching.blossom.v5.KolmogorovWeightedPerfectMatchingTest" time="0"/>
  <testcase name="testGetMatching3[3]" classname="org.jgrapht.alg.matching.blossom.v5.KolmogorovWeightedPerfectMatchingTest" time="0.001"/>
  <testcase name="testGetMatching4[3]" classname="org.jgrapht.alg.matching.blossom.v5.KolmogorovWeightedPerfectMatchingTest" time="0"/>
  <testcase name="testGetMatching5[3]" classname="org.jgrapht.alg.matching.blossom.v5.KolmogorovWeightedPerfectMatchingTest" time="0"/>
  <testcase name="testGetMatching6[3]" classname="org.jgrapht.alg.matching.blossom.v5.KolmogorovWeightedPerfectMatchingTest" time="0"/>
  <testcase name="testGetMatching7[3]" classname="org.jgrapht.alg.matching.blossom.v5.KolmogorovWeightedPerfectMatchingTest" time="0"/>
  <testcase name="testGetMatching8[3]" classname="org.jgrapht.alg.matching.blossom.v5.KolmogorovWeightedPerfectMatchingTest" time="0"/>
  <testcase name="testGetMatching9[3]" classname="org.jgrapht.alg.matching.blossom.v5.KolmogorovWeightedPerfectMatchingTest" time="0"/>
  <testcase name="testGetMatching10[4]" classname="org.jgrapht.alg.matching.blossom.v5.KolmogorovWeightedPerfectMatchingTest" time="0"/>
  <testcase name="testGetMatching11[4]" classname="org.jgrapht.alg.matching.blossom.v5.KolmogorovWeightedPerfectMatchingTest" time="0"/>
  <testcase name="testGetMatching12[4]" classname="org.jgrapht.alg.matching.blossom.v5.KolmogorovWeightedPerfectMatchingTest" time="0"/>
  <testcase name="testGetMatching13[4]" classname="org.jgrapht.alg.matching.blossom.v5.KolmogorovWeightedPerfectMatchingTest" time="0.001"/>
  <testcase name="testGetMatching14[4]" classname="org.jgrapht.alg.matching.blossom.v5.KolmogorovWeightedPerfectMatchingTest" time="0"/>
  <testcase name="testGetMatching15[4]" classname="org.jgrapht.alg.matching.blossom.v5.KolmogorovWeightedPerfectMatchingTest" time="0"/>
  <testcase name="testGetMatching16[4]" classname="org.jgrapht.alg.matching.blossom.v5.KolmogorovWeightedPerfectMatchingTest" time="0"/>
  <testcase name="testGetMatching17[4]" classname="org.jgrapht.alg.matching.blossom.v5.KolmogorovWeightedPerfectMatchingTest" time="0"/>
  <testcase name="testGetMatching18[4]" classname="org.jgrapht.alg.matching.blossom.v5.KolmogorovWeightedPerfectMatchingTest" time="0"/>
  <testcase name="testGetMatching19[4]" classname="org.jgrapht.alg.matching.blossom.v5.KolmogorovWeightedPerfectMatchingTest" time="0.001"/>
  <testcase name="testGetMatching20[4]" classname="org.jgrapht.alg.matching.blossom.v5.KolmogorovWeightedPerfectMatchingTest" time="0"/>
  <testcase name="testGetMatching21[4]" classname="org.jgrapht.alg.matching.blossom.v5.KolmogorovWeightedPerfectMatchingTest" time="0.002"/>
  <testcase name="testGetMatching22[4]" classname="org.jgrapht.alg.matching.blossom.v5.KolmogorovWeightedPerfectMatchingTest" time="0"/>
  <testcase name="testGetMatching23[4]" classname="org.jgrapht.alg.matching.blossom.v5.KolmogorovWeightedPerfectMatchingTest" time="0"/>
  <testcase name="testGetMatching24[4]" classname="org.jgrapht.alg.matching.blossom.v5.KolmogorovWeightedPerfectMatchingTest" time="0"/>
  <testcase name="testGetMatching25[4]" classname="org.jgrapht.alg.matching.blossom.v5.KolmogorovWeightedPerfectMatchingTest" time="0"/>
  <testcase name="testGetMatching26[4]" classname="org.jgrapht.alg.matching.blossom.v5.KolmogorovWeightedPerfectMatchingTest" time="0.001"/>
  <testcase name="testGetMatching27[4]" classname="org.jgrapht.alg.matching.blossom.v5.KolmogorovWeightedPerfectMatchingTest" time="0"/>
  <testcase name="testGetMatching28[4]" classname="org.jgrapht.alg.matching.blossom.v5.KolmogorovWeightedPerfectMatchingTest" time="0"/>
  <testcase name="testGetMatching29[4]" classname="org.jgrapht.alg.matching.blossom.v5.KolmogorovWeightedPerfectMatchingTest" time="0.002"/>
  <testcase name="testGetMatching30[4]" classname="org.jgrapht.alg.matching.blossom.v5.KolmogorovWeightedPerfectMatchingTest" time="0.006"/>
  <testcase name="testGetMatching31[4]" classname="org.jgrapht.alg.matching.blossom.v5.KolmogorovWeightedPerfectMatchingTest" time="0.011"/>
  <testcase name="testGetMatching32[4]" classname="org.jgrapht.alg.matching.blossom.v5.KolmogorovWeightedPerfectMatchingTest" time="0.019"/>
  <testcase name="testGetMatching33[4]" classname="org.jgrapht.alg.matching.blossom.v5.KolmogorovWeightedPerfectMatchingTest" time="0.049"/>
  <testcase name="testGetMatching34[4]" classname="org.jgrapht.alg.matching.blossom.v5.KolmogorovWeightedPerfectMatchingTest" time="0.093"/>
  <testcase name="testGetMatching35[4]" classname="org.jgrapht.alg.matching.blossom.v5.KolmogorovWeightedPerfectMatchingTest" time="0.172"/>
  <testcase name="testGetMatching36[4]" classname="org.jgrapht.alg.matching.blossom.v5.KolmogorovWeightedPerfectMatchingTest" time="0.251"/>
  <testcase name="testGetMatching37[4]" classname="org.jgrapht.alg.matching.blossom.v5.KolmogorovWeightedPerfectMatchingTest" time="0.001"/>
  <testcase name="testGetMatching38[4]" classname="org.jgrapht.alg.matching.blossom.v5.KolmogorovWeightedPerfectMatchingTest" time="0.008"/>
  <testcase name="testGetMatching39[4]" classname="org.jgrapht.alg.matching.blossom.v5.KolmogorovWeightedPerfectMatchingTest" time="0"/>
  <testcase name="testGetMatching40[4]" classname="org.jgrapht.alg.matching.blossom.v5.KolmogorovWeightedPerfectMatchingTest" time="0"/>
  <testcase name="testGetMatching41[4]" classname="org.jgrapht.alg.matching.blossom.v5.KolmogorovWeightedPerfectMatchingTest" time="0"/>
  <testcase name="testGetMatching42[4]" classname="org.jgrapht.alg.matching.blossom.v5.KolmogorovWeightedPerfectMatchingTest" time="0.001"/>
  <testcase name="testGetMatching43[4]" classname="org.jgrapht.alg.matching.blossom.v5.KolmogorovWeightedPerfectMatchingTest" time="0"/>
  <testcase name="testGetMatching44[4]" classname="org.jgrapht.alg.matching.blossom.v5.KolmogorovWeightedPerfectMatchingTest" time="0"/>
  <testcase name="testGetMatching45[4]" classname="org.jgrapht.alg.matching.blossom.v5.KolmogorovWeightedPerfectMatchingTest" time="0"/>
  <testcase name="testGetMatching46[4]" classname="org.jgrapht.alg.matching.blossom.v5.KolmogorovWeightedPerfectMatchingTest" time="0.001"/>
  <testcase name="testGetMatching47[4]" classname="org.jgrapht.alg.matching.blossom.v5.KolmogorovWeightedPerfectMatchingTest" time="0.001"/>
  <testcase name="testGetMatching48[4]" classname="org.jgrapht.alg.matching.blossom.v5.KolmogorovWeightedPerfectMatchingTest" time="0"/>
  <testcase name="testGetMatching49[4]" classname="org.jgrapht.alg.matching.blossom.v5.KolmogorovWeightedPerfectMatchingTest" time="0.002"/>
  <testcase name="testGetMatching50[4]" classname="org.jgrapht.alg.matching.blossom.v5.KolmogorovWeightedPerfectMatchingTest" time="0.001"/>
  <testcase name="testInvalidDualSolution[4]" classname="org.jgrapht.alg.matching.blossom.v5.KolmogorovWeightedPerfectMatchingTest" time="0"/>
  <testcase name="testGetMatching0[4]" classname="org.jgrapht.alg.matching.blossom.v5.KolmogorovWeightedPerfectMatchingTest" time="0"/>
  <testcase name="testGetMatching1[4]" classname="org.jgrapht.alg.matching.blossom.v5.KolmogorovWeightedPerfectMatchingTest" time="0.001"/>
  <testcase name="testGetMatching2[4]" classname="org.jgrapht.alg.matching.blossom.v5.KolmogorovWeightedPerfectMatchingTest" time="0"/>
  <testcase name="testGetMatching3[4]" classname="org.jgrapht.alg.matching.blossom.v5.KolmogorovWeightedPerfectMatchingTest" time="0"/>
  <testcase name="testGetMatching4[4]" classname="org.jgrapht.alg.matching.blossom.v5.KolmogorovWeightedPerfectMatchingTest" time="0"/>
  <testcase name="testGetMatching5[4]" classname="org.jgrapht.alg.matching.blossom.v5.KolmogorovWeightedPerfectMatchingTest" time="0"/>
  <testcase name="testGetMatching6[4]" classname="org.jgrapht.alg.matching.blossom.v5.KolmogorovWeightedPerfectMatchingTest" time="0.001"/>
  <testcase name="testGetMatching7[4]" classname="org.jgrapht.alg.matching.blossom.v5.KolmogorovWeightedPerfectMatchingTest" time="0"/>
  <testcase name="testGetMatching8[4]" classname="org.jgrapht.alg.matching.blossom.v5.KolmogorovWeightedPerfectMatchingTest" time="0"/>
  <testcase name="testGetMatching9[4]" classname="org.jgrapht.alg.matching.blossom.v5.KolmogorovWeightedPerfectMatchingTest" time="0"/>
  <testcase name="testGetMatching10[5]" classname="org.jgrapht.alg.matching.blossom.v5.KolmogorovWeightedPerfectMatchingTest" time="0"/>
  <testcase name="testGetMatching11[5]" classname="org.jgrapht.alg.matching.blossom.v5.KolmogorovWeightedPerfectMatchingTest" time="0"/>
  <testcase name="testGetMatching12[5]" classname="org.jgrapht.alg.matching.blossom.v5.KolmogorovWeightedPerfectMatchingTest" time="0"/>
  <testcase name="testGetMatching13[5]" classname="org.jgrapht.alg.matching.blossom.v5.KolmogorovWeightedPerfectMatchingTest" time="0"/>
  <testcase name="testGetMatching14[5]" classname="org.jgrapht.alg.matching.blossom.v5.KolmogorovWeightedPerfectMatchingTest" time="0"/>
  <testcase name="testGetMatching15[5]" classname="org.jgrapht.alg.matching.blossom.v5.KolmogorovWeightedPerfectMatchingTest" time="0.001"/>
  <testcase name="testGetMatching16[5]" classname="org.jgrapht.alg.matching.blossom.v5.KolmogorovWeightedPerfectMatchingTest" time="0"/>
  <testcase name="testGetMatching17[5]" classname="org.jgrapht.alg.matching.blossom.v5.KolmogorovWeightedPerfectMatchingTest" time="0"/>
  <testcase name="testGetMatching18[5]" classname="org.jgrapht.alg.matching.blossom.v5.KolmogorovWeightedPerfectMatchingTest" time="0"/>
  <testcase name="testGetMatching19[5]" classname="org.jgrapht.alg.matching.blossom.v5.KolmogorovWeightedPerfectMatchingTest" time="0"/>
  <testcase name="testGetMatching20[5]" classname="org.jgrapht.alg.matching.blossom.v5.KolmogorovWeightedPerfectMatchingTest" time="0"/>
  <testcase name="testGetMatching21[5]" classname="org.jgrapht.alg.matching.blossom.v5.KolmogorovWeightedPerfectMatchingTest" time="0"/>
  <testcase name="testGetMatching22[5]" classname="org.jgrapht.alg.matching.blossom.v5.KolmogorovWeightedPerfectMatchingTest" time="0.001"/>
  <testcase name="testGetMatching23[5]" classname="org.jgrapht.alg.matching.blossom.v5.KolmogorovWeightedPerfectMatchingTest" time="0"/>
  <testcase name="testGetMatching24[5]" classname="org.jgrapht.alg.matching.blossom.v5.KolmogorovWeightedPerfectMatchingTest" time="0"/>
  <testcase name="testGetMatching25[5]" classname="org.jgrapht.alg.matching.blossom.v5.KolmogorovWeightedPerfectMatchingTest" time="0"/>
  <testcase name="testGetMatching26[5]" classname="org.jgrapht.alg.matching.blossom.v5.KolmogorovWeightedPerfectMatchingTest" time="0"/>
  <testcase name="testGetMatching27[5]" classname="org.jgrapht.alg.matching.blossom.v5.KolmogorovWeightedPerfectMatchingTest" time="0.001"/>
  <testcase name="testGetMatching28[5]" classname="org.jgrapht.alg.matching.blossom.v5.KolmogorovWeightedPerfectMatchingTest" time="0"/>
  <testcase name="testGetMatching29[5]" classname="org.jgrapht.alg.matching.blossom.v5.KolmogorovWeightedPerfectMatchingTest" time="0.001"/>
  <testcase name="testGetMatching30[5]" classname="org.jgrapht.alg.matching.blossom.v5.KolmogorovWeightedPerfectMatchingTest" time="0.001"/>
  <testcase name="testGetMatching31[5]" classname="org.jgrapht.alg.matching.blossom.v5.KolmogorovWeightedPerfectMatchingTest" time="0.002"/>
  <testcase name="testGetMatching32[5]" classname="org.jgrapht.alg.matching.blossom.v5.KolmogorovWeightedPerfectMatchingTest" time="0.002"/>
  <testcase name="testGetMatching33[5]" classname="org.jgrapht.alg.matching.blossom.v5.KolmogorovWeightedPerfectMatchingTest" time="0.01"/>
  <testcase name="testGetMatching34[5]" classname="org.jgrapht.alg.matching.blossom.v5.KolmogorovWeightedPerfectMatchingTest" time="0.007"/>
  <testcase name="testGetMatching35[5]" classname="org.jgrapht.alg.matching.blossom.v5.KolmogorovWeightedPerfectMatchingTest" time="0.012"/>
  <testcase name="testGetMatching36[5]" classname="org.jgrapht.alg.matching.blossom.v5.KolmogorovWeightedPerfectMatchingTest" time="0.013"/>
  <testcase name="testGetMatching37[5]" classname="org.jgrapht.alg.matching.blossom.v5.KolmogorovWeightedPerfectMatchingTest" time="0"/>
  <testcase name="testGetMatching38[5]" classname="org.jgrapht.alg.matching.blossom.v5.KolmogorovWeightedPerfectMatchingTest" time="0.008"/>
  <testcase name="testGetMatching39[5]" classname="org.jgrapht.alg.matching.blossom.v5.KolmogorovWeightedPerfectMatchingTest" time="0.001"/>
  <testcase name="testGetMatching40[5]" classname="org.jgrapht.alg.matching.blossom.v5.KolmogorovWeightedPerfectMatchingTest" time="0"/>
  <testcase name="testGetMatching41[5]" classname="org.jgrapht.alg.matching.blossom.v5.KolmogorovWeightedPerfectMatchingTest" time="0"/>
  <testcase name="testGetMatching42[5]" classname="org.jgrapht.alg.matching.blossom.v5.KolmogorovWeightedPerfectMatchingTest" time="0.001"/>
  <testcase name="testGetMatching43[5]" classname="org.jgrapht.alg.matching.blossom.v5.KolmogorovWeightedPerfectMatchingTest" time="0.001"/>
  <testcase name="testGetMatching44[5]" classname="org.jgrapht.alg.matching.blossom.v5.KolmogorovWeightedPerfectMatchingTest" time="0"/>
  <testcase name="testGetMatching45[5]" classname="org.jgrapht.alg.matching.blossom.v5.KolmogorovWeightedPerfectMatchingTest" time="0"/>
  <testcase name="testGetMatching46[5]" classname="org.jgrapht.alg.matching.blossom.v5.KolmogorovWeightedPerfectMatchingTest" time="0.002"/>
  <testcase name="testGetMatching47[5]" classname="org.jgrapht.alg.matching.blossom.v5.KolmogorovWeightedPerfectMatchingTest" time="0"/>
  <testcase name="testGetMatching48[5]" classname="org.jgrapht.alg.matching.blossom.v5.KolmogorovWeightedPerfectMatchingTest" time="0.001"/>
  <testcase name="testGetMatching49[5]" classname="org.jgrapht.alg.matching.blossom.v5.KolmogorovWeightedPerfectMatchingTest" time="0.001"/>
  <testcase name="testGetMatching50[5]" classname="org.jgrapht.alg.matching.blossom.v5.KolmogorovWeightedPerfectMatchingTest" time="0.002"/>
  <testcase name="testInvalidDualSolution[5]" classname="org.jgrapht.alg.matching.blossom.v5.KolmogorovWeightedPerfectMatchingTest" time="0"/>
  <testcase name="testGetMatching0[5]" classname="org.jgrapht.alg.matching.blossom.v5.KolmogorovWeightedPerfectMatchingTest" time="0"/>
  <testcase name="testGetMatching1[5]" classname="org.jgrapht.alg.matching.blossom.v5.KolmogorovWeightedPerfectMatchingTest" time="0"/>
  <testcase name="testGetMatching2[5]" classname="org.jgrapht.alg.matching.blossom.v5.KolmogorovWeightedPerfectMatchingTest" time="0"/>
  <testcase name="testGetMatching3[5]" classname="org.jgrapht.alg.matching.blossom.v5.KolmogorovWeightedPerfectMatchingTest" time="0"/>
  <testcase name="testGetMatching4[5]" classname="org.jgrapht.alg.matching.blossom.v5.KolmogorovWeightedPerfectMatchingTest" time="0"/>
  <testcase name="testGetMatching5[5]" classname="org.jgrapht.alg.matching.blossom.v5.KolmogorovWeightedPerfectMatchingTest" time="0.001"/>
  <testcase name="testGetMatching6[5]" classname="org.jgrapht.alg.matching.blossom.v5.KolmogorovWeightedPerfectMatchingTest" time="0"/>
  <testcase name="testGetMatching7[5]" classname="org.jgrapht.alg.matching.blossom.v5.KolmogorovWeightedPerfectMatchingTest" time="0"/>
  <testcase name="testGetMatching8[5]" classname="org.jgrapht.alg.matching.blossom.v5.KolmogorovWeightedPerfectMatchingTest" time="0"/>
  <testcase name="testGetMatching9[5]" classname="org.jgrapht.alg.matching.blossom.v5.KolmogorovWeightedPerfectMatchingTest" time="0.001"/>
  <testcase name="testGetMatching10[6]" classname="org.jgrapht.alg.matching.blossom.v5.KolmogorovWeightedPerfectMatchingTest" time="0.001"/>
  <testcase name="testGetMatching11[6]" classname="org.jgrapht.alg.matching.blossom.v5.KolmogorovWeightedPerfectMatchingTest" time="0"/>
  <testcase name="testGetMatching12[6]" classname="org.jgrapht.alg.matching.blossom.v5.KolmogorovWeightedPerfectMatchingTest" time="0.004"/>
  <testcase name="testGetMatching13[6]" classname="org.jgrapht.alg.matching.blossom.v5.KolmogorovWeightedPerfectMatchingTest" time="0.001"/>
  <testcase name="testGetMatching14[6]" classname="org.jgrapht.alg.matching.blossom.v5.KolmogorovWeightedPerfectMatchingTest" time="0.001"/>
  <testcase name="testGetMatching15[6]" classname="org.jgrapht.alg.matching.blossom.v5.KolmogorovWeightedPerfectMatchingTest" time="0"/>
  <testcase name="testGetMatching16[6]" classname="org.jgrapht.alg.matching.blossom.v5.KolmogorovWeightedPerfectMatchingTest" time="0"/>
  <testcase name="testGetMatching17[6]" classname="org.jgrapht.alg.matching.blossom.v5.KolmogorovWeightedPerfectMatchingTest" time="0.001"/>
  <testcase name="testGetMatching18[6]" classname="org.jgrapht.alg.matching.blossom.v5.KolmogorovWeightedPerfectMatchingTest" time="0.001"/>
  <testcase name="testGetMatching19[6]" classname="org.jgrapht.alg.matching.blossom.v5.KolmogorovWeightedPerfectMatchingTest" time="0"/>
  <testcase name="testGetMatching20[6]" classname="org.jgrapht.alg.matching.blossom.v5.KolmogorovWeightedPerfectMatchingTest" time="0.001"/>
  <testcase name="testGetMatching21[6]" classname="org.jgrapht.alg.matching.blossom.v5.KolmogorovWeightedPerfectMatchingTest" time="0"/>
  <testcase name="testGetMatching22[6]" classname="org.jgrapht.alg.matching.blossom.v5.KolmogorovWeightedPerfectMatchingTest" time="0"/>
  <testcase name="testGetMatching23[6]" classname="org.jgrapht.alg.matching.blossom.v5.KolmogorovWeightedPerfectMatchingTest" time="0.001"/>
  <testcase name="testGetMatching24[6]" classname="org.jgrapht.alg.matching.blossom.v5.KolmogorovWeightedPerfectMatchingTest" time="0"/>
  <testcase name="testGetMatching25[6]" classname="org.jgrapht.alg.matching.blossom.v5.KolmogorovWeightedPerfectMatchingTest" time="0"/>
  <testcase name="testGetMatching26[6]" classname="org.jgrapht.alg.matching.blossom.v5.KolmogorovWeightedPerfectMatchingTest" time="0"/>
  <testcase name="testGetMatching27[6]" classname="org.jgrapht.alg.matching.blossom.v5.KolmogorovWeightedPerfectMatchingTest" time="0"/>
  <testcase name="testGetMatching28[6]" classname="org.jgrapht.alg.matching.blossom.v5.KolmogorovWeightedPerfectMatchingTest" time="0.001"/>
  <testcase name="testGetMatching29[6]" classname="org.jgrapht.alg.matching.blossom.v5.KolmogorovWeightedPerfectMatchingTest" time="0.001"/>
  <testcase name="testGetMatching30[6]" classname="org.jgrapht.alg.matching.blossom.v5.KolmogorovWeightedPerfectMatchingTest" time="0.005"/>
  <testcase name="testGetMatching31[6]" classname="org.jgrapht.alg.matching.blossom.v5.KolmogorovWeightedPerfectMatchingTest" time="0.003"/>
  <testcase name="testGetMatching32[6]" classname="org.jgrapht.alg.matching.blossom.v5.KolmogorovWeightedPerfectMatchingTest" time="0.002"/>
  <testcase name="testGetMatching33[6]" classname="org.jgrapht.alg.matching.blossom.v5.KolmogorovWeightedPerfectMatchingTest" time="0.008"/>
  <testcase name="testGetMatching34[6]" classname="org.jgrapht.alg.matching.blossom.v5.KolmogorovWeightedPerfectMatchingTest" time="0.021"/>
  <testcase name="testGetMatching35[6]" classname="org.jgrapht.alg.matching.blossom.v5.KolmogorovWeightedPerfectMatchingTest" time="0.017"/>
  <testcase name="testGetMatching36[6]" classname="org.jgrapht.alg.matching.blossom.v5.KolmogorovWeightedPerfectMatchingTest" time="0.018"/>
  <testcase name="testGetMatching37[6]" classname="org.jgrapht.alg.matching.blossom.v5.KolmogorovWeightedPerfectMatchingTest" time="0"/>
  <testcase name="testGetMatching38[6]" classname="org.jgrapht.alg.matching.blossom.v5.KolmogorovWeightedPerfectMatchingTest" time="0.003"/>
  <testcase name="testGetMatching39[6]" classname="org.jgrapht.alg.matching.blossom.v5.KolmogorovWeightedPerfectMatchingTest" time="0"/>
  <testcase name="testGetMatching40[6]" classname="org.jgrapht.alg.matching.blossom.v5.KolmogorovWeightedPerfectMatchingTest" time="0"/>
  <testcase name="testGetMatching41[6]" classname="org.jgrapht.alg.matching.blossom.v5.KolmogorovWeightedPerfectMatchingTest" time="0.001"/>
  <testcase name="testGetMatching42[6]" classname="org.jgrapht.alg.matching.blossom.v5.KolmogorovWeightedPerfectMatchingTest" time="0"/>
  <testcase name="testGetMatching43[6]" classname="org.jgrapht.alg.matching.blossom.v5.KolmogorovWeightedPerfectMatchingTest" time="0.001"/>
  <testcase name="testGetMatching44[6]" classname="org.jgrapht.alg.matching.blossom.v5.KolmogorovWeightedPerfectMatchingTest" time="0"/>
  <testcase name="testGetMatching45[6]" classname="org.jgrapht.alg.matching.blossom.v5.KolmogorovWeightedPerfectMatchingTest" time="0.001"/>
  <testcase name="testGetMatching46[6]" classname="org.jgrapht.alg.matching.blossom.v5.KolmogorovWeightedPerfectMatchingTest" time="0.001"/>
  <testcase name="testGetMatching47[6]" classname="org.jgrapht.alg.matching.blossom.v5.KolmogorovWeightedPerfectMatchingTest" time="0"/>
  <testcase name="testGetMatching48[6]" classname="org.jgrapht.alg.matching.blossom.v5.KolmogorovWeightedPerfectMatchingTest" time="0.001"/>
  <testcase name="testGetMatching49[6]" classname="org.jgrapht.alg.matching.blossom.v5.KolmogorovWeightedPerfectMatchingTest" time="0.001"/>
  <testcase name="testGetMatching50[6]" classname="org.jgrapht.alg.matching.blossom.v5.KolmogorovWeightedPerfectMatchingTest" time="0.005"/>
  <testcase name="testInvalidDualSolution[6]" classname="org.jgrapht.alg.matching.blossom.v5.KolmogorovWeightedPerfectMatchingTest" time="0"/>
  <testcase name="testGetMatching0[6]" classname="org.jgrapht.alg.matching.blossom.v5.KolmogorovWeightedPerfectMatchingTest" time="0"/>
  <testcase name="testGetMatching1[6]" classname="org.jgrapht.alg.matching.blossom.v5.KolmogorovWeightedPerfectMatchingTest" time="0"/>
  <testcase name="testGetMatching2[6]" classname="org.jgrapht.alg.matching.blossom.v5.KolmogorovWeightedPerfectMatchingTest" time="0"/>
  <testcase name="testGetMatching3[6]" classname="org.jgrapht.alg.matching.blossom.v5.KolmogorovWeightedPerfectMatchingTest" time="0"/>
  <testcase name="testGetMatching4[6]" classname="org.jgrapht.alg.matching.blossom.v5.KolmogorovWeightedPerfectMatchingTest" time="0.001"/>
  <testcase name="testGetMatching5[6]" classname="org.jgrapht.alg.matching.blossom.v5.KolmogorovWeightedPerfectMatchingTest" time="0"/>
  <testcase name="testGetMatching6[6]" classname="org.jgrapht.alg.matching.blossom.v5.KolmogorovWeightedPerfectMatchingTest" time="0.001"/>
  <testcase name="testGetMatching7[6]" classname="org.jgrapht.alg.matching.blossom.v5.KolmogorovWeightedPerfectMatchingTest" time="0"/>
  <testcase name="testGetMatching8[6]" classname="org.jgrapht.alg.matching.blossom.v5.KolmogorovWeightedPerfectMatchingTest" time="0"/>
  <testcase name="testGetMatching9[6]" classname="org.jgrapht.alg.matching.blossom.v5.KolmogorovWeightedPerfectMatchingTest" time="0.001"/>
  <testcase name="testGetMatching10[7]" classname="org.jgrapht.alg.matching.blossom.v5.KolmogorovWeightedPerfectMatchingTest" time="0"/>
  <testcase name="testGetMatching11[7]" classname="org.jgrapht.alg.matching.blossom.v5.KolmogorovWeightedPerfectMatchingTest" time="0"/>
  <testcase name="testGetMatching12[7]" classname="org.jgrapht.alg.matching.blossom.v5.KolmogorovWeightedPerfectMatchingTest" time="0"/>
  <testcase name="testGetMatching13[7]" classname="org.jgrapht.alg.matching.blossom.v5.KolmogorovWeightedPerfectMatchingTest" time="0.001"/>
  <testcase name="testGetMatching14[7]" classname="org.jgrapht.alg.matching.blossom.v5.KolmogorovWeightedPerfectMatchingTest" time="0"/>
  <testcase name="testGetMatching15[7]" classname="org.jgrapht.alg.matching.blossom.v5.KolmogorovWeightedPerfectMatchingTest" time="0"/>
  <testcase name="testGetMatching16[7]" classname="org.jgrapht.alg.matching.blossom.v5.KolmogorovWeightedPerfectMatchingTest" time="0"/>
  <testcase name="testGetMatching17[7]" classname="org.jgrapht.alg.matching.blossom.v5.KolmogorovWeightedPerfectMatchingTest" time="0"/>
  <testcase name="testGetMatching18[7]" classname="org.jgrapht.alg.matching.blossom.v5.KolmogorovWeightedPerfectMatchingTest" time="0"/>
  <testcase name="testGetMatching19[7]" classname="org.jgrapht.alg.matching.blossom.v5.KolmogorovWeightedPerfectMatchingTest" time="0.001"/>
  <testcase name="testGetMatching20[7]" classname="org.jgrapht.alg.matching.blossom.v5.KolmogorovWeightedPerfectMatchingTest" time="0"/>
  <testcase name="testGetMatching21[7]" classname="org.jgrapht.alg.matching.blossom.v5.KolmogorovWeightedPerfectMatchingTest" time="0"/>
  <testcase name="testGetMatching22[7]" classname="org.jgrapht.alg.matching.blossom.v5.KolmogorovWeightedPerfectMatchingTest" time="0"/>
  <testcase name="testGetMatching23[7]" classname="org.jgrapht.alg.matching.blossom.v5.KolmogorovWeightedPerfectMatchingTest" time="0"/>
  <testcase name="testGetMatching24[7]" classname="org.jgrapht.alg.matching.blossom.v5.KolmogorovWeightedPerfectMatchingTest" time="0.001"/>
  <testcase name="testGetMatching25[7]" classname="org.jgrapht.alg.matching.blossom.v5.KolmogorovWeightedPerfectMatchingTest" time="0"/>
  <testcase name="testGetMatching26[7]" classname="org.jgrapht.alg.matching.blossom.v5.KolmogorovWeightedPerfectMatchingTest" time="0"/>
  <testcase name="testGetMatching27[7]" classname="org.jgrapht.alg.matching.blossom.v5.KolmogorovWeightedPerfectMatchingTest" time="0.001"/>
  <testcase name="testGetMatching28[7]" classname="org.jgrapht.alg.matching.blossom.v5.KolmogorovWeightedPerfectMatchingTest" time="0.002"/>
  <testcase name="testGetMatching29[7]" classname="org.jgrapht.alg.matching.blossom.v5.KolmogorovWeightedPerfectMatchingTest" time="0.002"/>
  <testcase name="testGetMatching30[7]" classname="org.jgrapht.alg.matching.blossom.v5.KolmogorovWeightedPerfectMatchingTest" time="0.001"/>
  <testcase name="testGetMatching31[7]" classname="org.jgrapht.alg.matching.blossom.v5.KolmogorovWeightedPerfectMatchingTest" time="0.002"/>
  <testcase name="testGetMatching32[7]" classname="org.jgrapht.alg.matching.blossom.v5.KolmogorovWeightedPerfectMatchingTest" time="0.005"/>
  <testcase name="testGetMatching33[7]" classname="org.jgrapht.alg.matching.blossom.v5.KolmogorovWeightedPerfectMatchingTest" time="0.003"/>
  <testcase name="testGetMatching34[7]" classname="org.jgrapht.alg.matching.blossom.v5.KolmogorovWeightedPerfectMatchingTest" time="0.01"/>
  <testcase name="testGetMatching35[7]" classname="org.jgrapht.alg.matching.blossom.v5.KolmogorovWeightedPerfectMatchingTest" time="0.008"/>
  <testcase name="testGetMatching36[7]" classname="org.jgrapht.alg.matching.blossom.v5.KolmogorovWeightedPerfectMatchingTest" time="0.009"/>
  <testcase name="testGetMatching37[7]" classname="org.jgrapht.alg.matching.blossom.v5.KolmogorovWeightedPerfectMatchingTest" time="0"/>
  <testcase name="testGetMatching38[7]" classname="org.jgrapht.alg.matching.blossom.v5.KolmogorovWeightedPerfectMatchingTest" time="0.002"/>
  <testcase name="testGetMatching39[7]" classname="org.jgrapht.alg.matching.blossom.v5.KolmogorovWeightedPerfectMatchingTest" time="0"/>
  <testcase name="testGetMatching40[7]" classname="org.jgrapht.alg.matching.blossom.v5.KolmogorovWeightedPerfectMatchingTest" time="0.001"/>
  <testcase name="testGetMatching41[7]" classname="org.jgrapht.alg.matching.blossom.v5.KolmogorovWeightedPerfectMatchingTest" time="0"/>
  <testcase name="testGetMatching42[7]" classname="org.jgrapht.alg.matching.blossom.v5.KolmogorovWeightedPerfectMatchingTest" time="0"/>
  <testcase name="testGetMatching43[7]" classname="org.jgrapht.alg.matching.blossom.v5.KolmogorovWeightedPerfectMatchingTest" time="0"/>
  <testcase name="testGetMatching44[7]" classname="org.jgrapht.alg.matching.blossom.v5.KolmogorovWeightedPerfectMatchingTest" time="0"/>
  <testcase name="testGetMatching45[7]" classname="org.jgrapht.alg.matching.blossom.v5.KolmogorovWeightedPerfectMatchingTest" time="0.001"/>
  <testcase name="testGetMatching46[7]" classname="org.jgrapht.alg.matching.blossom.v5.KolmogorovWeightedPerfectMatchingTest" time="0"/>
  <testcase name="testGetMatching47[7]" classname="org.jgrapht.alg.matching.blossom.v5.KolmogorovWeightedPerfectMatchingTest" time="0"/>
  <testcase name="testGetMatching48[7]" classname="org.jgrapht.alg.matching.blossom.v5.KolmogorovWeightedPerfectMatchingTest" time="0.001"/>
  <testcase name="testGetMatching49[7]" classname="org.jgrapht.alg.matching.blossom.v5.KolmogorovWeightedPerfectMatchingTest" time="0.008"/>
  <testcase name="testGetMatching50[7]" classname="org.jgrapht.alg.matching.blossom.v5.KolmogorovWeightedPerfectMatchingTest" time="0"/>
  <testcase name="testInvalidDualSolution[7]" classname="org.jgrapht.alg.matching.blossom.v5.KolmogorovWeightedPerfectMatchingTest" time="0"/>
  <testcase name="testGetMatching0[7]" classname="org.jgrapht.alg.matching.blossom.v5.KolmogorovWeightedPerfectMatchingTest" time="0.002"/>
  <testcase name="testGetMatching1[7]" classname="org.jgrapht.alg.matching.blossom.v5.KolmogorovWeightedPerfectMatchingTest" time="0"/>
  <testcase name="testGetMatching2[7]" classname="org.jgrapht.alg.matching.blossom.v5.KolmogorovWeightedPerfectMatchingTest" time="0"/>
  <testcase name="testGetMatching3[7]" classname="org.jgrapht.alg.matching.blossom.v5.KolmogorovWeightedPerfectMatchingTest" time="0"/>
  <testcase name="testGetMatching4[7]" classname="org.jgrapht.alg.matching.blossom.v5.KolmogorovWeightedPerfectMatchingTest" time="0"/>
  <testcase name="testGetMatching5[7]" classname="org.jgrapht.alg.matching.blossom.v5.KolmogorovWeightedPerfectMatchingTest" time="0"/>
  <testcase name="testGetMatching6[7]" classname="org.jgrapht.alg.matching.blossom.v5.KolmogorovWeightedPerfectMatchingTest" time="0"/>
  <testcase name="testGetMatching7[7]" classname="org.jgrapht.alg.matching.blossom.v5.KolmogorovWeightedPerfectMatchingTest" time="0"/>
  <testcase name="testGetMatching8[7]" classname="org.jgrapht.alg.matching.blossom.v5.KolmogorovWeightedPerfectMatchingTest" time="0"/>
  <testcase name="testGetMatching9[7]" classname="org.jgrapht.alg.matching.blossom.v5.KolmogorovWeightedPerfectMatchingTest" time="0"/>
  <testcase name="testGetMatching10[8]" classname="org.jgrapht.alg.matching.blossom.v5.KolmogorovWeightedPerfectMatchingTest" time="0"/>
  <testcase name="testGetMatching11[8]" classname="org.jgrapht.alg.matching.blossom.v5.KolmogorovWeightedPerfectMatchingTest" time="0"/>
  <testcase name="testGetMatching12[8]" classname="org.jgrapht.alg.matching.blossom.v5.KolmogorovWeightedPerfectMatchingTest" time="0.001"/>
  <testcase name="testGetMatching13[8]" classname="org.jgrapht.alg.matching.blossom.v5.KolmogorovWeightedPerfectMatchingTest" time="0"/>
  <testcase name="testGetMatching14[8]" classname="org.jgrapht.alg.matching.blossom.v5.KolmogorovWeightedPerfectMatchingTest" time="0.004"/>
  <testcase name="testGetMatching15[8]" classname="org.jgrapht.alg.matching.blossom.v5.KolmogorovWeightedPerfectMatchingTest" time="0"/>
  <testcase name="testGetMatching16[8]" classname="org.jgrapht.alg.matching.blossom.v5.KolmogorovWeightedPerfectMatchingTest" time="0"/>
  <testcase name="testGetMatching17[8]" classname="org.jgrapht.alg.matching.blossom.v5.KolmogorovWeightedPerfectMatchingTest" time="0"/>
  <testcase name="testGetMatching18[8]" classname="org.jgrapht.alg.matching.blossom.v5.KolmogorovWeightedPerfectMatchingTest" time="0"/>
  <testcase name="testGetMatching19[8]" classname="org.jgrapht.alg.matching.blossom.v5.KolmogorovWeightedPerfectMatchingTest" time="0"/>
  <testcase name="testGetMatching20[8]" classname="org.jgrapht.alg.matching.blossom.v5.KolmogorovWeightedPerfectMatchingTest" time="0"/>
  <testcase name="testGetMatching21[8]" classname="org.jgrapht.alg.matching.blossom.v5.KolmogorovWeightedPerfectMatchingTest" time="0"/>
  <testcase name="testGetMatching22[8]" classname="org.jgrapht.alg.matching.blossom.v5.KolmogorovWeightedPerfectMatchingTest" time="0"/>
  <testcase name="testGetMatching23[8]" classname="org.jgrapht.alg.matching.blossom.v5.KolmogorovWeightedPerfectMatchingTest" time="0"/>
  <testcase name="testGetMatching24[8]" classname="org.jgrapht.alg.matching.blossom.v5.KolmogorovWeightedPerfectMatchingTest" time="0"/>
  <testcase name="testGetMatching25[8]" classname="org.jgrapht.alg.matching.blossom.v5.KolmogorovWeightedPerfectMatchingTest" time="0"/>
  <testcase name="testGetMatching26[8]" classname="org.jgrapht.alg.matching.blossom.v5.KolmogorovWeightedPerfectMatchingTest" time="0.001"/>
  <testcase name="testGetMatching27[8]" classname="org.jgrapht.alg.matching.blossom.v5.KolmogorovWeightedPerfectMatchingTest" time="0"/>
  <testcase name="testGetMatching28[8]" classname="org.jgrapht.alg.matching.blossom.v5.KolmogorovWeightedPerfectMatchingTest" time="0.004"/>
  <testcase name="testGetMatching29[8]" classname="org.jgrapht.alg.matching.blossom.v5.KolmogorovWeightedPerfectMatchingTest" time="0"/>
  <testcase name="testGetMatching30[8]" classname="org.jgrapht.alg.matching.blossom.v5.KolmogorovWeightedPerfectMatchingTest" time="0.002"/>
  <testcase name="testGetMatching31[8]" classname="org.jgrapht.alg.matching.blossom.v5.KolmogorovWeightedPerfectMatchingTest" time="0.011"/>
  <testcase name="testGetMatching32[8]" classname="org.jgrapht.alg.matching.blossom.v5.KolmogorovWeightedPerfectMatchingTest" time="0.013"/>
  <testcase name="testGetMatching33[8]" classname="org.jgrapht.alg.matching.blossom.v5.KolmogorovWeightedPerfectMatchingTest" time="0.042"/>
  <testcase name="testGetMatching34[8]" classname="org.jgrapht.alg.matching.blossom.v5.KolmogorovWeightedPerfectMatchingTest" time="0.076"/>
  <testcase name="testGetMatching35[8]" classname="org.jgrapht.alg.matching.blossom.v5.KolmogorovWeightedPerfectMatchingTest" time="0.163"/>
  <testcase name="testGetMatching36[8]" classname="org.jgrapht.alg.matching.blossom.v5.KolmogorovWeightedPerfectMatchingTest" time="0.184"/>
  <testcase name="testGetMatching37[8]" classname="org.jgrapht.alg.matching.blossom.v5.KolmogorovWeightedPerfectMatchingTest" time="0.001"/>
  <testcase name="testGetMatching38[8]" classname="org.jgrapht.alg.matching.blossom.v5.KolmogorovWeightedPerfectMatchingTest" time="0.01"/>
  <testcase name="testGetMatching39[8]" classname="org.jgrapht.alg.matching.blossom.v5.KolmogorovWeightedPerfectMatchingTest" time="0"/>
  <testcase name="testGetMatching40[8]" classname="org.jgrapht.alg.matching.blossom.v5.KolmogorovWeightedPerfectMatchingTest" time="0"/>
  <testcase name="testGetMatching41[8]" classname="org.jgrapht.alg.matching.blossom.v5.KolmogorovWeightedPerfectMatchingTest" time="0.001"/>
  <testcase name="testGetMatching42[8]" classname="org.jgrapht.alg.matching.blossom.v5.KolmogorovWeightedPerfectMatchingTest" time="0"/>
  <testcase name="testGetMatching43[8]" classname="org.jgrapht.alg.matching.blossom.v5.KolmogorovWeightedPerfectMatchingTest" time="0"/>
  <testcase name="testGetMatching44[8]" classname="org.jgrapht.alg.matching.blossom.v5.KolmogorovWeightedPerfectMatchingTest" time="0"/>
  <testcase name="testGetMatching45[8]" classname="org.jgrapht.alg.matching.blossom.v5.KolmogorovWeightedPerfectMatchingTest" time="0"/>
  <testcase name="testGetMatching46[8]" classname="org.jgrapht.alg.matching.blossom.v5.KolmogorovWeightedPerfectMatchingTest" time="0.002"/>
  <testcase name="testGetMatching47[8]" classname="org.jgrapht.alg.matching.blossom.v5.KolmogorovWeightedPerfectMatchingTest" time="0"/>
  <testcase name="testGetMatching48[8]" classname="org.jgrapht.alg.matching.blossom.v5.KolmogorovWeightedPerfectMatchingTest" time="0"/>
  <testcase name="testGetMatching49[8]" classname="org.jgrapht.alg.matching.blossom.v5.KolmogorovWeightedPerfectMatchingTest" time="0.001"/>
  <testcase name="testGetMatching50[8]" classname="org.jgrapht.alg.matching.blossom.v5.KolmogorovWeightedPerfectMatchingTest" time="0.001"/>
  <testcase name="testInvalidDualSolution[8]" classname="org.jgrapht.alg.matching.blossom.v5.KolmogorovWeightedPerfectMatchingTest" time="0"/>
  <testcase name="testGetMatching0[8]" classname="org.jgrapht.alg.matching.blossom.v5.KolmogorovWeightedPerfectMatchingTest" time="0.001"/>
  <testcase name="testGetMatching1[8]" classname="org.jgrapht.alg.matching.blossom.v5.KolmogorovWeightedPerfectMatchingTest" time="0"/>
  <testcase name="testGetMatching2[8]" classname="org.jgrapht.alg.matching.blossom.v5.KolmogorovWeightedPerfectMatchingTest" time="0"/>
  <testcase name="testGetMatching3[8]" classname="org.jgrapht.alg.matching.blossom.v5.KolmogorovWeightedPerfectMatchingTest" time="0"/>
  <testcase name="testGetMatching4[8]" classname="org.jgrapht.alg.matching.blossom.v5.KolmogorovWeightedPerfectMatchingTest" time="0"/>
  <testcase name="testGetMatching5[8]" classname="org.jgrapht.alg.matching.blossom.v5.KolmogorovWeightedPerfectMatchingTest" time="0"/>
  <testcase name="testGetMatching6[8]" classname="org.jgrapht.alg.matching.blossom.v5.KolmogorovWeightedPerfectMatchingTest" time="0.001"/>
  <testcase name="testGetMatching7[8]" classname="org.jgrapht.alg.matching.blossom.v5.KolmogorovWeightedPerfectMatchingTest" time="0"/>
  <testcase name="testGetMatching8[8]" classname="org.jgrapht.alg.matching.blossom.v5.KolmogorovWeightedPerfectMatchingTest" time="0"/>
  <testcase name="testGetMatching9[8]" classname="org.jgrapht.alg.matching.blossom.v5.KolmogorovWeightedPerfectMatchingTest" time="0"/>
  <testcase name="testGetMatching10[9]" classname="org.jgrapht.alg.matching.blossom.v5.KolmogorovWeightedPerfectMatchingTest" time="0.001"/>
  <testcase name="testGetMatching11[9]" classname="org.jgrapht.alg.matching.blossom.v5.KolmogorovWeightedPerfectMatchingTest" time="0"/>
  <testcase name="testGetMatching12[9]" classname="org.jgrapht.alg.matching.blossom.v5.KolmogorovWeightedPerfectMatchingTest" time="0"/>
  <testcase name="testGetMatching13[9]" classname="org.jgrapht.alg.matching.blossom.v5.KolmogorovWeightedPerfectMatchingTest" time="0"/>
  <testcase name="testGetMatching14[9]" classname="org.jgrapht.alg.matching.blossom.v5.KolmogorovWeightedPerfectMatchingTest" time="0"/>
  <testcase name="testGetMatching15[9]" classname="org.jgrapht.alg.matching.blossom.v5.KolmogorovWeightedPerfectMatchingTest" time="0.001"/>
  <testcase name="testGetMatching16[9]" classname="org.jgrapht.alg.matching.blossom.v5.KolmogorovWeightedPerfectMatchingTest" time="0"/>
  <testcase name="testGetMatching17[9]" classname="org.jgrapht.alg.matching.blossom.v5.KolmogorovWeightedPerfectMatchingTest" time="0"/>
  <testcase name="testGetMatching18[9]" classname="org.jgrapht.alg.matching.blossom.v5.KolmogorovWeightedPerfectMatchingTest" time="0"/>
  <testcase name="testGetMatching19[9]" classname="org.jgrapht.alg.matching.blossom.v5.KolmogorovWeightedPerfectMatchingTest" time="0"/>
  <testcase name="testGetMatching20[9]" classname="org.jgrapht.alg.matching.blossom.v5.KolmogorovWeightedPerfectMatchingTest" time="0.001"/>
  <testcase name="testGetMatching21[9]" classname="org.jgrapht.alg.matching.blossom.v5.KolmogorovWeightedPerfectMatchingTest" time="0"/>
  <testcase name="testGetMatching22[9]" classname="org.jgrapht.alg.matching.blossom.v5.KolmogorovWeightedPerfectMatchingTest" time="0"/>
  <testcase name="testGetMatching23[9]" classname="org.jgrapht.alg.matching.blossom.v5.KolmogorovWeightedPerfectMatchingTest" time="0"/>
  <testcase name="testGetMatching24[9]" classname="org.jgrapht.alg.matching.blossom.v5.KolmogorovWeightedPerfectMatchingTest" time="0"/>
  <testcase name="testGetMatching25[9]" classname="org.jgrapht.alg.matching.blossom.v5.KolmogorovWeightedPerfectMatchingTest" time="0"/>
  <testcase name="testGetMatching26[9]" classname="org.jgrapht.alg.matching.blossom.v5.KolmogorovWeightedPerfectMatchingTest" time="0.001"/>
  <testcase name="testGetMatching27[9]" classname="org.jgrapht.alg.matching.blossom.v5.KolmogorovWeightedPerfectMatchingTest" time="0"/>
  <testcase name="testGetMatching28[9]" classname="org.jgrapht.alg.matching.blossom.v5.KolmogorovWeightedPerfectMatchingTest" time="0"/>
  <testcase name="testGetMatching29[9]" classname="org.jgrapht.alg.matching.blossom.v5.KolmogorovWeightedPerfectMatchingTest" time="0.002"/>
  <testcase name="testGetMatching30[9]" classname="org.jgrapht.alg.matching.blossom.v5.KolmogorovWeightedPerfectMatchingTest" time="0.001"/>
  <testcase name="testGetMatching31[9]" classname="org.jgrapht.alg.matching.blossom.v5.KolmogorovWeightedPerfectMatchingTest" time="0.001"/>
  <testcase name="testGetMatching32[9]" classname="org.jgrapht.alg.matching.blossom.v5.KolmogorovWeightedPerfectMatchingTest" time="0.006"/>
  <testcase name="testGetMatching33[9]" classname="org.jgrapht.alg.matching.blossom.v5.KolmogorovWeightedPerfectMatchingTest" time="0.007"/>
  <testcase name="testGetMatching34[9]" classname="org.jgrapht.alg.matching.blossom.v5.KolmogorovWeightedPerfectMatchingTest" time="0.007"/>
  <testcase name="testGetMatching35[9]" classname="org.jgrapht.alg.matching.blossom.v5.KolmogorovWeightedPerfectMatchingTest" time="0.008"/>
  <testcase name="testGetMatching36[9]" classname="org.jgrapht.alg.matching.blossom.v5.KolmogorovWeightedPerfectMatchingTest" time="0.015"/>
  <testcase name="testGetMatching37[9]" classname="org.jgrapht.alg.matching.blossom.v5.KolmogorovWeightedPerfectMatchingTest" time="0.001"/>
  <testcase name="testGetMatching38[9]" classname="org.jgrapht.alg.matching.blossom.v5.KolmogorovWeightedPerfectMatchingTest" time="0.012"/>
  <testcase name="testGetMatching39[9]" classname="org.jgrapht.alg.matching.blossom.v5.KolmogorovWeightedPerfectMatchingTest" time="0"/>
  <testcase name="testGetMatching40[9]" classname="org.jgrapht.alg.matching.blossom.v5.KolmogorovWeightedPerfectMatchingTest" time="0"/>
  <testcase name="testGetMatching41[9]" classname="org.jgrapht.alg.matching.blossom.v5.KolmogorovWeightedPerfectMatchingTest" time="0.001"/>
  <testcase name="testGetMatching42[9]" classname="org.jgrapht.alg.matching.blossom.v5.KolmogorovWeightedPerfectMatchingTest" time="0"/>
  <testcase name="testGetMatching43[9]" classname="org.jgrapht.alg.matching.blossom.v5.KolmogorovWeightedPerfectMatchingTest" time="0"/>
  <testcase name="testGetMatching44[9]" classname="org.jgrapht.alg.matching.blossom.v5.KolmogorovWeightedPerfectMatchingTest" time="0"/>
  <testcase name="testGetMatching45[9]" classname="org.jgrapht.alg.matching.blossom.v5.KolmogorovWeightedPerfectMatchingTest" time="0"/>
  <testcase name="testGetMatching46[9]" classname="org.jgrapht.alg.matching.blossom.v5.KolmogorovWeightedPerfectMatchingTest" time="0.002"/>
  <testcase name="testGetMatching47[9]" classname="org.jgrapht.alg.matching.blossom.v5.KolmogorovWeightedPerfectMatchingTest" time="0"/>
  <testcase name="testGetMatching48[9]" classname="org.jgrapht.alg.matching.blossom.v5.KolmogorovWeightedPerfectMatchingTest" time="0.001"/>
  <testcase name="testGetMatching49[9]" classname="org.jgrapht.alg.matching.blossom.v5.KolmogorovWeightedPerfectMatchingTest" time="0"/>
  <testcase name="testGetMatching50[9]" classname="org.jgrapht.alg.matching.blossom.v5.KolmogorovWeightedPerfectMatchingTest" time="0.001"/>
  <testcase name="testInvalidDualSolution[9]" classname="org.jgrapht.alg.matching.blossom.v5.KolmogorovWeightedPerfectMatchingTest" time="0"/>
  <testcase name="testGetMatching0[9]" classname="org.jgrapht.alg.matching.blossom.v5.KolmogorovWeightedPerfectMatchingTest" time="0"/>
  <testcase name="testGetMatching1[9]" classname="org.jgrapht.alg.matching.blossom.v5.KolmogorovWeightedPerfectMatchingTest" time="0"/>
  <testcase name="testGetMatching2[9]" classname="org.jgrapht.alg.matching.blossom.v5.KolmogorovWeightedPerfectMatchingTest" time="0"/>
  <testcase name="testGetMatching3[9]" classname="org.jgrapht.alg.matching.blossom.v5.KolmogorovWeightedPerfectMatchingTest" time="0"/>
  <testcase name="testGetMatching4[9]" classname="org.jgrapht.alg.matching.blossom.v5.KolmogorovWeightedPerfectMatchingTest" time="0"/>
  <testcase name="testGetMatching5[9]" classname="org.jgrapht.alg.matching.blossom.v5.KolmogorovWeightedPerfectMatchingTest" time="0.001"/>
  <testcase name="testGetMatching6[9]" classname="org.jgrapht.alg.matching.blossom.v5.KolmogorovWeightedPerfectMatchingTest" time="0.001"/>
  <testcase name="testGetMatching7[9]" classname="org.jgrapht.alg.matching.blossom.v5.KolmogorovWeightedPerfectMatchingTest" time="0"/>
  <testcase name="testGetMatching8[9]" classname="org.jgrapht.alg.matching.blossom.v5.KolmogorovWeightedPerfectMatchingTest" time="0"/>
  <testcase name="testGetMatching9[9]" classname="org.jgrapht.alg.matching.blossom.v5.KolmogorovWeightedPerfectMatchingTest" time="0.001"/>
  <testcase name="testGetMatching10[10]" classname="org.jgrapht.alg.matching.blossom.v5.KolmogorovWeightedPerfectMatchingTest" time="0"/>
  <testcase name="testGetMatching11[10]" classname="org.jgrapht.alg.matching.blossom.v5.KolmogorovWeightedPerfectMatchingTest" time="0"/>
  <testcase name="testGetMatching12[10]" classname="org.jgrapht.alg.matching.blossom.v5.KolmogorovWeightedPerfectMatchingTest" time="0"/>
  <testcase name="testGetMatching13[10]" classname="org.jgrapht.alg.matching.blossom.v5.KolmogorovWeightedPerfectMatchingTest" time="0"/>
  <testcase name="testGetMatching14[10]" classname="org.jgrapht.alg.matching.blossom.v5.KolmogorovWeightedPerfectMatchingTest" time="0"/>
  <testcase name="testGetMatching15[10]" classname="org.jgrapht.alg.matching.blossom.v5.KolmogorovWeightedPerfectMatchingTest" time="0"/>
  <testcase name="testGetMatching16[10]" classname="org.jgrapht.alg.matching.blossom.v5.KolmogorovWeightedPerfectMatchingTest" time="0"/>
  <testcase name="testGetMatching17[10]" classname="org.jgrapht.alg.matching.blossom.v5.KolmogorovWeightedPerfectMatchingTest" time="0"/>
  <testcase name="testGetMatching18[10]" classname="org.jgrapht.alg.matching.blossom.v5.KolmogorovWeightedPerfectMatchingTest" time="0.001"/>
  <testcase name="testGetMatching19[10]" classname="org.jgrapht.alg.matching.blossom.v5.KolmogorovWeightedPerfectMatchingTest" time="0"/>
  <testcase name="testGetMatching20[10]" classname="org.jgrapht.alg.matching.blossom.v5.KolmogorovWeightedPerfectMatchingTest" time="0"/>
  <testcase name="testGetMatching21[10]" classname="org.jgrapht.alg.matching.blossom.v5.KolmogorovWeightedPerfectMatchingTest" time="0"/>
  <testcase name="testGetMatching22[10]" classname="org.jgrapht.alg.matching.blossom.v5.KolmogorovWeightedPerfectMatchingTest" time="0"/>
  <testcase name="testGetMatching23[10]" classname="org.jgrapht.alg.matching.blossom.v5.KolmogorovWeightedPerfectMatchingTest" time="0"/>
  <testcase name="testGetMatching24[10]" classname="org.jgrapht.alg.matching.blossom.v5.KolmogorovWeightedPerfectMatchingTest" time="0.001"/>
  <testcase name="testGetMatching25[10]" classname="org.jgrapht.alg.matching.blossom.v5.KolmogorovWeightedPerfectMatchingTest" time="0"/>
  <testcase name="testGetMatching26[10]" classname="org.jgrapht.alg.matching.blossom.v5.KolmogorovWeightedPerfectMatchingTest" time="0.002"/>
  <testcase name="testGetMatching27[10]" classname="org.jgrapht.alg.matching.blossom.v5.KolmogorovWeightedPerfectMatchingTest" time="0.002"/>
  <testcase name="testGetMatching28[10]" classname="org.jgrapht.alg.matching.blossom.v5.KolmogorovWeightedPerfectMatchingTest" time="0.001"/>
  <testcase name="testGetMatching29[10]" classname="org.jgrapht.alg.matching.blossom.v5.KolmogorovWeightedPerfectMatchingTest" time="0"/>
  <testcase name="testGetMatching30[10]" classname="org.jgrapht.alg.matching.blossom.v5.KolmogorovWeightedPerfectMatchingTest" time="0.003"/>
  <testcase name="testGetMatching31[10]" classname="org.jgrapht.alg.matching.blossom.v5.KolmogorovWeightedPerfectMatchingTest" time="0.002"/>
  <testcase name="testGetMatching32[10]" classname="org.jgrapht.alg.matching.blossom.v5.KolmogorovWeightedPerfectMatchingTest" time="0.002"/>
  <testcase name="testGetMatching33[10]" classname="org.jgrapht.alg.matching.blossom.v5.KolmogorovWeightedPerfectMatchingTest" time="0.005"/>
  <testcase name="testGetMatching34[10]" classname="org.jgrapht.alg.matching.blossom.v5.KolmogorovWeightedPerfectMatchingTest" time="0.008"/>
  <testcase name="testGetMatching35[10]" classname="org.jgrapht.alg.matching.blossom.v5.KolmogorovWeightedPerfectMatchingTest" time="0.007"/>
  <testcase name="testGetMatching36[10]" classname="org.jgrapht.alg.matching.blossom.v5.KolmogorovWeightedPerfectMatchingTest" time="0.012"/>
  <testcase name="testGetMatching37[10]" classname="org.jgrapht.alg.matching.blossom.v5.KolmogorovWeightedPerfectMatchingTest" time="0.002"/>
  <testcase name="testGetMatching38[10]" classname="org.jgrapht.alg.matching.blossom.v5.KolmogorovWeightedPerfectMatchingTest" time="0.004"/>
  <testcase name="testGetMatching39[10]" classname="org.jgrapht.alg.matching.blossom.v5.KolmogorovWeightedPerfectMatchingTest" time="0"/>
  <testcase name="testGetMatching40[10]" classname="org.jgrapht.alg.matching.blossom.v5.KolmogorovWeightedPerfectMatchingTest" time="0.001"/>
  <testcase name="testGetMatching41[10]" classname="org.jgrapht.alg.matching.blossom.v5.KolmogorovWeightedPerfectMatchingTest" time="0"/>
  <testcase name="testGetMatching42[10]" classname="org.jgrapht.alg.matching.blossom.v5.KolmogorovWeightedPerfectMatchingTest" time="0"/>
  <testcase name="testGetMatching43[10]" classname="org.jgrapht.alg.matching.blossom.v5.KolmogorovWeightedPerfectMatchingTest" time="0"/>
  <testcase name="testGetMatching44[10]" classname="org.jgrapht.alg.matching.blossom.v5.KolmogorovWeightedPerfectMatchingTest" time="0"/>
  <testcase name="testGetMatching45[10]" classname="org.jgrapht.alg.matching.blossom.v5.KolmogorovWeightedPerfectMatchingTest" time="0"/>
  <testcase name="testGetMatching46[10]" classname="org.jgrapht.alg.matching.blossom.v5.KolmogorovWeightedPerfectMatchingTest" time="0.001"/>
  <testcase name="testGetMatching47[10]" classname="org.jgrapht.alg.matching.blossom.v5.KolmogorovWeightedPerfectMatchingTest" time="0"/>
  <testcase name="testGetMatching48[10]" classname="org.jgrapht.alg.matching.blossom.v5.KolmogorovWeightedPerfectMatchingTest" time="0"/>
  <testcase name="testGetMatching49[10]" classname="org.jgrapht.alg.matching.blossom.v5.KolmogorovWeightedPerfectMatchingTest" time="0.002"/>
  <testcase name="testGetMatching50[10]" classname="org.jgrapht.alg.matching.blossom.v5.KolmogorovWeightedPerfectMatchingTest" time="0.003"/>
  <testcase name="testInvalidDualSolution[10]" classname="org.jgrapht.alg.matching.blossom.v5.KolmogorovWeightedPerfectMatchingTest" time="0"/>
  <testcase name="testGetMatching0[10]" classname="org.jgrapht.alg.matching.blossom.v5.KolmogorovWeightedPerfectMatchingTest" time="0"/>
  <testcase name="testGetMatching1[10]" classname="org.jgrapht.alg.matching.blossom.v5.KolmogorovWeightedPerfectMatchingTest" time="0.001"/>
  <testcase name="testGetMatching2[10]" classname="org.jgrapht.alg.matching.blossom.v5.KolmogorovWeightedPerfectMatchingTest" time="0"/>
  <testcase name="testGetMatching3[10]" classname="org.jgrapht.alg.matching.blossom.v5.KolmogorovWeightedPerfectMatchingTest" time="0"/>
  <testcase name="testGetMatching4[10]" classname="org.jgrapht.alg.matching.blossom.v5.KolmogorovWeightedPerfectMatchingTest" time="0"/>
  <testcase name="testGetMatching5[10]" classname="org.jgrapht.alg.matching.blossom.v5.KolmogorovWeightedPerfectMatchingTest" time="0"/>
  <testcase name="testGetMatching6[10]" classname="org.jgrapht.alg.matching.blossom.v5.KolmogorovWeightedPerfectMatchingTest" time="0"/>
  <testcase name="testGetMatching7[10]" classname="org.jgrapht.alg.matching.blossom.v5.KolmogorovWeightedPerfectMatchingTest" time="0"/>
  <testcase name="testGetMatching8[10]" classname="org.jgrapht.alg.matching.blossom.v5.KolmogorovWeightedPerfectMatchingTest" time="0.001"/>
  <testcase name="testGetMatching9[10]" classname="org.jgrapht.alg.matching.blossom.v5.KolmogorovWeightedPerfectMatchingTest" time="0"/>
  <testcase name="testGetMatching10[11]" classname="org.jgrapht.alg.matching.blossom.v5.KolmogorovWeightedPerfectMatchingTest" time="0"/>
[...]
  <testcase name="testGetMatching24[45]" classname="org.jgrapht.alg.matching.blossom.v5.KolmogorovWeightedPerfectMatchingTest" time="0.011"/>
  <testcase name="testGetMatching25[45]" classname="org.jgrapht.alg.matching.blossom.v5.KolmogorovWeightedPerfectMatchingTest" time="0.001"/>
  <testcase name="testGetMatching26[45]" classname="org.jgrapht.alg.matching.blossom.v5.KolmogorovWeightedPerfectMatchingTest" time="0"/>
  <testcase name="testGetMatching27[45]" classname="org.jgrapht.alg.matching.blossom.v5.KolmogorovWeightedPerfectMatchingTest" time="0.001"/>
  <testcase name="testGetMatching28[45]" classname="org.jgrapht.alg.matching.blossom.v5.KolmogorovWeightedPerfectMatchingTest" time="0.022"/>
  <testcase name="testGetMatching29[45]" classname="org.jgrapht.alg.matching.blossom.v5.KolmogorovWeightedPerfectMatchingTest" time="0.001"/>
  <testcase name="testGetMatching30[45]" classname="org.jgrapht.alg.matching.blossom.v5.KolmogorovWeightedPerfectMatchingTest" time="0.006"/>
  <testcase name="testGetMatching31[45]" classname="org.jgrapht.alg.matching.blossom.v5.KolmogorovWeightedPerfectMatchingTest" time="0.005"/>
  <testcase name="testGetMatching32[45]" classname="org.jgrapht.alg.matching.blossom.v5.KolmogorovWeightedPerfectMatchingTest" time="0.07"/>
  <testcase name="testGetMatching33[45]" classname="org.jgrapht.alg.matching.blossom.v5.KolmogorovWeightedPerfectMatchingTest" time="0.025"/>
  <testcase name="testGetMatching34[45]" classname="org.jgrapht.alg.matching.blossom.v5.KolmogorovWeightedPerfectMatchingTest" time="0.072"/>
  <testcase name="testGetMatching35[45]" classname="org.jgrapht.alg.matching.blossom.v5.KolmogorovWeightedPerfectMatchingTest" time="0.05"/>
  <testcase name="testGetMatching36[45]" classname="org.jgrapht.alg.matching.blossom.v5.KolmogorovWeightedPerfectMatchingTest" time="0.078"/>
  <testcase name="testGetMatching37[45]" classname="org.jgrapht.alg.matching.blossom.v5.KolmogorovWeightedPerfectMatchingTest" time="0.001"/>
  <testcase name="testGetMatching38[45]" classname="org.jgrapht.alg.matching.blossom.v5.KolmogorovWeightedPerfectMatchingTest" time="0.015"/>
  <testcase name="testGetMatching39[45]" classname="org.jgrapht.alg.matching.blossom.v5.KolmogorovWeightedPerfectMatchingTest" time="0.003"/>
  <testcase name="testGetMatching40[45]" classname="org.jgrapht.alg.matching.blossom.v5.KolmogorovWeightedPerfectMatchingTest" time="0"/>
  <testcase name="testGetMatching41[45]" classname="org.jgrapht.alg.matching.blossom.v5.KolmogorovWeightedPerfectMatchingTest" time="0"/>
  <testcase name="testGetMatching42[45]" classname="org.jgrapht.alg.matching.blossom.v5.KolmogorovWeightedPerfectMatchingTest" time="0"/>
  <testcase name="testGetMatching43[45]" classname="org.jgrapht.alg.matching.blossom.v5.KolmogorovWeightedPerfectMatchingTest" time="0.001"/>
  <testcase name="testGetMatching44[45]" classname="org.jgrapht.alg.matching.blossom.v5.KolmogorovWeightedPerfectMatchingTest" time="0.008"/>
  <testcase name="testGetMatching45[45]" classname="org.jgrapht.alg.matching.blossom.v5.KolmogorovWeightedPerfectMatchingTest" time="0"/>
  <testcase name="testGetMatching46[45]" classname="org.jgrapht.alg.matching.blossom.v5.KolmogorovWeightedPerfectMatchingTest" time="0.054"/>
  <testcase name="testGetMatching47[45]" classname="org.jgrapht.alg.matching.blossom.v5.KolmogorovWeightedPerfectMatchingTest" time="0"/>
  <testcase name="testGetMatching48[45]" classname="org.jgrapht.alg.matching.blossom.v5.KolmogorovWeightedPerfectMatchingTest" time="0"/>
  <testcase name="testGetMatching49[45]" classname="org.jgrapht.alg.matching.blossom.v5.KolmogorovWeightedPerfectMatchingTest" time="0.002"/>
  <testcase name="testGetMatching50[45]" classname="org.jgrapht.alg.matching.blossom.v5.KolmogorovWeightedPerfectMatchingTest" time="0.005"/>
  <testcase name="testInvalidDualSolution[45]" classname="org.jgrapht.alg.matching.blossom.v5.KolmogorovWeightedPerfectMatchingTest" time="0.006"/>
  <testcase name="testGetMatching0[45]" classname="org.jgrapht.alg.matching.blossom.v5.KolmogorovWeightedPerfectMatchingTest" time="0.022"/>
  <testcase name="testGetMatching1[45]" classname="org.jgrapht.alg.matching.blossom.v5.KolmogorovWeightedPerfectMatchingTest" time="0.001"/>
  <testcase name="testGetMatching2[45]" classname="org.jgrapht.alg.matching.blossom.v5.KolmogorovWeightedPerfectMatchingTest" time="0"/>
  <testcase name="testGetMatching3[45]" classname="org.jgrapht.alg.matching.blossom.v5.KolmogorovWeightedPerfectMatchingTest" time="0"/>
  <testcase name="testGetMatching4[45]" classname="org.jgrapht.alg.matching.blossom.v5.KolmogorovWeightedPerfectMatchingTest" time="0.001"/>
  <testcase name="testGetMatching5[45]" classname="org.jgrapht.alg.matching.blossom.v5.KolmogorovWeightedPerfectMatchingTest" time="0"/>
  <testcase name="testGetMatching6[45]" classname="org.jgrapht.alg.matching.blossom.v5.KolmogorovWeightedPerfectMatchingTest" time="0"/>
  <testcase name="testGetMatching7[45]" classname="org.jgrapht.alg.matching.blossom.v5.KolmogorovWeightedPerfectMatchingTest" time="0"/>
  <testcase name="testGetMatching8[45]" classname="org.jgrapht.alg.matching.blossom.v5.KolmogorovWeightedPerfectMatchingTest" time="0"/>
  <testcase name="testGetMatching9[45]" classname="org.jgrapht.alg.matching.blossom.v5.KolmogorovWeightedPerfectMatchingTest" time="0.008"/>
  <testcase name="testGetMatching10[46]" classname="org.jgrapht.alg.matching.blossom.v5.KolmogorovWeightedPerfectMatchingTest" time="0"/>
  <testcase name="testGetMatching11[46]" classname="org.jgrapht.alg.matching.blossom.v5.KolmogorovWeightedPerfectMatchingTest" time="0"/>
  <testcase name="testGetMatching12[46]" classname="org.jgrapht.alg.matching.blossom.v5.KolmogorovWeightedPerfectMatchingTest" time="0"/>
  <testcase name="testGetMatching13[46]" classname="org.jgrapht.alg.matching.blossom.v5.KolmogorovWeightedPerfectMatchingTest" time="0"/>
  <testcase name="testGetMatching14[46]" classname="org.jgrapht.alg.matching.blossom.v5.KolmogorovWeightedPerfectMatchingTest" time="0"/>
  <testcase name="testGetMatching15[46]" classname="org.jgrapht.alg.matching.blossom.v5.KolmogorovWeightedPerfectMatchingTest" time="0.001"/>
  <testcase name="testGetMatching16[46]" classname="org.jgrapht.alg.matching.blossom.v5.KolmogorovWeightedPerfectMatchingTest" time="0"/>
  <testcase name="testGetMatching17[46]" classname="org.jgrapht.alg.matching.blossom.v5.KolmogorovWeightedPerfectMatchingTest" time="0"/>
  <testcase name="testGetMatching18[46]" classname="org.jgrapht.alg.matching.blossom.v5.KolmogorovWeightedPerfectMatchingTest" time="0.077"/>
  <testcase name="testGetMatching19[46]" classname="org.jgrapht.alg.matching.blossom.v5.KolmogorovWeightedPerfectMatchingTest" time="0.001"/>
  <testcase name="testGetMatching20[46]" classname="org.jgrapht.alg.matching.blossom.v5.KolmogorovWeightedPerfectMatchingTest" time="0"/>
  <testcase name="testGetMatching21[46]" classname="org.jgrapht.alg.matching.blossom.v5.KolmogorovWeightedPerfectMatchingTest" time="0"/>
  <testcase name="testGetMatching22[46]" classname="org.jgrapht.alg.matching.blossom.v5.KolmogorovWeightedPerfectMatchingTest" time="0"/>
  <testcase name="testGetMatching23[46]" classname="org.jgrapht.alg.matching.blossom.v5.KolmogorovWeightedPerfectMatchingTest" time="0"/>
  <testcase name="testGetMatching24[46]" classname="org.jgrapht.alg.matching.blossom.v5.KolmogorovWeightedPerfectMatchingTest" time="0"/>
  <testcase name="testGetMatching25[46]" classname="org.jgrapht.alg.matching.blossom.v5.KolmogorovWeightedPerfectMatchingTest" time="0"/>
  <testcase name="testGetMatching26[46]" classname="org.jgrapht.alg.matching.blossom.v5.KolmogorovWeightedPerfectMatchingTest" time="0"/>
  <testcase name="testGetMatching27[46]" classname="org.jgrapht.alg.matching.blossom.v5.KolmogorovWeightedPerfectMatchingTest" time="0"/>
  <testcase name="testGetMatching28[46]" classname="org.jgrapht.alg.matching.blossom.v5.KolmogorovWeightedPerfectMatchingTest" time="0.001"/>
  <testcase name="testGetMatching29[46]" classname="org.jgrapht.alg.matching.blossom.v5.KolmogorovWeightedPerfectMatchingTest" time="0"/>
  <testcase name="testGetMatching30[46]" classname="org.jgrapht.alg.matching.blossom.v5.KolmogorovWeightedPerfectMatchingTest" time="0.002"/>
  <testcase name="testGetMatching31[46]" classname="org.jgrapht.alg.matching.blossom.v5.KolmogorovWeightedPerfectMatchingTest" time="0.006"/>
  <testcase name="testGetMatching32[46]" classname="org.jgrapht.alg.matching.blossom.v5.KolmogorovWeightedPerfectMatchingTest" time="0.002"/>
  <testcase name="testGetMatching33[46]" classname="org.jgrapht.alg.matching.blossom.v5.KolmogorovWeightedPerfectMatchingTest" time="0.02"/>
  <testcase name="testGetMatching34[46]" classname="org.jgrapht.alg.matching.blossom.v5.KolmogorovWeightedPerfectMatchingTest" time="0.016"/>
  <testcase name="testGetMatching35[46]" classname="org.jgrapht.alg.matching.blossom.v5.KolmogorovWeightedPerfectMatchingTest" time="0.008"/>
  <testcase name="testGetMatching36[46]" classname="org.jgrapht.alg.matching.blossom.v5.KolmogorovWeightedPerfectMatchingTest" time="0.052"/>
  <testcase name="testGetMatching37[46]" classname="org.jgrapht.alg.matching.blossom.v5.KolmogorovWeightedPerfectMatchingTest" time="0.004"/>
  <testcase name="testGetMatching38[46]" classname="org.jgrapht.alg.matching.blossom.v5.KolmogorovWeightedPerfectMatchingTest" time="0.007"/>
  <testcase name="testGetMatching39[46]" classname="org.jgrapht.alg.matching.blossom.v5.KolmogorovWeightedPerfectMatchingTest" time="0"/>
  <testcase name="testGetMatching40[46]" classname="org.jgrapht.alg.matching.blossom.v5.KolmogorovWeightedPerfectMatchingTest" time="0"/>
  <testcase name="testGetMatching41[46]" classname="org.jgrapht.alg.matching.blossom.v5.KolmogorovWeightedPerfectMatchingTest" time="0"/>
  <testcase name="testGetMatching42[46]" classname="org.jgrapht.alg.matching.blossom.v5.KolmogorovWeightedPerfectMatchingTest" time="0"/>
  <testcase name="testGetMatching43[46]" classname="org.jgrapht.alg.matching.blossom.v5.KolmogorovWeightedPerfectMatchingTest" time="0.001"/>
  <testcase name="testGetMatching44[46]" classname="org.jgrapht.alg.matching.blossom.v5.KolmogorovWeightedPerfectMatchingTest" time="0"/>
  <testcase name="testGetMatching45[46]" classname="org.jgrapht.alg.matching.blossom.v5.KolmogorovWeightedPerfectMatchingTest" time="0"/>
  <testcase name="testGetMatching46[46]" classname="org.jgrapht.alg.matching.blossom.v5.KolmogorovWeightedPerfectMatchingTest" time="0.001"/>
  <testcase name="testGetMatching47[46]" classname="org.jgrapht.alg.matching.blossom.v5.KolmogorovWeightedPerfectMatchingTest" time="0.001"/>
  <testcase name="testGetMatching48[46]" classname="org.jgrapht.alg.matching.blossom.v5.KolmogorovWeightedPerfectMatchingTest" time="0.001"/>
  <testcase name="testGetMatching49[46]" classname="org.jgrapht.alg.matching.blossom.v5.KolmogorovWeightedPerfectMatchingTest" time="0.004"/>
  <testcase name="testGetMatching50[46]" classname="org.jgrapht.alg.matching.blossom.v5.KolmogorovWeightedPerfectMatchingTest" time="0.002"/>
  <testcase name="testInvalidDualSolution[46]" classname="org.jgrapht.alg.matching.blossom.v5.KolmogorovWeightedPerfectMatchingTest" time="0.017"/>
  <testcase name="testGetMatching0[46]" classname="org.jgrapht.alg.matching.blossom.v5.KolmogorovWeightedPerfectMatchingTest" time="0"/>
  <testcase name="testGetMatching1[46]" classname="org.jgrapht.alg.matching.blossom.v5.KolmogorovWeightedPerfectMatchingTest" time="0"/>
  <testcase name="testGetMatching2[46]" classname="org.jgrapht.alg.matching.blossom.v5.KolmogorovWeightedPerfectMatchingTest" time="0"/>
  <testcase name="testGetMatching3[46]" classname="org.jgrapht.alg.matching.blossom.v5.KolmogorovWeightedPerfectMatchingTest" time="0"/>
  <testcase name="testGetMatching4[46]" classname="org.jgrapht.alg.matching.blossom.v5.KolmogorovWeightedPerfectMatchingTest" time="0"/>
  <testcase name="testGetMatching5[46]" classname="org.jgrapht.alg.matching.blossom.v5.KolmogorovWeightedPerfectMatchingTest" time="0"/>
  <testcase name="testGetMatching6[46]" classname="org.jgrapht.alg.matching.blossom.v5.KolmogorovWeightedPerfectMatchingTest" time="0"/>
  <testcase name="testGetMatching7[46]" classname="org.jgrapht.alg.matching.blossom.v5.KolmogorovWeightedPerfectMatchingTest" time="0"/>
  <testcase name="testGetMatching8[46]" classname="org.jgrapht.alg.matching.blossom.v5.KolmogorovWeightedPerfectMatchingTest" time="0.001"/>
  <testcase name="testGetMatching9[46]" classname="org.jgrapht.alg.matching.blossom.v5.KolmogorovWeightedPerfectMatchingTest" time="0"/>
  <testcase name="testGetMatching10[47]" classname="org.jgrapht.alg.matching.blossom.v5.KolmogorovWeightedPerfectMatchingTest" time="0"/>
  <testcase name="testGetMatching11[47]" classname="org.jgrapht.alg.matching.blossom.v5.KolmogorovWeightedPerfectMatchingTest" time="0.001"/>
  <testcase name="testGetMatching12[47]" classname="org.jgrapht.alg.matching.blossom.v5.KolmogorovWeightedPerfectMatchingTest" time="0"/>
  <testcase name="testGetMatching13[47]" classname="org.jgrapht.alg.matching.blossom.v5.KolmogorovWeightedPerfectMatchingTest" time="0"/>
  <testcase name="testGetMatching14[47]" classname="org.jgrapht.alg.matching.blossom.v5.KolmogorovWeightedPerfectMatchingTest" time="0.003"/>
  <testcase name="testGetMatching15[47]" classname="org.jgrapht.alg.matching.blossom.v5.KolmogorovWeightedPerfectMatchingTest" time="0.006"/>
  <testcase name="testGetMatching16[47]" classname="org.jgrapht.alg.matching.blossom.v5.KolmogorovWeightedPerfectMatchingTest" time="0.003"/>
  <testcase name="testGetMatching17[47]" classname="org.jgrapht.alg.matching.blossom.v5.KolmogorovWeightedPerfectMatchingTest" time="0"/>
  <testcase name="testGetMatching18[47]" classname="org.jgrapht.alg.matching.blossom.v5.KolmogorovWeightedPerfectMatchingTest" time="0"/>
  <testcase name="testGetMatching19[47]" classname="org.jgrapht.alg.matching.blossom.v5.KolmogorovWeightedPerfectMatchingTest" time="0.001"/>
  <testcase name="testGetMatching20[47]" classname="org.jgrapht.alg.matching.blossom.v5.KolmogorovWeightedPerfectMatchingTest" time="0.001"/>
  <testcase name="testGetMatching21[47]" classname="org.jgrapht.alg.matching.blossom.v5.KolmogorovWeightedPerfectMatchingTest" time="0"/>
  <testcase name="testGetMatching22[47]" classname="org.jgrapht.alg.matching.blossom.v5.KolmogorovWeightedPerfectMatchingTest" time="0"/>
  <testcase name="testGetMatching23[47]" classname="org.jgrapht.alg.matching.blossom.v5.KolmogorovWeightedPerfectMatchingTest" time="0.001"/>
  <testcase name="testGetMatching24[47]" classname="org.jgrapht.alg.matching.blossom.v5.KolmogorovWeightedPerfectMatchingTest" time="0"/>
  <testcase name="testGetMatching25[47]" classname="org.jgrapht.alg.matching.blossom.v5.KolmogorovWeightedPerfectMatchingTest" time="0"/>
  <testcase name="testGetMatching26[47]" classname="org.jgrapht.alg.matching.blossom.v5.KolmogorovWeightedPerfectMatchingTest" time="0"/>
  <testcase name="testGetMatching27[47]" classname="org.jgrapht.alg.matching.blossom.v5.KolmogorovWeightedPerfectMatchingTest" time="0.001"/>
  <testcase name="testGetMatching28[47]" classname="org.jgrapht.alg.matching.blossom.v5.KolmogorovWeightedPerfectMatchingTest" time="0.009"/>
  <testcase name="testGetMatching29[47]" classname="org.jgrapht.alg.matching.blossom.v5.KolmogorovWeightedPerfectMatchingTest" time="0.002"/>
  <testcase name="testGetMatching30[47]" classname="org.jgrapht.alg.matching.blossom.v5.KolmogorovWeightedPerfectMatchingTest" time="0.001"/>
  <testcase name="testGetMatching31[47]" classname="org.jgrapht.alg.matching.blossom.v5.KolmogorovWeightedPerfectMatchingTest" time="0.009"/>
  <testcase name="testGetMatching32[47]" classname="org.jgrapht.alg.matching.blossom.v5.KolmogorovWeightedPerfectMatchingTest" time="0.005"/>
  <testcase name="testGetMatching33[47]" classname="org.jgrapht.alg.matching.blossom.v5.KolmogorovWeightedPerfectMatchingTest" time="0.004"/>
  <testcase name="testGetMatching34[47]" classname="org.jgrapht.alg.matching.blossom.v5.KolmogorovWeightedPerfectMatchingTest" time="0.005"/>
  <testcase name="testGetMatching35[47]" classname="org.jgrapht.alg.matching.blossom.v5.KolmogorovWeightedPerfectMatchingTest" time="0.066"/>
  <testcase name="testGetMatching36[47]" classname="org.jgrapht.alg.matching.blossom.v5.KolmogorovWeightedPerfectMatchingTest" time="0.05"/>
  <testcase name="testGetMatching37[47]" classname="org.jgrapht.alg.matching.blossom.v5.KolmogorovWeightedPerfectMatchingTest" time="0.005"/>
  <testcase name="testGetMatching38[47]" classname="org.jgrapht.alg.matching.blossom.v5.KolmogorovWeightedPerfectMatchingTest" time="0.006"/>
  <testcase name="testGetMatching39[47]" classname="org.jgrapht.alg.matching.blossom.v5.KolmogorovWeightedPerfectMatchingTest" time="0"/>
  <testcase name="testGetMatching40[47]" classname="org.jgrapht.alg.matching.blossom.v5.KolmogorovWeightedPerfectMatchingTest" time="0"/>
  <testcase name="testGetMatching41[47]" classname="org.jgrapht.alg.matching.blossom.v5.KolmogorovWeightedPerfectMatchingTest" time="0"/>
  <testcase name="testGetMatching42[47]" classname="org.jgrapht.alg.matching.blossom.v5.KolmogorovWeightedPerfectMatchingTest" time="0"/>
  <testcase name="testGetMatching43[47]" classname="org.jgrapht.alg.matching.blossom.v5.KolmogorovWeightedPerfectMatchingTest" time="0"/>
  <testcase name="testGetMatching44[47]" classname="org.jgrapht.alg.matching.blossom.v5.KolmogorovWeightedPerfectMatchingTest" time="0"/>
  <testcase name="testGetMatching45[47]" classname="org.jgrapht.alg.matching.blossom.v5.KolmogorovWeightedPerfectMatchingTest" time="0"/>
  <testcase name="testGetMatching46[47]" classname="org.jgrapht.alg.matching.blossom.v5.KolmogorovWeightedPerfectMatchingTest" time="0.001"/>
  <testcase name="testGetMatching47[47]" classname="org.jgrapht.alg.matching.blossom.v5.KolmogorovWeightedPerfectMatchingTest" time="0"/>
  <testcase name="testGetMatching48[47]" classname="org.jgrapht.alg.matching.blossom.v5.KolmogorovWeightedPerfectMatchingTest" time="0.002"/>
  <testcase name="testGetMatching49[47]" classname="org.jgrapht.alg.matching.blossom.v5.KolmogorovWeightedPerfectMatchingTest" time="0.006"/>
  <testcase name="testGetMatching50[47]" classname="org.jgrapht.alg.matching.blossom.v5.KolmogorovWeightedPerfectMatchingTest" time="0.01"/>
  <testcase name="testInvalidDualSolution[47]" classname="org.jgrapht.alg.matching.blossom.v5.KolmogorovWeightedPerfectMatchingTest" time="0"/>
  <testcase name="testGetMatching0[47]" classname="org.jgrapht.alg.matching.blossom.v5.KolmogorovWeightedPerfectMatchingTest" time="0"/>
  <testcase name="testGetMatching1[47]" classname="org.jgrapht.alg.matching.blossom.v5.KolmogorovWeightedPerfectMatchingTest" time="0"/>
  <testcase name="testGetMatching2[47]" classname="org.jgrapht.alg.matching.blossom.v5.KolmogorovWeightedPerfectMatchingTest" time="0"/>
  <testcase name="testGetMatching3[47]" classname="org.jgrapht.alg.matching.blossom.v5.KolmogorovWeightedPerfectMatchingTest" time="0"/>
  <testcase name="testGetMatching4[47]" classname="org.jgrapht.alg.matching.blossom.v5.KolmogorovWeightedPerfectMatchingTest" time="0"/>
  <testcase name="testGetMatching5[47]" classname="org.jgrapht.alg.matching.blossom.v5.KolmogorovWeightedPerfectMatchingTest" time="0.001"/>
  <testcase name="testGetMatching6[47]" classname="org.jgrapht.alg.matching.blossom.v5.KolmogorovWeightedPerfectMatchingTest" time="0.009"/>
  <testcase name="testGetMatching7[47]" classname="org.jgrapht.alg.matching.blossom.v5.KolmogorovWeightedPerfectMatchingTest" time="0.001"/>
  <testcase name="testGetMatching8[47]" classname="org.jgrapht.alg.matching.blossom.v5.KolmogorovWeightedPerfectMatchingTest" time="0"/>
  <testcase name="testGetMatching9[47]" classname="org.jgrapht.alg.matching.blossom.v5.KolmogorovWeightedPerfectMatchingTest" time="0"/>
</testsuite>